15/02/19 - 12:53:37.542 - Context.restart - Info - Initializing context
15/02/19 - 12:53:37.545 - DataManager.initialize - Info - Initializing DataManager
15/02/19 - 12:53:37.546 - DataManager.initialize - Info - Finished DataManager initialization
15/02/19 - 12:53:37.546 - Context.restart - Info - Loading Device Pool
15/02/19 - 12:53:37.546 - DevicePool.initialize - Info - Initializing DevicePool
15/02/19 - 12:53:37.548 - DevicePool.initializeDevices - Info - Initializing: U17_Gap_RBV
15/02/19 - 12:53:37.564 - DevicePool.initializeDevices - Info - Initializing: U17_Gap_Set
15/02/19 - 12:53:37.575 - DevicePool.initializeDevices - Info - Initializing: U17_Gap_Exec
15/02/19 - 12:53:37.587 - DevicePool.initializeDevices - Info - Initializing: Diodes_Sum_Intensity
15/02/19 - 12:53:37.599 - DevicePool.initializeDevices - Info - Initializing: Filter1
15/02/19 - 12:53:37.610 - DevicePool.initializeDevices - Info - Initializing: Filter1_RBV
15/02/19 - 12:53:37.621 - DevicePool.initializeDevices - Info - Initializing: Filter2
15/02/19 - 12:53:37.633 - DevicePool.initializeDevices - Info - Initializing: Filter2_RBV
15/02/19 - 12:53:37.644 - DevicePool.initializeDevices - Info - Initializing: BPM2_Vert_Profile
15/02/19 - 12:53:37.657 - DevicePool.initializeDevices - Info - Initializing: BPM2_Profile_Size
15/02/19 - 12:53:37.706 - DevicePool.initialize - Info - Finished DevicePool initialization
15/02/19 - 12:53:37.707 - ScriptManager.<init> - Info - Initializing ScriptManager
15/02/19 - 12:53:37.713 - ScriptManager.<init> - Info - Finished ScriptManager initialization
15/02/19 - 12:53:37.972 - Context.lambda$restart$1 - Info - Executed startup script
15/02/19 - 12:53:38.058 - Context.lambda$restart$1 - Info - Executed local startup script
15/02/19 - 12:54:10.723 - Context.onCommand - Info - Eval: bpm.BPM2_Horizontal_Profile() (ui)
15/02/19 - 12:55:11.957 - Context.onCommand - Info - Eval: bpm.BPM2_Vertical_Profile() (ui)
15/02/19 - 12:55:49.390 - Context.onCommand - Info - Eval: bpm.BPM3_Horizontal_Profile() (ui)
15/02/19 - 12:55:59.983 - Context.onCommand - Info - Eval:  (ui)
15/02/19 - 12:56:00.110 - Context.onCommand - Info - Eval:  (ui)
15/02/19 - 13:09:06.313 - Context.onCommand - Info - Eval: bpm.BPM2_Vertical_Profile() (ui)
15/02/19 - 13:12:59.454 - Context.onCommand - Info - Restart (ui)
