12/03/19 - 16:16:48.002 - Context.restart - Info - Initializing context
12/03/19 - 16:16:48.003 - DataManager.initialize - Info - Initializing DataManager
12/03/19 - 16:16:48.004 - DataManager.initialize - Info - Finished DataManager initialization
12/03/19 - 16:16:48.005 - Context.restart - Info - Loading Device Pool
12/03/19 - 16:16:48.005 - DevicePool.initialize - Info - Initializing DevicePool
12/03/19 - 16:16:48.016 - DevicePool.initializeDevices - Info - Initializing: IZero_Profile
12/03/19 - 16:16:48.055 - DevicePool.initializeDevices - Info - Initializing: U17_Gap_RBV
12/03/19 - 16:16:48.068 - DevicePool.initializeDevices - Info - Initializing: U17_Gap_Set
12/03/19 - 16:16:48.081 - DevicePool.initializeDevices - Info - Initializing: U17_Gap_Status
12/03/19 - 16:16:48.095 - DevicePool.initializeDevices - Info - Initializing: IZero
12/03/19 - 16:16:48.107 - DevicePool.initializeDevices - Info - Initializing: TFY_Profile
12/03/19 - 16:16:48.145 - DevicePool.initializeDevices - Info - Initializing: TFY
12/03/19 - 16:16:48.157 - DevicePool.initializeDevices - Info - Initializing: GE_AreaDet
12/03/19 - 16:16:48.319 - DevicePool.initializeDevices - Info - Initializing: GE_FrameID
12/03/19 - 16:16:48.320 - DevicePool.initializeDevices - Info - Initializing: GE_Raw_Imaging
12/03/19 - 16:16:48.320 - DevicePool.initializeDevices - Info - Initializing: GE_Raw_Array
12/03/19 - 16:16:48.322 - DevicePool.initializeDevices - Info - Initializing: GE_BG_Array
12/03/19 - 16:16:48.357 - DevicePool.initializeDevices - Info - Initializing: GE_BG_SizeY
12/03/19 - 16:16:48.360 - DevicePool.initializeDevices - Info - Initializing: GE_BG_SizeX
12/03/19 - 16:16:48.360 - DevicePool.initializeDevices - Info - Initializing: GE_ROI_Array
12/03/19 - 16:16:48.394 - DevicePool.initializeDevices - Info - Initializing: GE_ROI_SizeY
12/03/19 - 16:16:48.405 - DevicePool.initializeDevices - Info - Initializing: GE_ROI_SizeX
12/03/19 - 16:16:48.417 - DevicePool.initializeDevices - Info - Initializing: GE_ROI_Line
12/03/19 - 16:16:48.429 - DevicePool.initializeDevices - Info - Initializing: GE_Spectrum
12/03/19 - 16:16:48.470 - DevicePool.initializeDevices - Info - Initializing: GE_Spectrum_Sum
12/03/19 - 16:16:48.533 - DevicePool.initializeDevices - Info - Initializing: GE_Spectrum_Conv
12/03/19 - 16:16:48.552 - DevicePool.initializeDevices - Info - Initializing: GE_Sensor_Temp
12/03/19 - 16:16:48.563 - DevicePool.initializeDevices - Info - Initializing: Scan_Progress
12/03/19 - 16:16:48.574 - DevicePool.initializeDevices - Info - Initializing: Press_Diag_PV
12/03/19 - 16:16:48.586 - DevicePool.initializeDevices - Info - Initializing: Press_Diag_HV
12/03/19 - 16:16:48.597 - DevicePool.initializeDevices - Info - Initializing: Press_Spec_PV
12/03/19 - 16:16:48.609 - DevicePool.initializeDevices - Info - Initializing: Press_Spec_HV
12/03/19 - 16:16:48.621 - DevicePool.initializeDevices - Info - Initializing: Press_Sample_Ch
12/03/19 - 16:16:48.633 - DevicePool.initializeDevices - Info - Initializing: Diodes_Sum_Intensity
12/03/19 - 16:16:48.634 - DevicePool.initializeDevices - Info - Initializing: VH_Diode
12/03/19 - 16:16:48.635 - DevicePool.initializeDevices - Info - Initializing: SEC_el_x
12/03/19 - 16:16:48.727 - DevicePool.initializeDevices - Info - Initializing: SEC_el_y
12/03/19 - 16:16:48.813 - DevicePool.initializeDevices - Info - Initializing: SEC_el_y_Enc
12/03/19 - 16:16:48.813 - DevicePool.initializeDevices - Info - Initializing: SEC_el_x_Enc
12/03/19 - 16:16:48.813 - DevicePool.initializeDevices - Info - Initializing: Diode_1
12/03/19 - 16:16:48.824 - DevicePool.initializeDevices - Info - Initializing: Diode_2
12/03/19 - 16:16:48.835 - DevicePool.initializeDevices - Info - Initializing: Diode_3
12/03/19 - 16:16:48.846 - DevicePool.initializeDevices - Info - Initializing: Diode_4
12/03/19 - 16:16:48.857 - DevicePool.initializeDevices - Info - Initializing: Filter1
12/03/19 - 16:16:48.943 - DevicePool.initializeDevices - Info - Initializing: Filter2
12/03/19 - 16:16:49.030 - DevicePool.initializeDevices - Info - Initializing: BPM2_Vert_Profile
12/03/19 - 16:16:49.041 - DevicePool.initializeDevices - Info - Initializing: BPM2_Profile_Size
12/03/19 - 16:16:49.051 - DevicePool.initializeDevices - Info - Initializing: ring_current
12/03/19 - 16:16:49.063 - DevicePool.initializeDevices - Info - Initializing: AUX_countdown
12/03/19 - 16:16:49.075 - DevicePool.initializeDevices - Info - Initializing: AUX_status
12/03/19 - 16:16:49.487 - DevicePool.initialize - Info - Finished DevicePool initialization
12/03/19 - 16:16:49.488 - ScriptManager.<init> - Info - Initializing ScriptManager
12/03/19 - 16:16:49.490 - ScriptManager.<init> - Info - Finished ScriptManager initialization
12/03/19 - 16:16:49.848 - Context.lambda$restart$1 - Info - Executed startup script
12/03/19 - 16:16:50.022 - DevicePool.addDevice - Info - Adding device: GE_BG_Image
12/03/19 - 16:16:50.023 - DevicePool.addDevice - Info - Adding device: GE_ROI_Image
12/03/19 - 16:16:50.023 - DevicePool.addDevice - Info - Adding device: GE_Raw_Image
12/03/19 - 16:16:51.071 - Context.lambda$restart$1 - Info - Executed local startup script
12/03/19 - 16:21:43.953 - Context.onCommand - Info - Eval: SEC_el_y.move(0.0) (ui)
12/03/19 - 16:22:18.290 - Context.onCommand - Info - Eval: SEC_el_y.setSpeed(0.1) (ui)
12/03/19 - 16:22:41.810 - Context.onCommand - Info - Eval: SEC_el_y.setSpeed(10000.0) (ui)
12/03/19 - 16:23:01.947 - Context.onCommand - Info - Eval: SEC_el_y.move(1000.0) (ui)
12/03/19 - 16:27:00.378 - Context.onCommand - Info - Save Device Config: SEC_el_y (ui)
12/03/19 - 16:27:13.362 - Context.onCommand - Info - Save Device Config: SEC_el_x (ui)
12/03/19 - 16:27:25.880 - Context.onCommand - Info - Eval: SEC_el_y.setSpeed(100.0) (ui)
12/03/19 - 16:27:34.457 - Context.onCommand - Info - Eval: SEC_el_y.move(0.0) (ui)
12/03/19 - 16:28:56.353 - Context.onCommand - Info - Run: demo.py (ui)
12/03/19 - 16:29:22.634 - Context.onCommand - Info - Run: demo.py (ui)
12/03/19 - 16:30:20.753 - Context.onCommand - Info - Run: demo.py (ui)
12/03/19 - 16:31:36.271 - Context.onCommand - Info - Eval: SEC_el_y.takeStatus() (ui)
12/03/19 - 16:32:01.438 - Context.onCommand - Info - Eval: SEC_el_y.getDoneChannel() (ui)
12/03/19 - 16:33:08.257 - Context.onCommand - Info - Eval: SEC_el_y.takeStatus() (ui)
12/03/19 - 16:33:14.953 - Context.onCommand - Info - Eval: SEC_el_y.takeStatus() (ui)
12/03/19 - 16:33:16.376 - Context.onCommand - Info - Eval: SEC_el_y.takeStatus() (ui)
12/03/19 - 16:33:43.289 - Context.onCommand - Info - Eval: SEC_el_y.waitReady(120000) (ui)
12/03/19 - 16:33:50.537 - Context.onCommand - Info - Eval:  (ui)
12/03/19 - 16:33:51.882 - Context.onCommand - Info - Eval: SEC_el_y.waitReady(120000) (ui)
12/03/19 - 16:34:14.208 - Context.onCommand - Info - Run: demo.py (ui)
12/03/19 - 16:35:25.660 - Context.onCommand - Info - Eval: help(cscan) (ui)
12/03/19 - 16:37:08.429 - Context.onCommand - Info - Restart (ui)
