14/02/19 - 18:16:58.668 - Context.restart - Info - Initializing context
14/02/19 - 18:16:58.669 - DataManager.initialize - Info - Initializing DataManager
14/02/19 - 18:16:58.673 - DataManager.initialize - Info - Finished DataManager initialization
14/02/19 - 18:16:58.674 - Context.restart - Info - Loading Device Pool
14/02/19 - 18:16:58.674 - DevicePool.initialize - Info - Initializing DevicePool
14/02/19 - 18:16:58.677 - DevicePool.initializeDevices - Info - Initializing: U17_Gap_RBV
14/02/19 - 18:16:58.698 - DevicePool.initializeDevices - Info - Initializing: U17_Gap_Set
14/02/19 - 18:16:58.710 - DevicePool.initializeDevices - Info - Initializing: U17_Gap_Exec
14/02/19 - 18:16:58.722 - DevicePool.initializeDevices - Info - Initializing: Diodes_Sum_Intensity
14/02/19 - 18:16:58.735 - DevicePool.initializeDevices - Info - Initializing: Filter1
14/02/19 - 18:16:58.747 - DevicePool.initializeDevices - Info - Initializing: Filter1_RBV
14/02/19 - 18:16:58.759 - DevicePool.initializeDevices - Info - Initializing: Filter2
14/02/19 - 18:16:58.770 - DevicePool.initializeDevices - Info - Initializing: Filter2_RBV
14/02/19 - 18:16:58.780 - DevicePool.initializeDevices - Info - Initializing: BPM2_Vert_Profile
14/02/19 - 18:16:58.793 - DevicePool.initializeDevices - Info - Initializing: BPM2_Profile_Size
14/02/19 - 18:16:58.853 - DevicePool.initialize - Info - Finished DevicePool initialization
14/02/19 - 18:16:58.857 - ScriptManager.<init> - Info - Initializing ScriptManager
14/02/19 - 18:16:58.864 - ScriptManager.<init> - Info - Finished ScriptManager initialization
14/02/19 - 18:16:59.419 - Context.lambda$restart$1 - Info - Executed startup script
14/02/19 - 18:16:59.519 - Context.lambda$restart$1 - Info - Executed local startup script
14/02/19 - 18:17:09.490 - Context.onCommand - Info - Eval: bpm.BPM3_Vertical_Profile() (ui)
14/02/19 - 18:17:41.101 - Context.onCommand - Info - Restart (ui)
