15/01/19 - 15:07:57.811 - Context.<init> - Info - Process: 5579@pink-shuttle02
15/01/19 - 15:07:57.813 - Context.<init> - Info - Context: unknown
15/01/19 - 15:07:57.813 - Context.<init> - Info - Pars: /home/epics/PShell/pshell-1.10.0-fat.jar -home=/home/epics/PShell/pshellcontrol/home -dlaf
15/01/19 - 15:07:57.814 - Context.<init> - Info - User: epics
15/01/19 - 15:07:57.814 - Context.<init> - Info - Host: pink-shuttle02
15/01/19 - 15:07:57.835 - PluginManager.loadExtensionsFolder - Info - Loading extensions folder
15/01/19 - 15:07:57.836 - DataManager.initialize - Info - Initializing DataManager
15/01/19 - 15:07:57.845 - DataManager.setProvider - Info - Setting data provider: ch.psi.pshell.data.ProviderHDF5
15/01/19 - 15:07:57.848 - DataManager.setLayout - Info - Setting data layout: ch.psi.pshell.data.LayoutDefault
15/01/19 - 15:07:57.849 - DataManager.initialize - Info - Finished DataManager initialization
15/01/19 - 15:07:57.850 - App.startup - Info - Version: 1.10-SNAPSHOT (build 1812200927-py)
15/01/19 - 15:07:57.851 - App.startup - Info - Create workbench
15/01/19 - 15:07:58.785 - View.restorePreferences - Info - java.nio.file.NoSuchFileException: /home/nilson/PShell/home/script/testfpy.py
Stack trace:
java.nio.file.NoSuchFileException: /home/nilson/PShell/home/script/testfpy.py
	at sun.nio.fs.UnixException.translateToIOException(UnixException.java:86)
	at sun.nio.fs.UnixException.rethrowAsIOException(UnixException.java:102)
	at sun.nio.fs.UnixException.rethrowAsIOException(UnixException.java:107)
	at sun.nio.fs.UnixFileSystemProvider.newByteChannel(UnixFileSystemProvider.java:214)
	at java.nio.file.Files.newByteChannel(Files.java:361)
	at java.nio.file.Files.newByteChannel(Files.java:407)
	at java.nio.file.Files.readAllBytes(Files.java:3152)
	at ch.psi.utils.swing.TextEditor$TextDocument.load(TextEditor.java:113)
	at ch.psi.utils.swing.Editor.load(Editor.java:135)
	at ch.psi.pshell.swing.ScriptEditor.load(ScriptEditor.java:230)
	at ch.psi.pshell.ui.View.newScriptEditor(View.java:1208)
	at ch.psi.pshell.ui.View.openScript(View.java:1245)
	at ch.psi.pshell.ui.View.openScriptOrProcessor(View.java:1344)
	at ch.psi.pshell.ui.View.restorePreferences(View.java:1516)
	at ch.psi.pshell.ui.View.onCreate(View.java:349)
	at ch.psi.utils.swing.MainFrame.setVisible(MainFrame.java:159)
	at ch.psi.pshell.ui.App.startup(App.java:848)
	at ch.psi.pshell.ui.App.lambda$start$1(App.java:1370)
	at java.awt.event.InvocationEvent.dispatch(InvocationEvent.java:301)
	at java.awt.EventQueue.dispatchEventImpl(EventQueue.java:758)
	at java.awt.EventQueue.access$500(EventQueue.java:97)
	at java.awt.EventQueue$3.run(EventQueue.java:709)
	at java.awt.EventQueue$3.run(EventQueue.java:703)
	at java.security.AccessController.doPrivileged(Native Method)
	at java.security.ProtectionDomain$JavaSecurityAccessImpl.doIntersectionPrivilege(ProtectionDomain.java:74)
	at java.awt.EventQueue.dispatchEvent(EventQueue.java:728)
	at java.awt.EventDispatchThread.pumpOneEventForFilters(EventDispatchThread.java:205)
	at java.awt.EventDispatchThread.pumpEventsForFilter(EventDispatchThread.java:116)
	at java.awt.EventDispatchThread.pumpEventsForHierarchy(EventDispatchThread.java:105)
	at java.awt.EventDispatchThread.pumpEvents(EventDispatchThread.java:101)
	at java.awt.EventDispatchThread.pumpEvents(EventDispatchThread.java:93)
	at java.awt.EventDispatchThread.run(EventDispatchThread.java:82)

15/01/19 - 15:07:58.836 - View.restorePreferences - Info - java.nio.file.NoSuchFileException: /home/nilson/PShell/home/script/wrapper.py
Stack trace:
java.nio.file.NoSuchFileException: /home/nilson/PShell/home/script/wrapper.py
	at sun.nio.fs.UnixException.translateToIOException(UnixException.java:86)
	at sun.nio.fs.UnixException.rethrowAsIOException(UnixException.java:102)
	at sun.nio.fs.UnixException.rethrowAsIOException(UnixException.java:107)
	at sun.nio.fs.UnixFileSystemProvider.newByteChannel(UnixFileSystemProvider.java:214)
	at java.nio.file.Files.newByteChannel(Files.java:361)
	at java.nio.file.Files.newByteChannel(Files.java:407)
	at java.nio.file.Files.readAllBytes(Files.java:3152)
	at ch.psi.utils.swing.TextEditor$TextDocument.load(TextEditor.java:113)
	at ch.psi.utils.swing.Editor.load(Editor.java:135)
	at ch.psi.pshell.swing.ScriptEditor.load(ScriptEditor.java:230)
	at ch.psi.pshell.ui.View.newScriptEditor(View.java:1208)
	at ch.psi.pshell.ui.View.openScript(View.java:1245)
	at ch.psi.pshell.ui.View.openScriptOrProcessor(View.java:1344)
	at ch.psi.pshell.ui.View.restorePreferences(View.java:1516)
	at ch.psi.pshell.ui.View.onCreate(View.java:349)
	at ch.psi.utils.swing.MainFrame.setVisible(MainFrame.java:159)
	at ch.psi.pshell.ui.App.startup(App.java:848)
	at ch.psi.pshell.ui.App.lambda$start$1(App.java:1370)
	at java.awt.event.InvocationEvent.dispatch(InvocationEvent.java:301)
	at java.awt.EventQueue.dispatchEventImpl(EventQueue.java:758)
	at java.awt.EventQueue.access$500(EventQueue.java:97)
	at java.awt.EventQueue$3.run(EventQueue.java:709)
	at java.awt.EventQueue$3.run(EventQueue.java:703)
	at java.security.AccessController.doPrivileged(Native Method)
	at java.security.ProtectionDomain$JavaSecurityAccessImpl.doIntersectionPrivilege(ProtectionDomain.java:74)
	at java.awt.EventQueue.dispatchEvent(EventQueue.java:728)
	at java.awt.EventDispatchThread.pumpOneEventForFilters(EventDispatchThread.java:205)
	at java.awt.EventDispatchThread.pumpEventsForFilter(EventDispatchThread.java:116)
	at java.awt.EventDispatchThread.pumpEventsForHierarchy(EventDispatchThread.java:105)
	at java.awt.EventDispatchThread.pumpEvents(EventDispatchThread.java:101)
	at java.awt.EventDispatchThread.pumpEvents(EventDispatchThread.java:93)
	at java.awt.EventDispatchThread.run(EventDispatchThread.java:82)

15/01/19 - 15:07:58.881 - View.restorePreferences - Info - java.nio.file.NoSuchFileException: /home/nilson/PShell/home/script/testf.py
Stack trace:
java.nio.file.NoSuchFileException: /home/nilson/PShell/home/script/testf.py
	at sun.nio.fs.UnixException.translateToIOException(UnixException.java:86)
	at sun.nio.fs.UnixException.rethrowAsIOException(UnixException.java:102)
	at sun.nio.fs.UnixException.rethrowAsIOException(UnixException.java:107)
	at sun.nio.fs.UnixFileSystemProvider.newByteChannel(UnixFileSystemProvider.java:214)
	at java.nio.file.Files.newByteChannel(Files.java:361)
	at java.nio.file.Files.newByteChannel(Files.java:407)
	at java.nio.file.Files.readAllBytes(Files.java:3152)
	at ch.psi.utils.swing.TextEditor$TextDocument.load(TextEditor.java:113)
	at ch.psi.utils.swing.Editor.load(Editor.java:135)
	at ch.psi.pshell.swing.ScriptEditor.load(ScriptEditor.java:230)
	at ch.psi.pshell.ui.View.newScriptEditor(View.java:1208)
	at ch.psi.pshell.ui.View.openScript(View.java:1245)
	at ch.psi.pshell.ui.View.openScriptOrProcessor(View.java:1344)
	at ch.psi.pshell.ui.View.restorePreferences(View.java:1516)
	at ch.psi.pshell.ui.View.onCreate(View.java:349)
	at ch.psi.utils.swing.MainFrame.setVisible(MainFrame.java:159)
	at ch.psi.pshell.ui.App.startup(App.java:848)
	at ch.psi.pshell.ui.App.lambda$start$1(App.java:1370)
	at java.awt.event.InvocationEvent.dispatch(InvocationEvent.java:301)
	at java.awt.EventQueue.dispatchEventImpl(EventQueue.java:758)
	at java.awt.EventQueue.access$500(EventQueue.java:97)
	at java.awt.EventQueue$3.run(EventQueue.java:709)
	at java.awt.EventQueue$3.run(EventQueue.java:703)
	at java.security.AccessController.doPrivileged(Native Method)
	at java.security.ProtectionDomain$JavaSecurityAccessImpl.doIntersectionPrivilege(ProtectionDomain.java:74)
	at java.awt.EventQueue.dispatchEvent(EventQueue.java:728)
	at java.awt.EventDispatchThread.pumpOneEventForFilters(EventDispatchThread.java:205)
	at java.awt.EventDispatchThread.pumpEventsForFilter(EventDispatchThread.java:116)
	at java.awt.EventDispatchThread.pumpEventsForHierarchy(EventDispatchThread.java:105)
	at java.awt.EventDispatchThread.pumpEvents(EventDispatchThread.java:101)
	at java.awt.EventDispatchThread.pumpEvents(EventDispatchThread.java:93)
	at java.awt.EventDispatchThread.run(EventDispatchThread.java:82)

15/01/19 - 15:07:58.925 - View.restorePreferences - Info - java.nio.file.NoSuchFileException: /home/nilson/PShell/home/script/pp2.py
Stack trace:
java.nio.file.NoSuchFileException: /home/nilson/PShell/home/script/pp2.py
	at sun.nio.fs.UnixException.translateToIOException(UnixException.java:86)
	at sun.nio.fs.UnixException.rethrowAsIOException(UnixException.java:102)
	at sun.nio.fs.UnixException.rethrowAsIOException(UnixException.java:107)
	at sun.nio.fs.UnixFileSystemProvider.newByteChannel(UnixFileSystemProvider.java:214)
	at java.nio.file.Files.newByteChannel(Files.java:361)
	at java.nio.file.Files.newByteChannel(Files.java:407)
	at java.nio.file.Files.readAllBytes(Files.java:3152)
	at ch.psi.utils.swing.TextEditor$TextDocument.load(TextEditor.java:113)
	at ch.psi.utils.swing.Editor.load(Editor.java:135)
	at ch.psi.pshell.swing.ScriptEditor.load(ScriptEditor.java:230)
	at ch.psi.pshell.ui.View.newScriptEditor(View.java:1208)
	at ch.psi.pshell.ui.View.openScript(View.java:1245)
	at ch.psi.pshell.ui.View.openScriptOrProcessor(View.java:1344)
	at ch.psi.pshell.ui.View.restorePreferences(View.java:1516)
	at ch.psi.pshell.ui.View.onCreate(View.java:349)
	at ch.psi.utils.swing.MainFrame.setVisible(MainFrame.java:159)
	at ch.psi.pshell.ui.App.startup(App.java:848)
	at ch.psi.pshell.ui.App.lambda$start$1(App.java:1370)
	at java.awt.event.InvocationEvent.dispatch(InvocationEvent.java:301)
	at java.awt.EventQueue.dispatchEventImpl(EventQueue.java:758)
	at java.awt.EventQueue.access$500(EventQueue.java:97)
	at java.awt.EventQueue$3.run(EventQueue.java:709)
	at java.awt.EventQueue$3.run(EventQueue.java:703)
	at java.security.AccessController.doPrivileged(Native Method)
	at java.security.ProtectionDomain$JavaSecurityAccessImpl.doIntersectionPrivilege(ProtectionDomain.java:74)
	at java.awt.EventQueue.dispatchEvent(EventQueue.java:728)
	at java.awt.EventDispatchThread.pumpOneEventForFilters(EventDispatchThread.java:205)
	at java.awt.EventDispatchThread.pumpEventsForFilter(EventDispatchThread.java:116)
	at java.awt.EventDispatchThread.pumpEventsForHierarchy(EventDispatchThread.java:105)
	at java.awt.EventDispatchThread.pumpEvents(EventDispatchThread.java:101)
	at java.awt.EventDispatchThread.pumpEvents(EventDispatchThread.java:93)
	at java.awt.EventDispatchThread.run(EventDispatchThread.java:82)

15/01/19 - 15:07:58.966 - View.restorePreferences - Info - java.nio.file.NoSuchFileException: /home/nilson/PShell/home/script/local.py
Stack trace:
java.nio.file.NoSuchFileException: /home/nilson/PShell/home/script/local.py
	at sun.nio.fs.UnixException.translateToIOException(UnixException.java:86)
	at sun.nio.fs.UnixException.rethrowAsIOException(UnixException.java:102)
	at sun.nio.fs.UnixException.rethrowAsIOException(UnixException.java:107)
	at sun.nio.fs.UnixFileSystemProvider.newByteChannel(UnixFileSystemProvider.java:214)
	at java.nio.file.Files.newByteChannel(Files.java:361)
	at java.nio.file.Files.newByteChannel(Files.java:407)
	at java.nio.file.Files.readAllBytes(Files.java:3152)
	at ch.psi.utils.swing.TextEditor$TextDocument.load(TextEditor.java:113)
	at ch.psi.utils.swing.Editor.load(Editor.java:135)
	at ch.psi.pshell.swing.ScriptEditor.load(ScriptEditor.java:230)
	at ch.psi.pshell.ui.View.newScriptEditor(View.java:1208)
	at ch.psi.pshell.ui.View.openScript(View.java:1245)
	at ch.psi.pshell.ui.View.openScriptOrProcessor(View.java:1344)
	at ch.psi.pshell.ui.View.restorePreferences(View.java:1516)
	at ch.psi.pshell.ui.View.onCreate(View.java:349)
	at ch.psi.utils.swing.MainFrame.setVisible(MainFrame.java:159)
	at ch.psi.pshell.ui.App.startup(App.java:848)
	at ch.psi.pshell.ui.App.lambda$start$1(App.java:1370)
	at java.awt.event.InvocationEvent.dispatch(InvocationEvent.java:301)
	at java.awt.EventQueue.dispatchEventImpl(EventQueue.java:758)
	at java.awt.EventQueue.access$500(EventQueue.java:97)
	at java.awt.EventQueue$3.run(EventQueue.java:709)
	at java.awt.EventQueue$3.run(EventQueue.java:703)
	at java.security.AccessController.doPrivileged(Native Method)
	at java.security.ProtectionDomain$JavaSecurityAccessImpl.doIntersectionPrivilege(ProtectionDomain.java:74)
	at java.awt.EventQueue.dispatchEvent(EventQueue.java:728)
	at java.awt.EventDispatchThread.pumpOneEventForFilters(EventDispatchThread.java:205)
	at java.awt.EventDispatchThread.pumpEventsForFilter(EventDispatchThread.java:116)
	at java.awt.EventDispatchThread.pumpEventsForHierarchy(EventDispatchThread.java:105)
	at java.awt.EventDispatchThread.pumpEvents(EventDispatchThread.java:101)
	at java.awt.EventDispatchThread.pumpEvents(EventDispatchThread.java:93)
	at java.awt.EventDispatchThread.run(EventDispatchThread.java:82)

15/01/19 - 15:07:59.006 - View.restorePreferences - Info - java.nio.file.NoSuchFileException: /home/nilson/PShell/home/script/pp1.py
Stack trace:
java.nio.file.NoSuchFileException: /home/nilson/PShell/home/script/pp1.py
	at sun.nio.fs.UnixException.translateToIOException(UnixException.java:86)
	at sun.nio.fs.UnixException.rethrowAsIOException(UnixException.java:102)
	at sun.nio.fs.UnixException.rethrowAsIOException(UnixException.java:107)
	at sun.nio.fs.UnixFileSystemProvider.newByteChannel(UnixFileSystemProvider.java:214)
	at java.nio.file.Files.newByteChannel(Files.java:361)
	at java.nio.file.Files.newByteChannel(Files.java:407)
	at java.nio.file.Files.readAllBytes(Files.java:3152)
	at ch.psi.utils.swing.TextEditor$TextDocument.load(TextEditor.java:113)
	at ch.psi.utils.swing.Editor.load(Editor.java:135)
	at ch.psi.pshell.swing.ScriptEditor.load(ScriptEditor.java:230)
	at ch.psi.pshell.ui.View.newScriptEditor(View.java:1208)
	at ch.psi.pshell.ui.View.openScript(View.java:1245)
	at ch.psi.pshell.ui.View.openScriptOrProcessor(View.java:1344)
	at ch.psi.pshell.ui.View.restorePreferences(View.java:1516)
	at ch.psi.pshell.ui.View.onCreate(View.java:349)
	at ch.psi.utils.swing.MainFrame.setVisible(MainFrame.java:159)
	at ch.psi.pshell.ui.App.startup(App.java:848)
	at ch.psi.pshell.ui.App.lambda$start$1(App.java:1370)
	at java.awt.event.InvocationEvent.dispatch(InvocationEvent.java:301)
	at java.awt.EventQueue.dispatchEventImpl(EventQueue.java:758)
	at java.awt.EventQueue.access$500(EventQueue.java:97)
	at java.awt.EventQueue$3.run(EventQueue.java:709)
	at java.awt.EventQueue$3.run(EventQueue.java:703)
	at java.security.AccessController.doPrivileged(Native Method)
	at java.security.ProtectionDomain$JavaSecurityAccessImpl.doIntersectionPrivilege(ProtectionDomain.java:74)
	at java.awt.EventQueue.dispatchEvent(EventQueue.java:728)
	at java.awt.EventDispatchThread.pumpOneEventForFilters(EventDispatchThread.java:205)
	at java.awt.EventDispatchThread.pumpEventsForFilter(EventDispatchThread.java:116)
	at java.awt.EventDispatchThread.pumpEventsForHierarchy(EventDispatchThread.java:105)
	at java.awt.EventDispatchThread.pumpEvents(EventDispatchThread.java:101)
	at java.awt.EventDispatchThread.pumpEvents(EventDispatchThread.java:93)
	at java.awt.EventDispatchThread.run(EventDispatchThread.java:82)

15/01/19 - 15:07:59.044 - View.restorePreferences - Info - java.nio.file.NoSuchFileException: /home/nilson/PShell/home/script/test_jep.py
Stack trace:
java.nio.file.NoSuchFileException: /home/nilson/PShell/home/script/test_jep.py
	at sun.nio.fs.UnixException.translateToIOException(UnixException.java:86)
	at sun.nio.fs.UnixException.rethrowAsIOException(UnixException.java:102)
	at sun.nio.fs.UnixException.rethrowAsIOException(UnixException.java:107)
	at sun.nio.fs.UnixFileSystemProvider.newByteChannel(UnixFileSystemProvider.java:214)
	at java.nio.file.Files.newByteChannel(Files.java:361)
	at java.nio.file.Files.newByteChannel(Files.java:407)
	at java.nio.file.Files.readAllBytes(Files.java:3152)
	at ch.psi.utils.swing.TextEditor$TextDocument.load(TextEditor.java:113)
	at ch.psi.utils.swing.Editor.load(Editor.java:135)
	at ch.psi.pshell.swing.ScriptEditor.load(ScriptEditor.java:230)
	at ch.psi.pshell.ui.View.newScriptEditor(View.java:1208)
	at ch.psi.pshell.ui.View.openScript(View.java:1245)
	at ch.psi.pshell.ui.View.openScriptOrProcessor(View.java:1344)
	at ch.psi.pshell.ui.View.restorePreferences(View.java:1516)
	at ch.psi.pshell.ui.View.onCreate(View.java:349)
	at ch.psi.utils.swing.MainFrame.setVisible(MainFrame.java:159)
	at ch.psi.pshell.ui.App.startup(App.java:848)
	at ch.psi.pshell.ui.App.lambda$start$1(App.java:1370)
	at java.awt.event.InvocationEvent.dispatch(InvocationEvent.java:301)
	at java.awt.EventQueue.dispatchEventImpl(EventQueue.java:758)
	at java.awt.EventQueue.access$500(EventQueue.java:97)
	at java.awt.EventQueue$3.run(EventQueue.java:709)
	at java.awt.EventQueue$3.run(EventQueue.java:703)
	at java.security.AccessController.doPrivileged(Native Method)
	at java.security.ProtectionDomain$JavaSecurityAccessImpl.doIntersectionPrivilege(ProtectionDomain.java:74)
	at java.awt.EventQueue.dispatchEvent(EventQueue.java:728)
	at java.awt.EventDispatchThread.pumpOneEventForFilters(EventDispatchThread.java:205)
	at java.awt.EventDispatchThread.pumpEventsForFilter(EventDispatchThread.java:116)
	at java.awt.EventDispatchThread.pumpEventsForHierarchy(EventDispatchThread.java:105)
	at java.awt.EventDispatchThread.pumpEvents(EventDispatchThread.java:101)
	at java.awt.EventDispatchThread.pumpEvents(EventDispatchThread.java:93)
	at java.awt.EventDispatchThread.run(EventDispatchThread.java:82)

15/01/19 - 15:07:59.113 - PluginManager.loadPluginFolder - Info - Loading plugins folder
15/01/19 - 15:07:59.125 - PluginManager.loadPlugin - Info - Load plugin: /home/epics/PShell/pshellcontrol/home/plugins/pp3.java
15/01/19 - 15:07:59.125 - PluginManager.loadJavaFile - Info - Compiling class file: /home/epics/PShell/pshellcontrol/home/plugins/pp3.java
15/01/19 - 15:07:59.132 - PluginManager.loadPlugin - Warning - Error loading plugin: /home/epics/PShell/pshellcontrol/home/plugins/pp3.java - Java compiler is not present
15/01/19 - 15:07:59.135 - PluginManager.startPlugins - Info - Start plugins
15/01/19 - 15:07:59.137 - Context.onCommand - Info - Restart (ui)
15/01/19 - 15:07:59.155 - Context.restart - Info - Initializing context
15/01/19 - 15:07:59.161 - Context.onUserChange - Info - User: Default [administrator] *
15/01/19 - 15:07:59.168 - Context.restart - Info - Loading Device Pool
15/01/19 - 15:07:59.168 - DevicePool.initialize - Info - Initializing DevicePool
15/01/19 - 15:07:59.257 - ScriptManager.<init> - Info - Initializing ScriptManager
15/01/19 - 15:07:59.813 - ScriptManager.<init> - Info - Finished ScriptManager initialization
15/01/19 - 15:08:02.737 - Context.lambda$restart$1 - Info - Executed startup script
15/01/19 - 15:08:02.742 - Context.lambda$restart$1 - Info - Executed local startup script
15/01/19 - 15:09:25.536 - Context.onCommand - Info - Eval: lkl (ui)
15/01/19 - 15:09:52.402 - App.exit - Info - Aplication exit command by: MainFrame
15/01/19 - 15:09:52.429 - Context.close - Info - Close
15/01/19 - 15:09:52.432 - PluginManager.stopPlugins - Info - Stop plugins
15/01/19 - 15:09:52.466 - App.end - Info - Finished
