06/03/19 - 09:38:25.908 - Context.restart - Info - Initializing context
06/03/19 - 09:38:25.909 - DataManager.initialize - Info - Initializing DataManager
06/03/19 - 09:38:25.910 - DataManager.initialize - Info - Finished DataManager initialization
06/03/19 - 09:38:25.911 - Context.restart - Info - Loading Device Pool
06/03/19 - 09:38:25.911 - DevicePool.initialize - Info - Initializing DevicePool
06/03/19 - 09:38:25.915 - DevicePool.initializeDevices - Info - Initializing: IZero_Profile
06/03/19 - 09:38:25.990 - DevicePool.initializeDevices - Info - Initializing: U17_Gap_RBV
06/03/19 - 09:38:26.002 - DevicePool.initializeDevices - Info - Initializing: U17_Gap_Set
06/03/19 - 09:38:26.014 - DevicePool.initializeDevices - Info - Initializing: U17_Gap_Status
06/03/19 - 09:38:26.037 - DevicePool.initializeDevices - Info - Initializing: IZero
06/03/19 - 09:38:26.048 - DevicePool.initializeDevices - Info - Initializing: TFY_Profile
06/03/19 - 09:38:26.085 - DevicePool.initializeDevices - Info - Initializing: TFY
06/03/19 - 09:38:26.097 - DevicePool.initializeDevices - Info - Initializing: GE_AreaDet
06/03/19 - 09:38:26.277 - DevicePool.initializeDevices - Info - Initializing: GE_FrameID
06/03/19 - 09:38:26.278 - DevicePool.initializeDevices - Info - Initializing: GE_Raw_Imaging
06/03/19 - 09:38:26.278 - DevicePool.initializeDevices - Info - Initializing: GE_Raw_Array
06/03/19 - 09:38:26.279 - DevicePool.initializeDevices - Info - Initializing: GE_BG_Array
06/03/19 - 09:38:26.315 - DevicePool.initializeDevices - Info - Initializing: GE_BG_SizeY
06/03/19 - 09:38:26.315 - DevicePool.initializeDevices - Info - Initializing: GE_BG_SizeX
06/03/19 - 09:38:26.316 - DevicePool.initializeDevices - Info - Initializing: GE_ROI_Array
06/03/19 - 09:38:26.352 - DevicePool.initializeDevices - Info - Initializing: GE_ROI_SizeY
06/03/19 - 09:38:26.364 - DevicePool.initializeDevices - Info - Initializing: GE_ROI_SizeX
06/03/19 - 09:38:26.375 - DevicePool.initializeDevices - Info - Initializing: GE_ROI_Line
06/03/19 - 09:38:26.387 - DevicePool.initializeDevices - Info - Initializing: GE_Spectrum
06/03/19 - 09:38:26.422 - DevicePool.initializeDevices - Info - Initializing: GE_Spectrum_Sum
06/03/19 - 09:38:26.457 - DevicePool.initializeDevices - Info - Initializing: GE_Spectrum_Conv
06/03/19 - 09:38:26.469 - DevicePool.initializeDevices - Info - Initializing: GE_Sensor_Temp
06/03/19 - 09:38:26.481 - DevicePool.initializeDevices - Info - Initializing: Scan_Progress
06/03/19 - 09:38:26.493 - DevicePool.initializeDevices - Info - Initializing: Press_Diag_PV
06/03/19 - 09:38:26.506 - DevicePool.initializeDevices - Info - Initializing: Press_Diag_HV
06/03/19 - 09:38:26.517 - DevicePool.initializeDevices - Info - Initializing: Press_Spec_PV
06/03/19 - 09:38:26.528 - DevicePool.initializeDevices - Info - Initializing: Press_Spec_HV
06/03/19 - 09:38:26.540 - DevicePool.initializeDevices - Info - Initializing: Press_Sample_Ch
06/03/19 - 09:38:26.552 - DevicePool.initializeDevices - Info - Initializing: Diodes_Sum_Intensity
06/03/19 - 09:38:26.552 - DevicePool.initializeDevices - Info - Initializing: VH_Diode
06/03/19 - 09:38:26.552 - DevicePool.initializeDevices - Info - Initializing: Sample_Horiz
06/03/19 - 09:38:26.641 - DevicePool.initializeDevices - Info - Initializing: Sample_Vert
06/03/19 - 09:38:26.730 - DevicePool.initializeDevices - Info - Initializing: Sample_Vert_Enc
06/03/19 - 09:38:26.731 - DevicePool.initializeDevices - Info - Initializing: Sample_Horiz_Enc
06/03/19 - 09:38:26.733 - DevicePool.initializeDevices - Info - Initializing: Diode_1
06/03/19 - 09:38:26.744 - DevicePool.initializeDevices - Info - Initializing: Diode_2
06/03/19 - 09:38:26.755 - DevicePool.initializeDevices - Info - Initializing: Diode_3
06/03/19 - 09:38:26.767 - DevicePool.initializeDevices - Info - Initializing: Diode_4
06/03/19 - 09:38:26.779 - DevicePool.initializeDevices - Info - Initializing: Filter1
06/03/19 - 09:38:26.869 - DevicePool.initializeDevices - Info - Initializing: Filter2
06/03/19 - 09:38:26.960 - DevicePool.initializeDevices - Info - Initializing: BPM2_Vert_Profile
06/03/19 - 09:38:26.984 - DevicePool.initializeDevices - Info - Initializing: BPM2_Profile_Size
06/03/19 - 09:38:27.275 - DevicePool.initialize - Info - Finished DevicePool initialization
06/03/19 - 09:38:27.278 - ScriptManager.<init> - Info - Initializing ScriptManager
06/03/19 - 09:38:27.286 - ScriptManager.<init> - Info - Finished ScriptManager initialization
06/03/19 - 09:38:27.543 - Context.lambda$restart$1 - Info - Executed startup script
06/03/19 - 09:38:27.673 - DevicePool.addDevice - Info - Adding device: GE_BG_Image
06/03/19 - 09:38:27.673 - DevicePool.addDevice - Info - Adding device: GE_ROI_Image
06/03/19 - 09:38:27.673 - DevicePool.addDevice - Info - Adding device: GE_Raw_Image
06/03/19 - 09:38:27.673 - Context.lambda$restart$1 - Info - Executed local startup script
06/03/19 - 09:38:35.005 - Context.onCommand - Info - Eval: pink.ge_spot(exposure=1, images=1) (ui)
06/03/19 - 09:39:47.366 - Context.onCommand - Info - Restart (ui)
