06/03/19 - 16:19:21.869 - Context.restart - Info - Initializing context
06/03/19 - 16:19:21.871 - DataManager.initialize - Info - Initializing DataManager
06/03/19 - 16:19:21.872 - DataManager.initialize - Info - Finished DataManager initialization
06/03/19 - 16:19:21.873 - Context.restart - Info - Loading Device Pool
06/03/19 - 16:19:21.873 - DevicePool.initialize - Info - Initializing DevicePool
06/03/19 - 16:19:21.878 - DevicePool.initializeDevices - Info - Initializing: IZero_Profile
06/03/19 - 16:19:21.914 - DevicePool.initializeDevices - Info - Initializing: U17_Gap_RBV
06/03/19 - 16:19:21.928 - DevicePool.initializeDevices - Info - Initializing: U17_Gap_Set
06/03/19 - 16:19:21.939 - DevicePool.initializeDevices - Info - Initializing: U17_Gap_Status
06/03/19 - 16:19:21.961 - DevicePool.initializeDevices - Info - Initializing: IZero
06/03/19 - 16:19:21.972 - DevicePool.initializeDevices - Info - Initializing: TFY_Profile
06/03/19 - 16:19:22.007 - DevicePool.initializeDevices - Info - Initializing: TFY
06/03/19 - 16:19:22.019 - DevicePool.initializeDevices - Info - Initializing: GE_AreaDet
06/03/19 - 16:19:22.164 - DevicePool.initializeDevices - Info - Initializing: GE_FrameID
06/03/19 - 16:19:22.165 - DevicePool.initializeDevices - Info - Initializing: GE_Raw_Imaging
06/03/19 - 16:19:22.165 - DevicePool.initializeDevices - Info - Initializing: GE_Raw_Array
06/03/19 - 16:19:22.166 - DevicePool.initializeDevices - Info - Initializing: GE_BG_Array
06/03/19 - 16:19:22.201 - DevicePool.initializeDevices - Info - Initializing: GE_BG_SizeY
06/03/19 - 16:19:22.202 - DevicePool.initializeDevices - Info - Initializing: GE_BG_SizeX
06/03/19 - 16:19:22.202 - DevicePool.initializeDevices - Info - Initializing: GE_ROI_Array
06/03/19 - 16:19:22.237 - DevicePool.initializeDevices - Info - Initializing: GE_ROI_SizeY
06/03/19 - 16:19:22.250 - DevicePool.initializeDevices - Info - Initializing: GE_ROI_SizeX
06/03/19 - 16:19:22.261 - DevicePool.initializeDevices - Info - Initializing: GE_ROI_Line
06/03/19 - 16:19:22.273 - DevicePool.initializeDevices - Info - Initializing: GE_Spectrum
06/03/19 - 16:19:22.305 - DevicePool.initializeDevices - Info - Initializing: GE_Spectrum_Sum
06/03/19 - 16:19:22.355 - DevicePool.initializeDevices - Info - Initializing: GE_Spectrum_Conv
06/03/19 - 16:19:22.374 - DevicePool.initializeDevices - Info - Initializing: GE_Sensor_Temp
06/03/19 - 16:19:22.396 - DevicePool.initializeDevices - Info - Initializing: Scan_Progress
06/03/19 - 16:19:22.416 - DevicePool.initializeDevices - Info - Initializing: Press_Diag_PV
06/03/19 - 16:19:22.429 - DevicePool.initializeDevices - Info - Initializing: Press_Diag_HV
06/03/19 - 16:19:22.440 - DevicePool.initializeDevices - Info - Initializing: Press_Spec_PV
06/03/19 - 16:19:22.453 - DevicePool.initializeDevices - Info - Initializing: Press_Spec_HV
06/03/19 - 16:19:22.464 - DevicePool.initializeDevices - Info - Initializing: Press_Sample_Ch
06/03/19 - 16:19:22.475 - DevicePool.initializeDevices - Info - Initializing: Diodes_Sum_Intensity
06/03/19 - 16:19:22.475 - DevicePool.initializeDevices - Info - Initializing: VH_Diode
06/03/19 - 16:19:22.476 - DevicePool.initializeDevices - Info - Initializing: SEC_el_x
06/03/19 - 16:19:22.567 - DevicePool.initializeDevices - Info - Initializing: SEC_el_y
06/03/19 - 16:19:22.656 - DevicePool.initializeDevices - Info - Initializing: SEC_el_y_Enc
06/03/19 - 16:19:22.656 - DevicePool.initializeDevices - Info - Initializing: SEC_el_x_Enc
06/03/19 - 16:19:22.657 - DevicePool.initializeDevices - Info - Initializing: Diode_1
06/03/19 - 16:19:22.668 - DevicePool.initializeDevices - Info - Initializing: Diode_2
06/03/19 - 16:19:22.679 - DevicePool.initializeDevices - Info - Initializing: Diode_3
06/03/19 - 16:19:22.691 - DevicePool.initializeDevices - Info - Initializing: Diode_4
06/03/19 - 16:19:22.703 - DevicePool.initializeDevices - Info - Initializing: Filter1
06/03/19 - 16:19:22.792 - DevicePool.initializeDevices - Info - Initializing: Filter2
06/03/19 - 16:19:22.884 - DevicePool.initializeDevices - Info - Initializing: BPM2_Vert_Profile
06/03/19 - 16:19:22.897 - DevicePool.initializeDevices - Info - Initializing: BPM2_Profile_Size
06/03/19 - 16:19:22.908 - DevicePool.initializeDevices - Info - Initializing: ring_current
06/03/19 - 16:19:23.318 - DevicePool.initialize - Info - Finished DevicePool initialization
06/03/19 - 16:19:23.319 - ScriptManager.<init> - Info - Initializing ScriptManager
06/03/19 - 16:19:23.322 - ScriptManager.<init> - Info - Finished ScriptManager initialization
06/03/19 - 16:19:23.566 - Context.lambda$restart$1 - Info - Executed startup script
06/03/19 - 16:19:23.674 - DevicePool.addDevice - Info - Adding device: GE_BG_Image
06/03/19 - 16:19:23.674 - DevicePool.addDevice - Info - Adding device: GE_ROI_Image
06/03/19 - 16:19:23.674 - DevicePool.addDevice - Info - Adding device: GE_Raw_Image
06/03/19 - 16:19:24.725 - Context.lambda$restart$1 - Info - Executed local startup script
06/03/19 - 16:20:04.454 - Context.onCommand - Info - Eval:  (ui)
06/03/19 - 16:22:41.970 - Context.onCommand - Info - Eval: gap.Scan_with_Exponential_Background(11, 12.5, 0.1, wait=1) (ui)
06/03/19 - 16:26:26.279 - Context.onCommand - Info - Eval: bpm.BPM3_Horizontal_Profile() (ui)
06/03/19 - 16:26:36.631 - Context.onCommand - Info - Eval: bpm.BPM3_Vertical_Profile() (ui)
06/03/19 - 16:51:57.106 - Context.onCommand - Info - Restart (ui)
