06/03/19 - 16:51:58.667 - Context.restart - Info - Initializing context
06/03/19 - 16:51:58.668 - DataManager.initialize - Info - Initializing DataManager
06/03/19 - 16:51:58.670 - DataManager.initialize - Info - Finished DataManager initialization
06/03/19 - 16:51:58.671 - Context.restart - Info - Loading Device Pool
06/03/19 - 16:51:58.671 - DevicePool.initialize - Info - Initializing DevicePool
06/03/19 - 16:51:58.674 - DevicePool.initializeDevices - Info - Initializing: IZero_Profile
06/03/19 - 16:51:58.711 - DevicePool.initializeDevices - Info - Initializing: U17_Gap_RBV
06/03/19 - 16:51:58.723 - DevicePool.initializeDevices - Info - Initializing: U17_Gap_Set
06/03/19 - 16:51:58.735 - DevicePool.initializeDevices - Info - Initializing: U17_Gap_Status
06/03/19 - 16:51:58.757 - DevicePool.initializeDevices - Info - Initializing: IZero
06/03/19 - 16:51:58.768 - DevicePool.initializeDevices - Info - Initializing: TFY_Profile
06/03/19 - 16:51:58.805 - DevicePool.initializeDevices - Info - Initializing: TFY
06/03/19 - 16:51:58.817 - DevicePool.initializeDevices - Info - Initializing: GE_AreaDet
06/03/19 - 16:51:58.963 - DevicePool.initializeDevices - Info - Initializing: GE_FrameID
06/03/19 - 16:51:58.964 - DevicePool.initializeDevices - Info - Initializing: GE_Raw_Imaging
06/03/19 - 16:51:58.965 - DevicePool.initializeDevices - Info - Initializing: GE_Raw_Array
06/03/19 - 16:51:58.966 - DevicePool.initializeDevices - Info - Initializing: GE_BG_Array
06/03/19 - 16:51:59.026 - DevicePool.initializeDevices - Info - Initializing: GE_BG_SizeY
06/03/19 - 16:51:59.027 - DevicePool.initializeDevices - Info - Initializing: GE_BG_SizeX
06/03/19 - 16:51:59.027 - DevicePool.initializeDevices - Info - Initializing: GE_ROI_Array
06/03/19 - 16:51:59.067 - DevicePool.initializeDevices - Info - Initializing: GE_ROI_SizeY
06/03/19 - 16:51:59.078 - DevicePool.initializeDevices - Info - Initializing: GE_ROI_SizeX
06/03/19 - 16:51:59.089 - DevicePool.initializeDevices - Info - Initializing: GE_ROI_Line
06/03/19 - 16:51:59.101 - DevicePool.initializeDevices - Info - Initializing: GE_Spectrum
06/03/19 - 16:51:59.136 - DevicePool.initializeDevices - Info - Initializing: GE_Spectrum_Sum
06/03/19 - 16:51:59.180 - DevicePool.initializeDevices - Info - Initializing: GE_Spectrum_Conv
06/03/19 - 16:51:59.195 - DevicePool.initializeDevices - Info - Initializing: GE_Sensor_Temp
06/03/19 - 16:51:59.207 - DevicePool.initializeDevices - Info - Initializing: Scan_Progress
06/03/19 - 16:51:59.219 - DevicePool.initializeDevices - Info - Initializing: Press_Diag_PV
06/03/19 - 16:51:59.231 - DevicePool.initializeDevices - Info - Initializing: Press_Diag_HV
06/03/19 - 16:51:59.243 - DevicePool.initializeDevices - Info - Initializing: Press_Spec_PV
06/03/19 - 16:51:59.254 - DevicePool.initializeDevices - Info - Initializing: Press_Spec_HV
06/03/19 - 16:51:59.266 - DevicePool.initializeDevices - Info - Initializing: Press_Sample_Ch
06/03/19 - 16:51:59.278 - DevicePool.initializeDevices - Info - Initializing: Diodes_Sum_Intensity
06/03/19 - 16:51:59.279 - DevicePool.initializeDevices - Info - Initializing: VH_Diode
06/03/19 - 16:51:59.280 - DevicePool.initializeDevices - Info - Initializing: SEC_el_x
06/03/19 - 16:51:59.366 - DevicePool.initializeDevices - Info - Initializing: SEC_el_y
06/03/19 - 16:51:59.451 - DevicePool.initializeDevices - Info - Initializing: SEC_el_y_Enc
06/03/19 - 16:51:59.452 - DevicePool.initializeDevices - Info - Initializing: SEC_el_x_Enc
06/03/19 - 16:51:59.452 - DevicePool.initializeDevices - Info - Initializing: Diode_1
06/03/19 - 16:51:59.463 - DevicePool.initializeDevices - Info - Initializing: Diode_2
06/03/19 - 16:51:59.474 - DevicePool.initializeDevices - Info - Initializing: Diode_3
06/03/19 - 16:51:59.486 - DevicePool.initializeDevices - Info - Initializing: Diode_4
06/03/19 - 16:51:59.498 - DevicePool.initializeDevices - Info - Initializing: Filter1
06/03/19 - 16:51:59.586 - DevicePool.initializeDevices - Info - Initializing: Filter2
06/03/19 - 16:51:59.673 - DevicePool.initializeDevices - Info - Initializing: BPM2_Vert_Profile
06/03/19 - 16:51:59.685 - DevicePool.initializeDevices - Info - Initializing: BPM2_Profile_Size
06/03/19 - 16:51:59.697 - DevicePool.initializeDevices - Info - Initializing: ring_current
06/03/19 - 16:51:59.948 - DevicePool.initialize - Info - Finished DevicePool initialization
06/03/19 - 16:51:59.949 - ScriptManager.<init> - Info - Initializing ScriptManager
06/03/19 - 16:51:59.951 - ScriptManager.<init> - Info - Finished ScriptManager initialization
06/03/19 - 16:52:00.193 - Context.lambda$restart$1 - Info - Executed startup script
06/03/19 - 16:52:00.306 - DevicePool.addDevice - Info - Adding device: GE_BG_Image
06/03/19 - 16:52:00.307 - DevicePool.addDevice - Info - Adding device: GE_ROI_Image
06/03/19 - 16:52:00.307 - DevicePool.addDevice - Info - Adding device: GE_Raw_Image
06/03/19 - 16:52:01.338 - Context.lambda$restart$1 - Info - Executed local startup script
06/03/19 - 16:52:32.811 - Context.onCommand - Info - Eval: pink.ge_spot(exposure=1, images=10) (ui)
06/03/19 - 17:07:50.873 - Context.onCommand - Info - Eval: pink.ge_spot(exposure=10, images=10) (ui)
06/03/19 - 17:18:02.687 - Context.onCommand - Info - Eval:  (ui)
06/03/19 - 17:20:34.962 - Context.onCommand - Info - Eval: pink.ge_spot(exposure=60, images=5) (ui)
06/03/19 - 17:30:43.608 - Context.onCommand - Info - Eval:  (ui)
06/03/19 - 17:30:44.729 - Context.onCommand - Info - Eval:  (ui)
06/03/19 - 17:30:44.945 - Context.onCommand - Info - Eval:  (ui)
06/03/19 - 17:32:21.179 - Context.onCommand - Info - Eval: pink.ge_spot(exposure=60, images=5) (ui)
06/03/19 - 17:34:08.126 - Context.onCommand - Info - Eval: :abort (ui)
06/03/19 - 17:34:08.127 - Context.onCommand - Info - Abort (ui)
06/03/19 - 17:34:08.127 - ScriptManager.abort - Info - Aborting
06/03/19 - 17:40:28.446 - Context.onCommand - Info - Eval: Scan_Progress.take() (ui)
06/03/19 - 17:41:58.393 - Context.onCommand - Info - Restart (ui)
