30/01/19 - 15:09:25.074 - Context.restart - Info - Initializing context
30/01/19 - 15:09:25.075 - DataManager.initialize - Info - Initializing DataManager
30/01/19 - 15:09:25.078 - DataManager.initialize - Info - Finished DataManager initialization
30/01/19 - 15:09:25.079 - Context.restart - Info - Loading Device Pool
30/01/19 - 15:09:25.079 - DevicePool.initialize - Info - Initializing DevicePool
30/01/19 - 15:09:25.082 - DevicePool.initializeDevices - Info - Initializing: IZero_Profile
30/01/19 - 15:09:25.128 - DevicePool.initializeDevices - Info - Initializing: IZero
30/01/19 - 15:09:25.140 - DevicePool.initializeDevices - Info - Initializing: TFY_Profile
30/01/19 - 15:09:25.141 - DevicePool.initializeDevices - Info - Initializing: TFY
30/01/19 - 15:09:25.154 - DevicePool.initializeDevices - Info - Initializing: GE_AreaDet
30/01/19 - 15:09:25.330 - DevicePool.initializeDevices - Info - Initializing: GE_FrameID
30/01/19 - 15:09:25.331 - DevicePool.initializeDevices - Info - Initializing: GE_Raw_Array
30/01/19 - 15:09:25.358 - GE_Raw_Array channel.doSetMonitored - Severe - java.lang.IllegalArgumentException: Size of the monitor exceeds maxArrayBytes (270000 * 8 > 16384)
Stack trace:
java.lang.IllegalArgumentException: Size of the monitor exceeds maxArrayBytes (270000 * 8 > 16384)
	at gov.aps.jca.Channel.checkMonitorSize(Channel.java:681)
	at com.cosylab.epics.caj.CAJChannel.addMonitor(CAJChannel.java:1042)
	at ch.psi.jcae.impl.DefaultChannel.attachMonitor(DefaultChannel.java:499)
	at ch.psi.jcae.impl.DefaultChannel.setMonitored(DefaultChannel.java:454)
	at ch.psi.pshell.epics.EpicsRegister.doSetMonitored(EpicsRegister.java:134)
	at ch.psi.pshell.device.GenericDeviceBase.setMonitored(GenericDeviceBase.java:248)
	at ch.psi.pshell.device.DeviceBase.doSetMonitored(DeviceBase.java:659)
	at ch.psi.pshell.device.GenericDeviceBase.setMonitored(GenericDeviceBase.java:248)
	at ch.psi.pshell.core.DevicePool.applyDeviceAttributes(DevicePool.java:529)
	at ch.psi.pshell.core.DevicePool.applyDeviceAttributes(DevicePool.java:520)
	at ch.psi.pshell.core.DevicePool.initialize(DevicePool.java:44)
	at ch.psi.pshell.core.Context.restart(Context.java:985)
	at ch.psi.pshell.core.Context.restart(Context.java:2952)
	at ch.psi.pshell.ui.Task$Restart.doInBackground(Task.java:368)
	at ch.psi.pshell.ui.Task$Restart.doInBackground(Task.java:358)
	at javax.swing.SwingWorker$1.call(SwingWorker.java:295)
	at java.util.concurrent.FutureTask.run(FutureTask.java:266)
	at javax.swing.SwingWorker.run(SwingWorker.java:334)
	at java.util.concurrent.ThreadPoolExecutor.runWorker(ThreadPoolExecutor.java:1149)
	at java.util.concurrent.ThreadPoolExecutor$Worker.run(ThreadPoolExecutor.java:624)
	at java.lang.Thread.run(Thread.java:748)

30/01/19 - 15:09:25.360 - DevicePool.initialize - Info - Finished DevicePool initialization
30/01/19 - 15:09:25.363 - ScriptManager.<init> - Info - Initializing ScriptManager
30/01/19 - 15:09:25.369 - ScriptManager.<init> - Info - Finished ScriptManager initialization
30/01/19 - 15:09:25.833 - Context.lambda$restart$1 - Info - Executed startup script
30/01/19 - 15:09:25.856 - Context.lambda$restart$1 - Info - Executed local startup script
30/01/19 - 15:12:06.269 - Config.<init> - Info - java.io.FileNotFoundException: /home/epics/PShell/pshellcontrol/home/config/jcae.properties (No such file or directory)
Stack trace:
java.io.FileNotFoundException: /home/epics/PShell/pshellcontrol/home/config/jcae.properties (No such file or directory)
	at java.io.FileInputStream.open0(Native Method)
	at java.io.FileInputStream.open(FileInputStream.java:195)
	at java.io.FileInputStream.<init>(FileInputStream.java:138)
	at java.io.FileInputStream.<init>(FileInputStream.java:93)
	at ch.psi.pshell.swing.EpicsConfigDialog.<init>(EpicsConfigDialog.java:45)
	at ch.psi.pshell.ui.View.menuDevicesEpicsActionPerformed(View.java:3198)
	at ch.psi.pshell.ui.View.access$5300(View.java:145)
	at ch.psi.pshell.ui.View$61.actionPerformed(View.java:2612)
	at javax.swing.AbstractButton.fireActionPerformed(AbstractButton.java:2022)
	at javax.swing.AbstractButton$Handler.actionPerformed(AbstractButton.java:2348)
	at javax.swing.DefaultButtonModel.fireActionPerformed(DefaultButtonModel.java:402)
	at javax.swing.DefaultButtonModel.setPressed(DefaultButtonModel.java:259)
	at javax.swing.AbstractButton.doClick(AbstractButton.java:376)
	at javax.swing.plaf.basic.BasicMenuItemUI.doClick(BasicMenuItemUI.java:842)
	at javax.swing.plaf.basic.BasicMenuItemUI$Handler.mouseReleased(BasicMenuItemUI.java:886)
	at java.awt.Component.processMouseEvent(Component.java:6539)
	at javax.swing.JComponent.processMouseEvent(JComponent.java:3324)
	at java.awt.Component.processEvent(Component.java:6304)
	at java.awt.Container.processEvent(Container.java:2239)
	at java.awt.Component.dispatchEventImpl(Component.java:4889)
	at java.awt.Container.dispatchEventImpl(Container.java:2297)
	at java.awt.Component.dispatchEvent(Component.java:4711)
	at java.awt.LightweightDispatcher.retargetMouseEvent(Container.java:4904)
	at java.awt.LightweightDispatcher.processMouseEvent(Container.java:4535)
	at java.awt.LightweightDispatcher.dispatchEvent(Container.java:4476)
	at java.awt.Container.dispatchEventImpl(Container.java:2283)
	at java.awt.Window.dispatchEventImpl(Window.java:2746)
	at java.awt.Component.dispatchEvent(Component.java:4711)
	at java.awt.EventQueue.dispatchEventImpl(EventQueue.java:760)
	at java.awt.EventQueue.access$500(EventQueue.java:97)
	at java.awt.EventQueue$3.run(EventQueue.java:709)
	at java.awt.EventQueue$3.run(EventQueue.java:703)
	at java.security.AccessController.doPrivileged(Native Method)
	at java.security.ProtectionDomain$JavaSecurityAccessImpl.doIntersectionPrivilege(ProtectionDomain.java:74)
	at java.security.ProtectionDomain$JavaSecurityAccessImpl.doIntersectionPrivilege(ProtectionDomain.java:84)
	at java.awt.EventQueue$4.run(EventQueue.java:733)
	at java.awt.EventQueue$4.run(EventQueue.java:731)
	at java.security.AccessController.doPrivileged(Native Method)
	at java.security.ProtectionDomain$JavaSecurityAccessImpl.doIntersectionPrivilege(ProtectionDomain.java:74)
	at java.awt.EventQueue.dispatchEvent(EventQueue.java:730)
	at java.awt.EventDispatchThread.pumpOneEventForFilters(EventDispatchThread.java:205)
	at java.awt.EventDispatchThread.pumpEventsForFilter(EventDispatchThread.java:116)
	at java.awt.EventDispatchThread.pumpEventsForHierarchy(EventDispatchThread.java:105)
	at java.awt.EventDispatchThread.pumpEvents(EventDispatchThread.java:101)
	at java.awt.EventDispatchThread.pumpEvents(EventDispatchThread.java:93)
	at java.awt.EventDispatchThread.run(EventDispatchThread.java:82)

30/01/19 - 15:12:20.818 - Context.onCommand - Info - Restart (ui)
