27/02/19 - 16:33:39.564 - Context.restart - Info - Initializing context
27/02/19 - 16:33:39.566 - DataManager.initialize - Info - Initializing DataManager
27/02/19 - 16:33:39.567 - DataManager.initialize - Info - Finished DataManager initialization
27/02/19 - 16:33:39.567 - Context.restart - Info - Loading Device Pool
27/02/19 - 16:33:39.567 - DevicePool.initialize - Info - Initializing DevicePool
27/02/19 - 16:33:39.571 - DevicePool.initializeDevices - Info - Initializing: U17_Gap_RBV
27/02/19 - 16:33:39.586 - DevicePool.initializeDevices - Info - Initializing: U17_Gap_Set
27/02/19 - 16:33:39.600 - DevicePool.initializeDevices - Info - Initializing: U17_Gap_Exec
27/02/19 - 16:33:39.612 - DevicePool.initializeDevices - Info - Initializing: TFY
27/02/19 - 16:33:39.623 - DevicePool.initializeDevices - Info - Initializing: Diodes_Sum_Intensity
27/02/19 - 16:33:39.634 - DevicePool.initializeDevices - Info - Initializing: Sample_Vert
27/02/19 - 16:33:39.725 - DevicePool.initializeDevices - Info - Initializing: Diode_1
27/02/19 - 16:33:39.737 - DevicePool.initializeDevices - Info - Initializing: Diode_2
27/02/19 - 16:33:39.749 - DevicePool.initializeDevices - Info - Initializing: Diode_3
27/02/19 - 16:33:39.761 - DevicePool.initializeDevices - Info - Initializing: Diode_4
27/02/19 - 16:33:39.774 - DevicePool.initializeDevices - Info - Initializing: Filter1
27/02/19 - 16:33:39.863 - DevicePool.initializeDevices - Info - Initializing: Filter2
27/02/19 - 16:33:39.950 - DevicePool.initializeDevices - Info - Initializing: BPM2_Vert_Profile
27/02/19 - 16:33:39.961 - DevicePool.initializeDevices - Info - Initializing: BPM2_Profile_Size
27/02/19 - 16:33:39.973 - DevicePool.initializeDevices - Info - Initializing: Filter2_SIG
27/02/19 - 16:33:40.041 - DevicePool.initialize - Info - Finished DevicePool initialization
27/02/19 - 16:33:40.045 - ScriptManager.<init> - Info - Initializing ScriptManager
27/02/19 - 16:33:40.047 - ScriptManager.<init> - Info - Finished ScriptManager initialization
27/02/19 - 16:33:40.296 - Context.lambda$restart$1 - Info - Executed startup script
27/02/19 - 16:33:40.392 - Context.lambda$restart$1 - Info - Executed local startup script
27/02/19 - 16:34:16.353 - Context.onCommand - Info - Run: /home/epics/Pinkdata/Control/PShell/shared/blade_class.py (ui)
27/02/19 - 16:34:17.163 - Context.onCommand - Info - Restart (ui)
