06/03/19 - 10:07:04.680 - Context.restart - Info - Initializing context
06/03/19 - 10:07:04.681 - DataManager.initialize - Info - Initializing DataManager
06/03/19 - 10:07:04.683 - DataManager.initialize - Info - Finished DataManager initialization
06/03/19 - 10:07:04.683 - Context.restart - Info - Loading Device Pool
06/03/19 - 10:07:04.683 - DevicePool.initialize - Info - Initializing DevicePool
06/03/19 - 10:07:04.688 - DevicePool.initializeDevices - Info - Initializing: IZero_Profile
06/03/19 - 10:07:04.728 - DevicePool.initializeDevices - Info - Initializing: U17_Gap_RBV
06/03/19 - 10:07:04.742 - DevicePool.initializeDevices - Info - Initializing: U17_Gap_Set
06/03/19 - 10:07:04.755 - DevicePool.initializeDevices - Info - Initializing: U17_Gap_Status
06/03/19 - 10:07:04.774 - DevicePool.initializeDevices - Info - Initializing: IZero
06/03/19 - 10:07:04.785 - DevicePool.initializeDevices - Info - Initializing: TFY_Profile
06/03/19 - 10:07:04.821 - DevicePool.initializeDevices - Info - Initializing: TFY
06/03/19 - 10:07:04.832 - DevicePool.initializeDevices - Info - Initializing: GE_AreaDet
06/03/19 - 10:07:04.981 - DevicePool.initializeDevices - Info - Initializing: GE_FrameID
06/03/19 - 10:07:04.982 - DevicePool.initializeDevices - Info - Initializing: GE_Raw_Imaging
06/03/19 - 10:07:04.982 - DevicePool.initializeDevices - Info - Initializing: GE_Raw_Array
06/03/19 - 10:07:04.985 - DevicePool.initializeDevices - Info - Initializing: GE_BG_Array
06/03/19 - 10:07:05.021 - DevicePool.initializeDevices - Info - Initializing: GE_BG_SizeY
06/03/19 - 10:07:05.021 - DevicePool.initializeDevices - Info - Initializing: GE_BG_SizeX
06/03/19 - 10:07:05.021 - DevicePool.initializeDevices - Info - Initializing: GE_ROI_Array
06/03/19 - 10:07:05.056 - DevicePool.initializeDevices - Info - Initializing: GE_ROI_SizeY
06/03/19 - 10:07:05.068 - DevicePool.initializeDevices - Info - Initializing: GE_ROI_SizeX
06/03/19 - 10:07:05.080 - DevicePool.initializeDevices - Info - Initializing: GE_ROI_Line
06/03/19 - 10:07:05.092 - DevicePool.initializeDevices - Info - Initializing: GE_Spectrum
06/03/19 - 10:07:05.125 - DevicePool.initializeDevices - Info - Initializing: GE_Spectrum_Sum
06/03/19 - 10:07:05.160 - DevicePool.initializeDevices - Info - Initializing: GE_Spectrum_Conv
06/03/19 - 10:07:05.171 - DevicePool.initializeDevices - Info - Initializing: GE_Sensor_Temp
06/03/19 - 10:07:05.182 - DevicePool.initializeDevices - Info - Initializing: Scan_Progress
06/03/19 - 10:07:05.193 - DevicePool.initializeDevices - Info - Initializing: Press_Diag_PV
06/03/19 - 10:07:05.206 - DevicePool.initializeDevices - Info - Initializing: Press_Diag_HV
06/03/19 - 10:07:05.217 - DevicePool.initializeDevices - Info - Initializing: Press_Spec_PV
06/03/19 - 10:07:05.229 - DevicePool.initializeDevices - Info - Initializing: Press_Spec_HV
06/03/19 - 10:07:05.241 - DevicePool.initializeDevices - Info - Initializing: Press_Sample_Ch
06/03/19 - 10:07:05.252 - DevicePool.initializeDevices - Info - Initializing: Diodes_Sum_Intensity
06/03/19 - 10:07:05.252 - DevicePool.initializeDevices - Info - Initializing: VH_Diode
06/03/19 - 10:07:05.253 - DevicePool.initializeDevices - Info - Initializing: Sample_Horiz
06/03/19 - 10:07:05.344 - DevicePool.initializeDevices - Info - Initializing: Sample_Vert
06/03/19 - 10:07:05.432 - DevicePool.initializeDevices - Info - Initializing: Sample_Vert_Enc
06/03/19 - 10:07:05.433 - DevicePool.initializeDevices - Info - Initializing: Sample_Horiz_Enc
06/03/19 - 10:07:05.433 - DevicePool.initializeDevices - Info - Initializing: Diode_1
06/03/19 - 10:07:05.445 - DevicePool.initializeDevices - Info - Initializing: Diode_2
06/03/19 - 10:07:05.456 - DevicePool.initializeDevices - Info - Initializing: Diode_3
06/03/19 - 10:07:05.467 - DevicePool.initializeDevices - Info - Initializing: Diode_4
06/03/19 - 10:07:05.479 - DevicePool.initializeDevices - Info - Initializing: Filter1
06/03/19 - 10:07:05.568 - DevicePool.initializeDevices - Info - Initializing: Filter2
06/03/19 - 10:07:05.660 - DevicePool.initializeDevices - Info - Initializing: BPM2_Vert_Profile
06/03/19 - 10:07:05.673 - DevicePool.initializeDevices - Info - Initializing: BPM2_Profile_Size
06/03/19 - 10:07:05.924 - DevicePool.initialize - Info - Finished DevicePool initialization
06/03/19 - 10:07:05.925 - ScriptManager.<init> - Info - Initializing ScriptManager
06/03/19 - 10:07:05.927 - ScriptManager.<init> - Info - Finished ScriptManager initialization
06/03/19 - 10:07:06.180 - Context.lambda$restart$1 - Info - Executed startup script
06/03/19 - 10:07:06.318 - DevicePool.addDevice - Info - Adding device: GE_BG_Image
06/03/19 - 10:07:06.318 - DevicePool.addDevice - Info - Adding device: GE_ROI_Image
06/03/19 - 10:07:06.318 - DevicePool.addDevice - Info - Adding device: GE_Raw_Image
06/03/19 - 10:07:07.325 - Context.lambda$restart$1 - Info - Executed local startup script
06/03/19 - 10:07:30.468 - Context.onCommand - Info - Eval: pink.ge_spot(exposure=2, images=5) (ui)
06/03/19 - 10:08:06.301 - Context.onCommand - Info - Eval:  (ui)
06/03/19 - 10:08:36.326 - Context.onCommand - Info - Eval: pink.ge_spot(exposure=2, images=10) (ui)
06/03/19 - 10:09:24.935 - Context.onCommand - Info - Eval:  (ui)
06/03/19 - 10:09:26.111 - Context.onCommand - Info - Eval:  (ui)
06/03/19 - 10:09:26.303 - Context.onCommand - Info - Eval:  (ui)
06/03/19 - 10:11:48.570 - Context.onCommand - Info - Restart (ui)
