14/02/19 - 18:32:43.876 - Context.restart - Info - Initializing context
14/02/19 - 18:32:43.878 - DataManager.initialize - Info - Initializing DataManager
14/02/19 - 18:32:43.880 - DataManager.initialize - Info - Finished DataManager initialization
14/02/19 - 18:32:43.881 - Context.restart - Info - Loading Device Pool
14/02/19 - 18:32:43.881 - DevicePool.initialize - Info - Initializing DevicePool
14/02/19 - 18:32:43.889 - DevicePool.initializeDevices - Info - Initializing: U17_Gap_RBV
14/02/19 - 18:32:43.907 - DevicePool.initializeDevices - Info - Initializing: U17_Gap_Set
14/02/19 - 18:32:43.919 - DevicePool.initializeDevices - Info - Initializing: U17_Gap_Exec
14/02/19 - 18:32:43.931 - DevicePool.initializeDevices - Info - Initializing: Diodes_Sum_Intensity
14/02/19 - 18:32:43.942 - DevicePool.initializeDevices - Info - Initializing: Filter1
14/02/19 - 18:32:43.953 - DevicePool.initializeDevices - Info - Initializing: Filter1_RBV
14/02/19 - 18:32:43.964 - DevicePool.initializeDevices - Info - Initializing: Filter2
14/02/19 - 18:32:43.974 - DevicePool.initializeDevices - Info - Initializing: Filter2_RBV
14/02/19 - 18:32:43.985 - DevicePool.initializeDevices - Info - Initializing: BPM2_Vert_Profile
14/02/19 - 18:32:43.997 - DevicePool.initializeDevices - Info - Initializing: BPM2_Profile_Size
14/02/19 - 18:32:44.053 - DevicePool.initialize - Info - Finished DevicePool initialization
14/02/19 - 18:32:44.057 - ScriptManager.<init> - Info - Initializing ScriptManager
14/02/19 - 18:32:44.064 - ScriptManager.<init> - Info - Finished ScriptManager initialization
14/02/19 - 18:32:44.447 - Context.lambda$restart$1 - Info - Executed startup script
14/02/19 - 18:32:44.537 - Context.lambda$restart$1 - Info - Executed local startup script
14/02/19 - 18:33:00.111 - Context.onCommand - Info - Eval: bpm.BPM3_Horizontal_Profile() (ui)
14/02/19 - 18:33:11.319 - Context.onCommand - Info - Eval:  (ui)
14/02/19 - 18:33:11.455 - Context.onCommand - Info - Eval:  (ui)
14/02/19 - 18:38:53.903 - Context.onCommand - Info - Restart (ui)
