11/03/19 - 15:02:00.774 - Context.restart - Info - Initializing context
11/03/19 - 15:02:00.779 - DataManager.initialize - Info - Initializing DataManager
11/03/19 - 15:02:00.780 - DataManager.initialize - Info - Finished DataManager initialization
11/03/19 - 15:02:00.781 - Context.restart - Info - Loading Device Pool
11/03/19 - 15:02:00.782 - DevicePool.initialize - Info - Initializing DevicePool
11/03/19 - 15:02:00.795 - DevicePool.initializeDevices - Info - Initializing: IZero_Profile
11/03/19 - 15:02:00.852 - DevicePool.initializeDevices - Info - Initializing: U17_Gap_RBV
11/03/19 - 15:02:00.871 - DevicePool.initializeDevices - Info - Initializing: U17_Gap_Set
11/03/19 - 15:02:00.888 - DevicePool.initializeDevices - Info - Initializing: U17_Gap_Status
11/03/19 - 15:02:00.912 - DevicePool.initializeDevices - Info - Initializing: IZero
11/03/19 - 15:02:00.927 - DevicePool.initializeDevices - Info - Initializing: TFY_Profile
11/03/19 - 15:02:00.979 - DevicePool.initializeDevices - Info - Initializing: TFY
11/03/19 - 15:02:00.996 - DevicePool.initializeDevices - Info - Initializing: GE_AreaDet
11/03/19 - 15:02:01.172 - DevicePool.initializeDevices - Info - Initializing: GE_FrameID
11/03/19 - 15:02:01.175 - DevicePool.initializeDevices - Info - Initializing: GE_Raw_Imaging
11/03/19 - 15:02:01.178 - DevicePool.initializeDevices - Info - Initializing: GE_Raw_Array
11/03/19 - 15:02:01.188 - DevicePool.initializeDevices - Info - Initializing: GE_BG_Array
11/03/19 - 15:02:01.229 - DevicePool.initializeDevices - Info - Initializing: GE_BG_SizeY
11/03/19 - 15:02:01.230 - DevicePool.initializeDevices - Info - Initializing: GE_BG_SizeX
11/03/19 - 15:02:01.231 - DevicePool.initializeDevices - Info - Initializing: GE_ROI_Array
11/03/19 - 15:02:01.267 - DevicePool.initializeDevices - Info - Initializing: GE_ROI_SizeY
11/03/19 - 15:02:01.279 - DevicePool.initializeDevices - Info - Initializing: GE_ROI_SizeX
11/03/19 - 15:02:01.290 - DevicePool.initializeDevices - Info - Initializing: GE_ROI_Line
11/03/19 - 15:02:01.301 - DevicePool.initializeDevices - Info - Initializing: GE_Spectrum
11/03/19 - 15:02:01.335 - DevicePool.initializeDevices - Info - Initializing: GE_Spectrum_Sum
11/03/19 - 15:02:01.370 - DevicePool.initializeDevices - Info - Initializing: GE_Spectrum_Conv
11/03/19 - 15:02:01.380 - DevicePool.initializeDevices - Info - Initializing: GE_Sensor_Temp
11/03/19 - 15:02:01.392 - DevicePool.initializeDevices - Info - Initializing: Scan_Progress
11/03/19 - 15:02:01.403 - DevicePool.initializeDevices - Info - Initializing: Press_Diag_PV
11/03/19 - 15:02:01.416 - DevicePool.initializeDevices - Info - Initializing: Press_Diag_HV
11/03/19 - 15:02:01.428 - DevicePool.initializeDevices - Info - Initializing: Press_Spec_PV
11/03/19 - 15:02:01.440 - DevicePool.initializeDevices - Info - Initializing: Press_Spec_HV
11/03/19 - 15:02:01.452 - DevicePool.initializeDevices - Info - Initializing: Press_Sample_Ch
11/03/19 - 15:02:01.463 - DevicePool.initializeDevices - Info - Initializing: Diodes_Sum_Intensity
11/03/19 - 15:02:01.464 - DevicePool.initializeDevices - Info - Initializing: VH_Diode
11/03/19 - 15:02:01.465 - DevicePool.initializeDevices - Info - Initializing: SEC_el_x
11/03/19 - 15:02:01.554 - DevicePool.initializeDevices - Info - Initializing: SEC_el_y
11/03/19 - 15:02:01.643 - DevicePool.initializeDevices - Info - Initializing: SEC_el_y_Enc
11/03/19 - 15:02:01.643 - DevicePool.initializeDevices - Info - Initializing: SEC_el_x_Enc
11/03/19 - 15:02:01.644 - DevicePool.initializeDevices - Info - Initializing: Diode_1
11/03/19 - 15:02:01.655 - DevicePool.initializeDevices - Info - Initializing: Diode_2
11/03/19 - 15:02:01.666 - DevicePool.initializeDevices - Info - Initializing: Diode_3
11/03/19 - 15:02:01.677 - DevicePool.initializeDevices - Info - Initializing: Diode_4
11/03/19 - 15:02:01.688 - DevicePool.initializeDevices - Info - Initializing: Filter1
11/03/19 - 15:02:01.781 - DevicePool.initializeDevices - Info - Initializing: Filter2
11/03/19 - 15:02:01.876 - DevicePool.initializeDevices - Info - Initializing: BPM2_Vert_Profile
11/03/19 - 15:02:01.892 - DevicePool.initializeDevices - Info - Initializing: BPM2_Profile_Size
11/03/19 - 15:02:01.905 - DevicePool.initializeDevices - Info - Initializing: ring_current
11/03/19 - 15:02:02.235 - DevicePool.initialize - Info - Finished DevicePool initialization
11/03/19 - 15:02:02.247 - ScriptManager.<init> - Info - Initializing ScriptManager
11/03/19 - 15:02:02.252 - ScriptManager.<init> - Info - Finished ScriptManager initialization
11/03/19 - 15:02:02.778 - Context.lambda$restart$1 - Info - Executed startup script
11/03/19 - 15:02:02.956 - DevicePool.addDevice - Info - Adding device: GE_BG_Image
11/03/19 - 15:02:02.957 - DevicePool.addDevice - Info - Adding device: GE_ROI_Image
11/03/19 - 15:02:02.958 - DevicePool.addDevice - Info - Adding device: GE_Raw_Image
11/03/19 - 15:02:04.005 - Context.lambda$restart$1 - Info - Executed local startup script
11/03/19 - 15:02:24.795 - Context.onCommand - Info - Eval: pink.ge_SEC_EL_spot(exposure=2, images=5) (ui)
11/03/19 - 15:02:45.128 - Context.onCommand - Info - Set Preference: STATUS, Scan complete (ui)
11/03/19 - 15:04:29.747 - Context.onCommand - Info - Eval: pink.ge_SEC_EL_line_vert_scan(9000, -1000, exposure=2, images=10) (ui)
11/03/19 - 15:04:41.539 - Context.onCommand - Info - Eval: double(3.4) (ui)
11/03/19 - 15:05:05.876 - Context.onCommand - Info - Eval: int(3.5) (ui)
11/03/19 - 15:05:11.571 - Context.onCommand - Info - Eval: double(3) (ui)
11/03/19 - 15:05:14.892 - Context.onCommand - Info - Eval: Double(3) (ui)
11/03/19 - 15:05:24.644 - Context.onCommand - Info - Eval: Math.double(3) (ui)
11/03/19 - 15:05:28.972 - Context.onCommand - Info - Eval: math.double(3) (ui)
11/03/19 - 15:06:07.149 - Context.onCommand - Info - Eval: help() (ui)
11/03/19 - 15:07:15.990 - Context.onCommand - Info - Eval: float(3) (ui)
11/03/19 - 15:08:08.617 - Context.onCommand - Info - Restart (ui)
