01/03/19 - 10:44:17.975 - Context.restart - Info - Initializing context
01/03/19 - 10:44:17.977 - DataManager.initialize - Info - Initializing DataManager
01/03/19 - 10:44:17.978 - DataManager.initialize - Info - Finished DataManager initialization
01/03/19 - 10:44:17.978 - Context.restart - Info - Loading Device Pool
01/03/19 - 10:44:17.978 - DevicePool.initialize - Info - Initializing DevicePool
01/03/19 - 10:44:17.983 - DevicePool.initializeDevices - Info - Initializing: U17_Gap_RBV
01/03/19 - 10:44:18.005 - DevicePool.initializeDevices - Info - Initializing: U17_Gap_Set
01/03/19 - 10:44:18.017 - DevicePool.initializeDevices - Info - Initializing: TFY
01/03/19 - 10:44:18.028 - DevicePool.initializeDevices - Info - Initializing: Diodes_Sum_Intensity
01/03/19 - 10:44:18.041 - DevicePool.initializeDevices - Info - Initializing: Sample_Vert
01/03/19 - 10:44:18.140 - DevicePool.initializeDevices - Info - Initializing: Diode_1
01/03/19 - 10:44:18.161 - DevicePool.initializeDevices - Info - Initializing: Diode_2
01/03/19 - 10:44:18.182 - DevicePool.initializeDevices - Info - Initializing: Diode_3
01/03/19 - 10:44:18.203 - DevicePool.initializeDevices - Info - Initializing: Diode_4
01/03/19 - 10:44:18.223 - DevicePool.initializeDevices - Info - Initializing: Filter1
01/03/19 - 10:44:18.313 - DevicePool.initializeDevices - Info - Initializing: Filter2
01/03/19 - 10:44:18.403 - DevicePool.initializeDevices - Info - Initializing: BPM2_Vert_Profile
01/03/19 - 10:44:18.416 - DevicePool.initializeDevices - Info - Initializing: BPM2_Profile_Size
01/03/19 - 10:44:18.428 - DevicePool.initializeDevices - Info - Initializing: Filter2_SIG
01/03/19 - 10:44:18.465 - DevicePool.initialize - Info - Finished DevicePool initialization
01/03/19 - 10:44:18.467 - ScriptManager.<init> - Info - Initializing ScriptManager
01/03/19 - 10:44:18.468 - ScriptManager.<init> - Info - Finished ScriptManager initialization
01/03/19 - 10:44:18.712 - Context.lambda$restart$1 - Info - Executed startup script
01/03/19 - 10:44:18.821 - Context.lambda$restart$1 - Info - Executed local startup script
01/03/19 - 10:44:31.294 - Context.onCommand - Info - Eval: pink.Save_Beamline_Snapshot() (ui)
01/03/19 - 10:50:10.687 - Context.onCommand - Info - Restart (ui)
