15/02/19 - 12:37:58.972 - Context.restart - Info - Initializing context
15/02/19 - 12:37:58.974 - DataManager.initialize - Info - Initializing DataManager
15/02/19 - 12:37:58.975 - DataManager.initialize - Info - Finished DataManager initialization
15/02/19 - 12:37:58.976 - Context.restart - Info - Loading Device Pool
15/02/19 - 12:37:58.976 - DevicePool.initialize - Info - Initializing DevicePool
15/02/19 - 12:37:58.978 - DevicePool.initializeDevices - Info - Initializing: U17_Gap_RBV
15/02/19 - 12:37:58.995 - DevicePool.initializeDevices - Info - Initializing: U17_Gap_Set
15/02/19 - 12:37:59.009 - DevicePool.initializeDevices - Info - Initializing: U17_Gap_Exec
15/02/19 - 12:37:59.022 - DevicePool.initializeDevices - Info - Initializing: Diodes_Sum_Intensity
15/02/19 - 12:37:59.036 - DevicePool.initializeDevices - Info - Initializing: Filter1
15/02/19 - 12:37:59.049 - DevicePool.initializeDevices - Info - Initializing: Filter1_RBV
15/02/19 - 12:37:59.062 - DevicePool.initializeDevices - Info - Initializing: Filter2
15/02/19 - 12:37:59.073 - DevicePool.initializeDevices - Info - Initializing: Filter2_RBV
15/02/19 - 12:37:59.086 - DevicePool.initializeDevices - Info - Initializing: BPM2_Vert_Profile
15/02/19 - 12:37:59.099 - DevicePool.initializeDevices - Info - Initializing: BPM2_Profile_Size
15/02/19 - 12:37:59.146 - DevicePool.initialize - Info - Finished DevicePool initialization
15/02/19 - 12:37:59.148 - ScriptManager.<init> - Info - Initializing ScriptManager
15/02/19 - 12:37:59.155 - ScriptManager.<init> - Info - Finished ScriptManager initialization
15/02/19 - 12:37:59.478 - Context.lambda$restart$1 - Info - Executed startup script
15/02/19 - 12:37:59.580 - Context.lambda$restart$1 - Info - Executed local startup script
15/02/19 - 12:38:16.262 - Context.onCommand - Info - Eval: bpm.BPM1_Vertical_Profile() (ui)
15/02/19 - 12:44:00.838 - Context.onCommand - Info - Restart (ui)
