06/03/19 - 11:22:48.172 - Context.restart - Info - Initializing context
06/03/19 - 11:22:48.174 - DataManager.initialize - Info - Initializing DataManager
06/03/19 - 11:22:48.175 - DataManager.initialize - Info - Finished DataManager initialization
06/03/19 - 11:22:48.175 - Context.restart - Info - Loading Device Pool
06/03/19 - 11:22:48.175 - DevicePool.initialize - Info - Initializing DevicePool
06/03/19 - 11:22:48.181 - DevicePool.initializeDevices - Info - Initializing: IZero_Profile
06/03/19 - 11:22:48.238 - DevicePool.initializeDevices - Info - Initializing: U17_Gap_RBV
06/03/19 - 11:22:48.250 - DevicePool.initializeDevices - Info - Initializing: U17_Gap_Set
06/03/19 - 11:22:48.262 - DevicePool.initializeDevices - Info - Initializing: U17_Gap_Status
06/03/19 - 11:22:48.283 - DevicePool.initializeDevices - Info - Initializing: IZero
06/03/19 - 11:22:48.303 - DevicePool.initializeDevices - Info - Initializing: TFY_Profile
06/03/19 - 11:22:48.352 - DevicePool.initializeDevices - Info - Initializing: TFY
06/03/19 - 11:22:48.364 - DevicePool.initializeDevices - Info - Initializing: GE_AreaDet
06/03/19 - 11:22:48.511 - DevicePool.initializeDevices - Info - Initializing: GE_FrameID
06/03/19 - 11:22:48.512 - DevicePool.initializeDevices - Info - Initializing: GE_Raw_Imaging
06/03/19 - 11:22:48.512 - DevicePool.initializeDevices - Info - Initializing: GE_Raw_Array
06/03/19 - 11:22:48.513 - DevicePool.initializeDevices - Info - Initializing: GE_BG_Array
06/03/19 - 11:22:48.548 - DevicePool.initializeDevices - Info - Initializing: GE_BG_SizeY
06/03/19 - 11:22:48.549 - DevicePool.initializeDevices - Info - Initializing: GE_BG_SizeX
06/03/19 - 11:22:48.549 - DevicePool.initializeDevices - Info - Initializing: GE_ROI_Array
06/03/19 - 11:22:48.582 - DevicePool.initializeDevices - Info - Initializing: GE_ROI_SizeY
06/03/19 - 11:22:48.594 - DevicePool.initializeDevices - Info - Initializing: GE_ROI_SizeX
06/03/19 - 11:22:48.605 - DevicePool.initializeDevices - Info - Initializing: GE_ROI_Line
06/03/19 - 11:22:48.617 - DevicePool.initializeDevices - Info - Initializing: GE_Spectrum
06/03/19 - 11:22:48.650 - DevicePool.initializeDevices - Info - Initializing: GE_Spectrum_Sum
06/03/19 - 11:22:48.685 - DevicePool.initializeDevices - Info - Initializing: GE_Spectrum_Conv
06/03/19 - 11:22:48.697 - DevicePool.initializeDevices - Info - Initializing: GE_Sensor_Temp
06/03/19 - 11:22:48.709 - DevicePool.initializeDevices - Info - Initializing: Scan_Progress
06/03/19 - 11:22:48.720 - DevicePool.initializeDevices - Info - Initializing: Press_Diag_PV
06/03/19 - 11:22:48.733 - DevicePool.initializeDevices - Info - Initializing: Press_Diag_HV
06/03/19 - 11:22:48.745 - DevicePool.initializeDevices - Info - Initializing: Press_Spec_PV
06/03/19 - 11:22:48.756 - DevicePool.initializeDevices - Info - Initializing: Press_Spec_HV
06/03/19 - 11:22:48.768 - DevicePool.initializeDevices - Info - Initializing: Press_Sample_Ch
06/03/19 - 11:22:48.779 - DevicePool.initializeDevices - Info - Initializing: Diodes_Sum_Intensity
06/03/19 - 11:22:48.781 - DevicePool.initializeDevices - Info - Initializing: VH_Diode
06/03/19 - 11:22:48.781 - DevicePool.initializeDevices - Info - Initializing: SEC_el_x
06/03/19 - 11:22:48.871 - DevicePool.initializeDevices - Info - Initializing: SEC_el_y
06/03/19 - 11:22:48.961 - DevicePool.initializeDevices - Info - Initializing: SEC_el_y_Enc
06/03/19 - 11:22:48.962 - DevicePool.initializeDevices - Info - Initializing: SEC_el_x_Enc
06/03/19 - 11:22:48.962 - DevicePool.initializeDevices - Info - Initializing: Diode_1
06/03/19 - 11:22:48.981 - DevicePool.initializeDevices - Info - Initializing: Diode_2
06/03/19 - 11:22:49.000 - DevicePool.initializeDevices - Info - Initializing: Diode_3
06/03/19 - 11:22:49.011 - DevicePool.initializeDevices - Info - Initializing: Diode_4
06/03/19 - 11:22:49.023 - DevicePool.initializeDevices - Info - Initializing: Filter1
06/03/19 - 11:22:49.113 - DevicePool.initializeDevices - Info - Initializing: Filter2
06/03/19 - 11:22:49.201 - DevicePool.initializeDevices - Info - Initializing: BPM2_Vert_Profile
06/03/19 - 11:22:49.220 - DevicePool.initializeDevices - Info - Initializing: BPM2_Profile_Size
06/03/19 - 11:22:49.236 - DevicePool.initializeDevices - Info - Initializing: ring_current
06/03/19 - 11:22:49.486 - DevicePool.initialize - Info - Finished DevicePool initialization
06/03/19 - 11:22:49.488 - ScriptManager.<init> - Info - Initializing ScriptManager
06/03/19 - 11:22:49.490 - ScriptManager.<init> - Info - Finished ScriptManager initialization
06/03/19 - 11:22:49.754 - Context.lambda$restart$1 - Info - Executed startup script
06/03/19 - 11:22:49.869 - DevicePool.addDevice - Info - Adding device: GE_BG_Image
06/03/19 - 11:22:49.870 - DevicePool.addDevice - Info - Adding device: GE_ROI_Image
06/03/19 - 11:22:49.870 - DevicePool.addDevice - Info - Adding device: GE_Raw_Image
06/03/19 - 11:22:50.917 - DevicePool.removeDevice - Warning - Removing device: GE_BG_Image
06/03/19 - 11:22:50.917 - DevicePool.addDevice - Info - Adding device: GE_BG_Image
06/03/19 - 11:22:50.918 - DevicePool.removeDevice - Warning - Removing device: GE_ROI_Image
06/03/19 - 11:22:50.918 - DevicePool.addDevice - Info - Adding device: GE_ROI_Image
06/03/19 - 11:22:50.918 - DevicePool.removeDevice - Warning - Removing device: GE_Raw_Image
06/03/19 - 11:22:50.918 - DevicePool.addDevice - Info - Adding device: GE_Raw_Image
06/03/19 - 11:22:51.924 - Context.lambda$restart$1 - Info - Executed local startup script
06/03/19 - 11:23:17.151 - Context.onCommand - Info - Run: local.py (ui)
06/03/19 - 11:23:17.236 - DevicePool.removeDevice - Warning - Removing device: GE_BG_Image
06/03/19 - 11:23:17.236 - DevicePool.addDevice - Info - Adding device: GE_BG_Image
06/03/19 - 11:23:17.237 - DevicePool.removeDevice - Warning - Removing device: GE_ROI_Image
06/03/19 - 11:23:17.237 - DevicePool.addDevice - Info - Adding device: GE_ROI_Image
06/03/19 - 11:23:17.238 - DevicePool.removeDevice - Warning - Removing device: GE_Raw_Image
06/03/19 - 11:23:17.238 - DevicePool.addDevice - Info - Adding device: GE_Raw_Image
06/03/19 - 11:23:35.861 - Context.onCommand - Info - Eval: pink.ge_spot(exposure=2, images=5) (ui)
06/03/19 - 11:24:16.030 - Context.onCommand - Info - Eval:  (ui)
06/03/19 - 11:39:24.771 - Context.onCommand - Info - Restart (ui)
