08/02/19 - 16:01:24.186 - Context.restart - Info - Initializing context
08/02/19 - 16:01:24.188 - DataManager.initialize - Info - Initializing DataManager
08/02/19 - 16:01:24.189 - DataManager.initialize - Info - Finished DataManager initialization
08/02/19 - 16:01:24.190 - Context.restart - Info - Loading Device Pool
08/02/19 - 16:01:24.191 - DevicePool.initialize - Info - Initializing DevicePool
08/02/19 - 16:01:24.205 - DevicePool.initializeDevices - Info - Initializing: TFY
08/02/19 - 16:01:24.233 - DevicePool.initializeDevices - Info - Initializing: Diodes_Sum_Intensity
08/02/19 - 16:01:24.245 - DevicePool.initializeDevices - Info - Initializing: Sample_Horiz
08/02/19 - 16:01:24.336 - DevicePool.initializeDevices - Info - Initializing: Sample_Vert
08/02/19 - 16:01:24.434 - DevicePool.initializeDevices - Info - Initializing: Sample_Vert_Enc
08/02/19 - 16:01:24.436 - DevicePool.initializeDevices - Info - Initializing: Sample_Horiz_Enc
08/02/19 - 16:01:24.437 - DevicePool.initializeDevices - Info - Initializing: Sample_Vert_direct
08/02/19 - 16:01:24.489 - DevicePool.initialize - Info - Finished DevicePool initialization
08/02/19 - 16:01:24.494 - ScriptManager.<init> - Info - Initializing ScriptManager
08/02/19 - 16:01:24.505 - ScriptManager.<init> - Info - Finished ScriptManager initialization
08/02/19 - 16:01:25.062 - Context.lambda$restart$1 - Info - Executed startup script
08/02/19 - 16:01:25.088 - Context.lambda$restart$1 - Info - Executed local startup script
08/02/19 - 16:01:55.040 - Context.onCommand - Info - Eval: lscan(Sample_Vert_direct, TFY, 3000, 1000, -200, 1)                      (ui)
08/02/19 - 16:02:11.193 - Context.onCommand - Info - Eval: lscan(Sample_Vert, TFY, 3000, 1000, 200, 1)                      (ui)
08/02/19 - 16:02:22.490 - Context.onCommand - Info - Eval: :abort (ui)
08/02/19 - 16:02:22.492 - Context.onCommand - Info - Abort (ui)
08/02/19 - 16:02:28.618 - Context.onCommand - Info - Eval: lscan(Sample_Vert_direct, TFY, 3000, 1000, 200, 1)                      (ui)
08/02/19 - 16:03:05.106 - Context.onCommand - Info - Eval: :abort (ui)
08/02/19 - 16:03:05.106 - Context.onCommand - Info - Abort (ui)
08/02/19 - 16:03:05.107 - ScanBase.abort - Info - Aborting: LineScan console-1
08/02/19 - 16:03:05.107 - ScriptManager.abort - Info - Aborting
08/02/19 - 16:03:15.106 - Context.onCommand - Info - Eval: lscan(Sample_Vert_direct, TFY, 3000, 1000, 200.0, 1)              (ui)
08/02/19 - 16:04:28.140 - Context.onCommand - Info - Eval: lscan(Sample_Vert_direct, TFY, 1800, 2700, 50.0, 1)              (ui)
08/02/19 - 16:06:31.633 - Context.onCommand - Info - Restart (ui)
