07/03/19 - 13:43:34.426 - Context.restart - Info - Initializing context
07/03/19 - 13:43:34.427 - DataManager.initialize - Info - Initializing DataManager
07/03/19 - 13:43:34.428 - DataManager.initialize - Info - Finished DataManager initialization
07/03/19 - 13:43:34.429 - Context.restart - Info - Loading Device Pool
07/03/19 - 13:43:34.429 - DevicePool.initialize - Info - Initializing DevicePool
07/03/19 - 13:43:34.434 - DevicePool.initializeDevices - Info - Initializing: IZero_Profile
07/03/19 - 13:43:34.470 - DevicePool.initializeDevices - Info - Initializing: U17_Gap_RBV
07/03/19 - 13:43:34.483 - DevicePool.initializeDevices - Info - Initializing: U17_Gap_Set
07/03/19 - 13:43:34.495 - DevicePool.initializeDevices - Info - Initializing: U17_Gap_Status
07/03/19 - 13:43:34.513 - DevicePool.initializeDevices - Info - Initializing: IZero
07/03/19 - 13:43:34.524 - DevicePool.initializeDevices - Info - Initializing: TFY_Profile
07/03/19 - 13:43:34.559 - DevicePool.initializeDevices - Info - Initializing: TFY
07/03/19 - 13:43:34.570 - DevicePool.initializeDevices - Info - Initializing: GE_AreaDet
07/03/19 - 13:43:34.728 - DevicePool.initializeDevices - Info - Initializing: GE_FrameID
07/03/19 - 13:43:34.729 - DevicePool.initializeDevices - Info - Initializing: GE_Raw_Imaging
07/03/19 - 13:43:34.729 - DevicePool.initializeDevices - Info - Initializing: GE_Raw_Array
07/03/19 - 13:43:34.730 - DevicePool.initializeDevices - Info - Initializing: GE_BG_Array
07/03/19 - 13:43:34.764 - DevicePool.initializeDevices - Info - Initializing: GE_BG_SizeY
07/03/19 - 13:43:34.765 - DevicePool.initializeDevices - Info - Initializing: GE_BG_SizeX
07/03/19 - 13:43:34.765 - DevicePool.initializeDevices - Info - Initializing: GE_ROI_Array
07/03/19 - 13:43:34.800 - DevicePool.initializeDevices - Info - Initializing: GE_ROI_SizeY
07/03/19 - 13:43:34.811 - DevicePool.initializeDevices - Info - Initializing: GE_ROI_SizeX
07/03/19 - 13:43:34.822 - DevicePool.initializeDevices - Info - Initializing: GE_ROI_Line
07/03/19 - 13:43:34.834 - DevicePool.initializeDevices - Info - Initializing: GE_Spectrum
07/03/19 - 13:43:34.868 - DevicePool.initializeDevices - Info - Initializing: GE_Spectrum_Sum
07/03/19 - 13:43:34.901 - DevicePool.initializeDevices - Info - Initializing: GE_Spectrum_Conv
07/03/19 - 13:43:34.912 - DevicePool.initializeDevices - Info - Initializing: GE_Sensor_Temp
07/03/19 - 13:43:34.924 - DevicePool.initializeDevices - Info - Initializing: Scan_Progress
07/03/19 - 13:43:34.935 - DevicePool.initializeDevices - Info - Initializing: Press_Diag_PV
07/03/19 - 13:43:34.946 - DevicePool.initializeDevices - Info - Initializing: Press_Diag_HV
07/03/19 - 13:43:34.958 - DevicePool.initializeDevices - Info - Initializing: Press_Spec_PV
07/03/19 - 13:43:34.970 - DevicePool.initializeDevices - Info - Initializing: Press_Spec_HV
07/03/19 - 13:43:34.981 - DevicePool.initializeDevices - Info - Initializing: Press_Sample_Ch
07/03/19 - 13:43:34.992 - DevicePool.initializeDevices - Info - Initializing: Diodes_Sum_Intensity
07/03/19 - 13:43:34.992 - DevicePool.initializeDevices - Info - Initializing: VH_Diode
07/03/19 - 13:43:34.992 - DevicePool.initializeDevices - Info - Initializing: SEC_el_x
07/03/19 - 13:43:35.079 - DevicePool.initializeDevices - Info - Initializing: SEC_el_y
07/03/19 - 13:43:35.165 - DevicePool.initializeDevices - Info - Initializing: SEC_el_y_Enc
07/03/19 - 13:43:35.166 - DevicePool.initializeDevices - Info - Initializing: SEC_el_x_Enc
07/03/19 - 13:43:35.166 - DevicePool.initializeDevices - Info - Initializing: Diode_1
07/03/19 - 13:43:35.177 - DevicePool.initializeDevices - Info - Initializing: Diode_2
07/03/19 - 13:43:35.188 - DevicePool.initializeDevices - Info - Initializing: Diode_3
07/03/19 - 13:43:35.200 - DevicePool.initializeDevices - Info - Initializing: Diode_4
07/03/19 - 13:43:35.211 - DevicePool.initializeDevices - Info - Initializing: Filter1
07/03/19 - 13:43:35.298 - DevicePool.initializeDevices - Info - Initializing: Filter2
07/03/19 - 13:43:35.387 - DevicePool.initializeDevices - Info - Initializing: BPM2_Vert_Profile
07/03/19 - 13:43:35.399 - DevicePool.initializeDevices - Info - Initializing: BPM2_Profile_Size
07/03/19 - 13:43:35.411 - DevicePool.initializeDevices - Info - Initializing: ring_current
07/03/19 - 13:43:35.424 - DevicePool.initializeDevices - Info - Initializing: GE_Trigger_PV
07/03/19 - 13:43:35.787 - DevicePool.initialize - Info - Finished DevicePool initialization
07/03/19 - 13:43:35.788 - ScriptManager.<init> - Info - Initializing ScriptManager
07/03/19 - 13:43:35.792 - ScriptManager.<init> - Info - Finished ScriptManager initialization
07/03/19 - 13:43:36.063 - Context.lambda$restart$1 - Info - Executed startup script
07/03/19 - 13:43:36.171 - DevicePool.addDevice - Info - Adding device: GE_BG_Image
07/03/19 - 13:43:36.171 - DevicePool.addDevice - Info - Adding device: GE_ROI_Image
07/03/19 - 13:43:36.171 - DevicePool.addDevice - Info - Adding device: GE_Raw_Image
07/03/19 - 13:43:37.221 - Context.lambda$restart$1 - Info - Executed local startup script
07/03/19 - 14:35:17.874 - Context.onCommand - Info - Run: /home/epics/Pinkdata/Control/PShell/shared/pink_class.py (ui)
07/03/19 - 14:35:20.848 - Context.onCommand - Info - Run: local.py (ui)
07/03/19 - 14:35:20.945 - DevicePool.removeDevice - Warning - Removing device: GE_BG_Image
07/03/19 - 14:35:20.946 - DevicePool.addDevice - Info - Adding device: GE_BG_Image
07/03/19 - 14:35:20.948 - DevicePool.removeDevice - Warning - Removing device: GE_ROI_Image
07/03/19 - 14:35:20.948 - DevicePool.addDevice - Info - Adding device: GE_ROI_Image
07/03/19 - 14:35:20.949 - DevicePool.removeDevice - Warning - Removing device: GE_Raw_Image
07/03/19 - 14:35:20.949 - DevicePool.addDevice - Info - Adding device: GE_Raw_Image
07/03/19 - 14:35:34.301 - Context.onCommand - Info - Eval: pink.help_functions() (ui)
07/03/19 - 14:43:18.557 - Context.onCommand - Info - Run: /home/epics/Pinkdata/Control/PShell/shared/pink_class.py (ui)
07/03/19 - 14:43:21.473 - Context.onCommand - Info - Run: local.py (ui)
07/03/19 - 14:43:21.563 - DevicePool.removeDevice - Warning - Removing device: GE_BG_Image
07/03/19 - 14:43:21.564 - DevicePool.addDevice - Info - Adding device: GE_BG_Image
07/03/19 - 14:43:21.564 - DevicePool.removeDevice - Warning - Removing device: GE_ROI_Image
07/03/19 - 14:43:21.565 - DevicePool.addDevice - Info - Adding device: GE_ROI_Image
07/03/19 - 14:43:21.565 - DevicePool.removeDevice - Warning - Removing device: GE_Raw_Image
07/03/19 - 14:43:21.565 - DevicePool.addDevice - Info - Adding device: GE_Raw_Image
07/03/19 - 14:45:26.233 - Context.onCommand - Info - Run: local.py (ui)
07/03/19 - 14:45:26.320 - DevicePool.removeDevice - Warning - Removing device: GE_BG_Image
07/03/19 - 14:45:26.321 - DevicePool.addDevice - Info - Adding device: GE_BG_Image
07/03/19 - 14:45:26.321 - DevicePool.removeDevice - Warning - Removing device: GE_ROI_Image
07/03/19 - 14:45:26.322 - DevicePool.addDevice - Info - Adding device: GE_ROI_Image
07/03/19 - 14:45:26.322 - DevicePool.removeDevice - Warning - Removing device: GE_Raw_Image
07/03/19 - 14:45:26.322 - DevicePool.addDevice - Info - Adding device: GE_Raw_Image
07/03/19 - 14:46:13.163 - Context.onCommand - Info - Run: local.py (ui)
07/03/19 - 14:46:13.254 - DevicePool.removeDevice - Warning - Removing device: GE_BG_Image
07/03/19 - 14:46:13.255 - DevicePool.addDevice - Info - Adding device: GE_BG_Image
07/03/19 - 14:46:13.256 - DevicePool.removeDevice - Warning - Removing device: GE_ROI_Image
07/03/19 - 14:46:13.256 - DevicePool.addDevice - Info - Adding device: GE_ROI_Image
07/03/19 - 14:46:13.258 - DevicePool.removeDevice - Warning - Removing device: GE_Raw_Image
07/03/19 - 14:46:13.258 - DevicePool.addDevice - Info - Adding device: GE_Raw_Image
07/03/19 - 14:46:33.032 - Context.onCommand - Info - Eval: pink.help_information() (ui)
07/03/19 - 14:46:52.873 - Context.onCommand - Info - Eval: pink.help_information() (ui)
07/03/19 - 16:17:05.981 - Context.onCommand - Info - Eval: bpm.BPM3_Horizontal_Profile() (ui)
07/03/19 - 16:26:37.427 - Context.onCommand - Info - Eval: bpm.BPM3_Horizontal_Profile() (ui)
07/03/19 - 16:30:03.720 - Context.onCommand - Info - Eval: bpm.BPM3_Horizontal_Profile() (ui)
07/03/19 - 16:33:15.724 - Context.onCommand - Info - Eval: bpm.BPM3_Horizontal_Profile() (ui)
07/03/19 - 16:34:14.693 - Context.onCommand - Info - Eval: bpm.BPM3_Vertical_Profile() (ui)
07/03/19 - 16:34:37.765 - Context.onCommand - Info - Eval: bpm.BPM3_Vertical_Profile() (ui)
07/03/19 - 16:34:54.422 - Context.onCommand - Info - Eval: bpm.BPM3_Horizontal_Profile() (ui)
07/03/19 - 16:38:18.339 - Context.onCommand - Info - Eval: bpm.BPM3_Vertical_Profile() (ui)
07/03/19 - 16:38:28.499 - Context.onCommand - Info - Eval: bpm.BPM3_Vertical_Profile() (ui)
07/03/19 - 16:38:43.315 - Context.onCommand - Info - Eval: bpm.BPM3_Vertical_Profile() (ui)
07/03/19 - 16:39:11.156 - Context.onCommand - Info - Eval: bpm.BPM3_Vertical_Profile() (ui)
07/03/19 - 16:39:31.597 - Context.onCommand - Info - Eval: bpm.BPM3_Vertical_Profile() (ui)
07/03/19 - 16:50:55.652 - Context.onCommand - Info - Eval: bpm.BPM3_Vertical_Profile() (ui)
07/03/19 - 16:51:18.357 - Context.onCommand - Info - Eval: bpm.BPM3_Horizontal_Profile() (ui)
07/03/19 - 17:17:32.088 - Context.onCommand - Info - Eval: bpm.BPM3_Horizontal_Profile() (ui)
07/03/19 - 17:17:58.930 - Context.onCommand - Info - Eval: bpm.BPM3_Vertical_Profile() (ui)
07/03/19 - 17:19:47.588 - Context.onCommand - Info - Eval: bpm.BPM3_Vertical_Profile() (ui)
07/03/19 - 17:29:03.849 - Context.onCommand - Info - Eval: pink.ge_spot(exposure=60, images=5) (ui)
07/03/19 - 17:45:39.888 - Context.onCommand - Info - Eval: pink.ge_spot(exposure=60, images=10) (ui)
07/03/19 - 17:57:39.977 - Context.onCommand - Info - Eval:  (ui)
07/03/19 - 17:57:40.088 - Context.onCommand - Info - Eval:  (ui)
07/03/19 - 18:00:49.549 - Context.onCommand - Info - Eval: pink.ge_spot(exposure=60, images=10) (ui)
07/03/19 - 18:12:31.702 - Context.onCommand - Info - Eval:  (ui)
07/03/19 - 18:16:20.187 - Context.onCommand - Info - Eval: bpm.BPM3_Vertical_Profile() (ui)
07/03/19 - 18:16:25.843 - Context.onCommand - Info - Eval: bpm.BPM3_Horizontal_Profile() (ui)
07/03/19 - 18:17:03.006 - Context.onCommand - Info - Eval: pink.ge_spot(exposure=60, images=10) (ui)
08/03/19 - 10:05:13.551 - Context.onCommand - Info - Eval: bpm.BPM3_Horizontal_Profile() (ui)
08/03/19 - 10:05:27.264 - Context.onCommand - Info - Eval: bpm.BPM3_Vertical_Profile() (ui)
08/03/19 - 10:07:04.202 - Context.onCommand - Info - Eval: bpm.BPM3_Vertical_Profile() (ui)
08/03/19 - 10:07:07.650 - Context.onCommand - Info - Eval: bpm.BPM3_Horizontal_Profile() (ui)
08/03/19 - 10:12:12.425 - Context.onCommand - Info - Eval: bpm.BPM3_Horizontal_Profile() (ui)
08/03/19 - 10:12:15.705 - Context.onCommand - Info - Eval: bpm.BPM3_Vertical_Profile() (ui)
08/03/19 - 10:12:54.114 - Context.onCommand - Info - Eval: bpm.BPM3_Vertical_Profile() (ui)
08/03/19 - 10:12:56.514 - Context.onCommand - Info - Eval: bpm.BPM3_Horizontal_Profile() (ui)
08/03/19 - 10:13:51.379 - Context.onCommand - Info - Eval: bpm.BPM3_Horizontal_Profile() (ui)
08/03/19 - 10:13:54.850 - Context.onCommand - Info - Eval: bpm.BPM3_Vertical_Profile() (ui)
08/03/19 - 10:15:35.165 - Context.onCommand - Info - Eval: bpm.BPM3_Vertical_Profile() (ui)
08/03/19 - 10:15:38.726 - Context.onCommand - Info - Eval: bpm.BPM3_Horizontal_Profile() (ui)
08/03/19 - 10:18:23.137 - Context.onCommand - Info - Eval: bpm.BPM3_Horizontal_Profile() (ui)
08/03/19 - 10:18:26.305 - Context.onCommand - Info - Eval: bpm.BPM3_Vertical_Profile() (ui)
08/03/19 - 10:19:03.786 - Context.onCommand - Info - Eval: bpm.BPM3_Vertical_Profile() (ui)
08/03/19 - 10:19:06.530 - Context.onCommand - Info - Eval: bpm.BPM3_Horizontal_Profile() (ui)
08/03/19 - 10:20:05.251 - Context.onCommand - Info - Eval: bpm.BPM3_Vertical_Profile() (ui)
08/03/19 - 10:20:14.563 - Context.onCommand - Info - Eval: bpm.BPM3_Vertical_Profile() (ui)
08/03/19 - 10:22:56.391 - Context.onCommand - Info - Eval: bpm.BPM3_Vertical_Profile() (ui)
08/03/19 - 10:22:58.143 - Context.onCommand - Info - Eval: bpm.BPM3_Vertical_Profile() (ui)
08/03/19 - 10:23:00.143 - Context.onCommand - Info - Eval: bpm.BPM3_Horizontal_Profile() (ui)
08/03/19 - 10:23:37.456 - Context.onCommand - Info - Eval: bpm.BPM3_Vertical_Profile() (ui)
08/03/19 - 10:23:39.856 - Context.onCommand - Info - Eval: bpm.BPM3_Horizontal_Profile() (ui)
08/03/19 - 10:28:54.175 - Context.onCommand - Info - Eval: bpm.BPM2_Horizontal_Profile() (ui)
08/03/19 - 10:29:35.816 - Context.onCommand - Info - Eval: bpm.BPM2_Horizontal_Profile() (ui)
08/03/19 - 10:31:43.539 - Context.onCommand - Info - Eval: bpm.BPM3_Vertical_Profile() (ui)
08/03/19 - 10:31:50.387 - Context.onCommand - Info - Eval: bpm.BPM2_Horizontal_Profile() (ui)
08/03/19 - 10:36:18.761 - Context.onCommand - Info - Eval: bpm.BPM2_Horizontal_Profile() (ui)
08/03/19 - 10:36:25.226 - Context.onCommand - Info - Eval: bpm.BPM3_Vertical_Profile() (ui)
08/03/19 - 10:38:55.116 - Context.onCommand - Info - Eval: bpm.BPM3_Vertical_Profile() (ui)
08/03/19 - 10:38:57.485 - Context.onCommand - Info - Eval: bpm.BPM2_Horizontal_Profile() (ui)
08/03/19 - 10:39:21.254 - Context.onCommand - Info - Eval: bpm.BPM3_Vertical_Profile() (ui)
08/03/19 - 10:39:29.878 - Context.onCommand - Info - Eval: bpm.BPM2_Horizontal_Profile() (ui)
08/03/19 - 10:40:04.214 - Context.onCommand - Info - Eval: bpm.BPM2_Horizontal_Profile() (ui)
08/03/19 - 10:40:06.182 - Context.onCommand - Info - Eval: bpm.BPM3_Vertical_Profile() (ui)
08/03/19 - 10:40:19.807 - Context.onCommand - Info - Eval: bpm.BPM3_Vertical_Profile() (ui)
08/03/19 - 10:40:51.751 - Context.onCommand - Info - Eval: bpm.BPM3_Vertical_Profile() (ui)
08/03/19 - 10:41:09.096 - Context.onCommand - Info - Eval: bpm.BPM3_Vertical_Profile() (ui)
08/03/19 - 10:42:11.169 - Context.onCommand - Info - Eval: bpm.BPM3_Vertical_Profile() (ui)
08/03/19 - 11:17:05.056 - Context.onCommand - Info - Eval: gap.Scan_with_Exponential_Background(10.0, 12.0, 0.1, wait=1) (ui)
08/03/19 - 11:18:30.050 - Context.onCommand - Info - Eval: gap.Scan_with_Exponential_Background(10.0, 11.0, 0.05, wait=1) (ui)
08/03/19 - 11:39:31.992 - Context.onCommand - Info - Eval: bpm.BPM3_Vertical_Profile() (ui)
08/03/19 - 11:39:38.376 - Context.onCommand - Info - Eval: bpm.BPM2_Horizontal_Profile() (ui)
08/03/19 - 11:42:38.628 - Context.onCommand - Info - Eval: bpm.BPM3_Vertical_Profile() (ui)
08/03/19 - 11:42:50.875 - Context.onCommand - Info - Eval: bpm.BPM3_Vertical_Profile() (ui)
08/03/19 - 11:43:02.764 - Context.onCommand - Info - Eval: bpm.BPM3_Vertical_Profile() (ui)
08/03/19 - 11:44:09.918 - Context.onCommand - Info - Eval: bpm.BPM3_Vertical_Profile() (ui)
08/03/19 - 11:44:46.647 - Context.onCommand - Info - Eval: bpm.BPM3_Vertical_Profile() (ui)
08/03/19 - 11:45:45.136 - Context.onCommand - Info - Eval: bpm.BPM3_Vertical_Profile() (ui)
08/03/19 - 11:46:38.538 - Context.onCommand - Info - Eval: bpm.BPM3_Vertical_Profile() (ui)
08/03/19 - 11:47:01.258 - Context.onCommand - Info - Eval: bpm.BPM3_Vertical_Profile() (ui)
08/03/19 - 11:47:52.020 - Context.onCommand - Info - Eval: bpm.BPM3_Vertical_Profile() (ui)
08/03/19 - 11:48:35.380 - Context.onCommand - Info - Eval: bpm.BPM2_Horizontal_Profile() (ui)
08/03/19 - 11:50:27.183 - Context.onCommand - Info - Eval: lscan(Filter1, Diodes_Sum_Intensity, -1000, 31000, 100.0, latency=1) (ui)
08/03/19 - 12:03:42.273 - Context.onCommand - Info - Eval: lscan(Filter2, Diodes_Sum_Intensity, -1000, 31000, 100.0, latency=1) (ui)
08/03/19 - 13:10:22.269 - Context.onCommand - Info - Eval: lscan(Filter1, Diodes_Sum_Intensity, -1000, 31000, 200.0, latency=1) (ui)
08/03/19 - 13:47:04.338 - Context.onCommand - Info - Eval: bpm.BPM3_Vertical_Profile() (ui)
08/03/19 - 13:47:17.306 - Context.onCommand - Info - Eval: bpm.BPM3_Vertical_Profile() (ui)
08/03/19 - 13:47:25.162 - Context.onCommand - Info - Eval: bpm.BPM3_Horizontal_Profile() (ui)
08/03/19 - 13:51:05.127 - Context.onCommand - Info - Eval: bpm.BPM3_Horizontal_Profile() (ui)
08/03/19 - 13:51:07.408 - Context.onCommand - Info - Eval: bpm.BPM3_Vertical_Profile() (ui)
08/03/19 - 13:51:39.937 - Context.onCommand - Info - Eval: bpm.BPM3_Vertical_Profile() (ui)
08/03/19 - 13:51:53.865 - Context.onCommand - Info - Eval: bpm.BPM3_Vertical_Profile() (ui)
08/03/19 - 13:53:08.539 - Context.onCommand - Info - Eval: bpm.BPM3_Vertical_Profile() (ui)
08/03/19 - 13:54:30.589 - Context.onCommand - Info - Eval: bpm.BPM3_Vertical_Profile() (ui)
08/03/19 - 13:54:34.805 - Context.onCommand - Info - Eval: bpm.BPM3_Horizontal_Profile() (ui)
08/03/19 - 13:55:24.782 - Context.onCommand - Info - Eval: gap.Scan_with_Exponential_Background(10.0, 12.0, 0.1, wait=1) (ui)
08/03/19 - 13:56:39.447 - Context.onCommand - Info - Eval: gap.Scan_with_Exponential_Background(10.0, 11.0, 0.05, wait=1) (ui)
08/03/19 - 13:59:23.555 - Context.onCommand - Info - Eval: bpm.BPM3_Horizontal_Profile() (ui)
08/03/19 - 13:59:27.548 - Context.onCommand - Info - Eval: bpm.BPM3_Vertical_Profile() (ui)
08/03/19 - 14:00:40.470 - Context.onCommand - Info - Eval: lscan(Filter1, Diodes_Sum_Intensity, -1000, 31000, 200.0, latency=1) (ui)
08/03/19 - 14:04:20.642 - Context.onCommand - Info - Eval: lscan(Filter2, Diodes_Sum_Intensity, -1000, 31000, 200.0, latency=1) (ui)
08/03/19 - 14:48:09.145 - Context.onCommand - Info - Eval: bpm.BPM3_Vertical_Profile() (ui)
08/03/19 - 14:48:24.881 - Context.onCommand - Info - Eval: bpm.BPM3_Vertical_Profile() (ui)
08/03/19 - 14:50:20.379 - Context.onCommand - Info - Eval: bpm.BPM3_Vertical_Profile() (ui)
08/03/19 - 14:51:26.885 - Context.onCommand - Info - Eval: bpm.BPM3_Vertical_Profile() (ui)
08/03/19 - 14:51:58.462 - Context.onCommand - Info - Eval: bpm.BPM3_Vertical_Profile() (ui)
08/03/19 - 14:53:22.824 - Context.onCommand - Info - Eval: bpm.BPM3_Vertical_Profile() (ui)
08/03/19 - 14:54:02.904 - Context.onCommand - Info - Eval: gap.Scan_with_Exponential_Background(10.0, 12.0, 0.1, wait=1) (ui)
08/03/19 - 14:55:40.531 - Context.onCommand - Info - Eval: gap.Scan_with_Exponential_Background(9.7, 11., 0.05, wait=1) (ui)
08/03/19 - 14:58:45.855 - Context.onCommand - Info - Eval: gap.Scan_with_Exponential_Background(14, 20., 0.1, wait=1) (ui)
08/03/19 - 15:01:40.820 - Context.onCommand - Info - Eval: :abort (ui)
08/03/19 - 15:01:40.821 - Context.onCommand - Info - Abort (ui)
08/03/19 - 15:01:40.821 - ScanBase.abort - Info - Aborting: LineScan gap-1
08/03/19 - 15:01:40.821 - ScriptManager.abort - Info - Aborting
08/03/19 - 15:06:57.531 - Context.onCommand - Info - Eval: gap.Scan_with_Exponential_Background(15.0, 18.0, 0.1, wait=1) (ui)
08/03/19 - 15:08:54.333 - Context.onCommand - Info - Eval: gap.Scan_with_Exponential_Background(18.0, 20.0, 0.2, wait=1) (ui)
08/03/19 - 15:16:53.601 - Context.onCommand - Info - Eval: pink.ge_spot(exposure=1, images=10) (ui)
08/03/19 - 15:19:55.589 - Context.onCommand - Info - Eval: pink.ge_spot(exposure=1, images=10) (ui)
08/03/19 - 15:20:57.822 - Context.onCommand - Info - Eval: pink.ge_spot(exposure=1, images=10) (ui)
08/03/19 - 15:21:43.431 - Context.onCommand - Info - Eval: pink.ge_spot(exposure=2, images=10) (ui)
08/03/19 - 15:24:35.995 - Context.onCommand - Info - Eval: pink.ge_spot(exposure=2, images=10) (ui)
