14/02/19 - 18:38:55.126 - Context.restart - Info - Initializing context
14/02/19 - 18:38:55.128 - DataManager.initialize - Info - Initializing DataManager
14/02/19 - 18:38:55.131 - DataManager.initialize - Info - Finished DataManager initialization
14/02/19 - 18:38:55.132 - Context.restart - Info - Loading Device Pool
14/02/19 - 18:38:55.133 - DevicePool.initialize - Info - Initializing DevicePool
14/02/19 - 18:38:55.135 - DevicePool.initializeDevices - Info - Initializing: U17_Gap_RBV
14/02/19 - 18:38:55.151 - DevicePool.initializeDevices - Info - Initializing: U17_Gap_Set
14/02/19 - 18:38:55.162 - DevicePool.initializeDevices - Info - Initializing: U17_Gap_Exec
14/02/19 - 18:38:55.174 - DevicePool.initializeDevices - Info - Initializing: Diodes_Sum_Intensity
14/02/19 - 18:38:55.186 - DevicePool.initializeDevices - Info - Initializing: Filter1
14/02/19 - 18:38:55.198 - DevicePool.initializeDevices - Info - Initializing: Filter1_RBV
14/02/19 - 18:38:55.211 - DevicePool.initializeDevices - Info - Initializing: Filter2
14/02/19 - 18:38:55.221 - DevicePool.initializeDevices - Info - Initializing: Filter2_RBV
14/02/19 - 18:38:55.233 - DevicePool.initializeDevices - Info - Initializing: BPM2_Vert_Profile
14/02/19 - 18:38:55.245 - DevicePool.initializeDevices - Info - Initializing: BPM2_Profile_Size
14/02/19 - 18:38:55.289 - DevicePool.initialize - Info - Finished DevicePool initialization
14/02/19 - 18:38:55.293 - ScriptManager.<init> - Info - Initializing ScriptManager
14/02/19 - 18:38:55.295 - ScriptManager.<init> - Info - Finished ScriptManager initialization
14/02/19 - 18:38:55.567 - Context.lambda$restart$1 - Info - Executed startup script
14/02/19 - 18:38:55.672 - Context.lambda$restart$1 - Info - Executed local startup script
14/02/19 - 18:39:14.095 - Context.onCommand - Info - Eval: bpm.BPM2_Vertical_Profile() (ui)
14/02/19 - 18:40:53.962 - Context.onCommand - Info - Restart (ui)
