06/03/19 - 17:43:51.421 - Context.restart - Info - Initializing context
06/03/19 - 17:43:51.431 - DataManager.initialize - Info - Initializing DataManager
06/03/19 - 17:43:51.434 - DataManager.initialize - Info - Finished DataManager initialization
06/03/19 - 17:43:51.435 - Context.restart - Info - Loading Device Pool
06/03/19 - 17:43:51.435 - DevicePool.initialize - Info - Initializing DevicePool
06/03/19 - 17:43:51.447 - DevicePool.initializeDevices - Info - Initializing: IZero_Profile
06/03/19 - 17:43:51.483 - DevicePool.initializeDevices - Info - Initializing: U17_Gap_RBV
06/03/19 - 17:43:51.495 - DevicePool.initializeDevices - Info - Initializing: U17_Gap_Set
06/03/19 - 17:43:51.507 - DevicePool.initializeDevices - Info - Initializing: U17_Gap_Status
06/03/19 - 17:43:51.528 - DevicePool.initializeDevices - Info - Initializing: IZero
06/03/19 - 17:43:51.539 - DevicePool.initializeDevices - Info - Initializing: TFY_Profile
06/03/19 - 17:43:51.575 - DevicePool.initializeDevices - Info - Initializing: TFY
06/03/19 - 17:43:51.586 - DevicePool.initializeDevices - Info - Initializing: GE_AreaDet
06/03/19 - 17:43:51.733 - DevicePool.initializeDevices - Info - Initializing: GE_FrameID
06/03/19 - 17:43:51.734 - DevicePool.initializeDevices - Info - Initializing: GE_Raw_Imaging
06/03/19 - 17:43:51.734 - DevicePool.initializeDevices - Info - Initializing: GE_Raw_Array
06/03/19 - 17:43:51.736 - DevicePool.initializeDevices - Info - Initializing: GE_BG_Array
06/03/19 - 17:43:51.771 - DevicePool.initializeDevices - Info - Initializing: GE_BG_SizeY
06/03/19 - 17:43:51.771 - DevicePool.initializeDevices - Info - Initializing: GE_BG_SizeX
06/03/19 - 17:43:51.772 - DevicePool.initializeDevices - Info - Initializing: GE_ROI_Array
06/03/19 - 17:43:51.807 - DevicePool.initializeDevices - Info - Initializing: GE_ROI_SizeY
06/03/19 - 17:43:51.819 - DevicePool.initializeDevices - Info - Initializing: GE_ROI_SizeX
06/03/19 - 17:43:51.831 - DevicePool.initializeDevices - Info - Initializing: GE_ROI_Line
06/03/19 - 17:43:51.842 - DevicePool.initializeDevices - Info - Initializing: GE_Spectrum
06/03/19 - 17:43:51.877 - DevicePool.initializeDevices - Info - Initializing: GE_Spectrum_Sum
06/03/19 - 17:43:51.910 - DevicePool.initializeDevices - Info - Initializing: GE_Spectrum_Conv
06/03/19 - 17:43:51.922 - DevicePool.initializeDevices - Info - Initializing: GE_Sensor_Temp
06/03/19 - 17:43:51.934 - DevicePool.initializeDevices - Info - Initializing: Scan_Progress
06/03/19 - 17:43:51.946 - DevicePool.initializeDevices - Info - Initializing: Press_Diag_PV
06/03/19 - 17:43:51.959 - DevicePool.initializeDevices - Info - Initializing: Press_Diag_HV
06/03/19 - 17:43:51.971 - DevicePool.initializeDevices - Info - Initializing: Press_Spec_PV
06/03/19 - 17:43:51.982 - DevicePool.initializeDevices - Info - Initializing: Press_Spec_HV
06/03/19 - 17:43:51.994 - DevicePool.initializeDevices - Info - Initializing: Press_Sample_Ch
06/03/19 - 17:43:52.006 - DevicePool.initializeDevices - Info - Initializing: Diodes_Sum_Intensity
06/03/19 - 17:43:52.006 - DevicePool.initializeDevices - Info - Initializing: VH_Diode
06/03/19 - 17:43:52.007 - DevicePool.initializeDevices - Info - Initializing: SEC_el_x
06/03/19 - 17:43:52.096 - DevicePool.initializeDevices - Info - Initializing: SEC_el_y
06/03/19 - 17:43:52.184 - DevicePool.initializeDevices - Info - Initializing: SEC_el_y_Enc
06/03/19 - 17:43:52.185 - DevicePool.initializeDevices - Info - Initializing: SEC_el_x_Enc
06/03/19 - 17:43:52.185 - DevicePool.initializeDevices - Info - Initializing: Diode_1
06/03/19 - 17:43:52.196 - DevicePool.initializeDevices - Info - Initializing: Diode_2
06/03/19 - 17:43:52.208 - DevicePool.initializeDevices - Info - Initializing: Diode_3
06/03/19 - 17:43:52.219 - DevicePool.initializeDevices - Info - Initializing: Diode_4
06/03/19 - 17:43:52.231 - DevicePool.initializeDevices - Info - Initializing: Filter1
06/03/19 - 17:43:52.319 - DevicePool.initializeDevices - Info - Initializing: Filter2
06/03/19 - 17:43:52.421 - DevicePool.initializeDevices - Info - Initializing: BPM2_Vert_Profile
06/03/19 - 17:43:52.433 - DevicePool.initializeDevices - Info - Initializing: BPM2_Profile_Size
06/03/19 - 17:43:52.444 - DevicePool.initializeDevices - Info - Initializing: ring_current
06/03/19 - 17:43:52.694 - DevicePool.initialize - Info - Finished DevicePool initialization
06/03/19 - 17:43:52.695 - ScriptManager.<init> - Info - Initializing ScriptManager
06/03/19 - 17:43:52.697 - ScriptManager.<init> - Info - Finished ScriptManager initialization
06/03/19 - 17:43:52.945 - Context.lambda$restart$1 - Info - Executed startup script
06/03/19 - 17:43:53.048 - DevicePool.addDevice - Info - Adding device: GE_BG_Image
06/03/19 - 17:43:53.049 - DevicePool.addDevice - Info - Adding device: GE_ROI_Image
06/03/19 - 17:43:53.049 - DevicePool.addDevice - Info - Adding device: GE_Raw_Image
06/03/19 - 17:43:54.095 - Context.lambda$restart$1 - Info - Executed local startup script
06/03/19 - 17:44:01.235 - Context.onCommand - Info - Eval: pink.ge_spot(exposure=1, images=10) (ui)
06/03/19 - 17:45:25.661 - Context.onCommand - Info - Restart (ui)
