11/03/19 - 15:30:44.440 - Context.restart - Info - Initializing context
11/03/19 - 15:30:44.441 - DataManager.initialize - Info - Initializing DataManager
11/03/19 - 15:30:44.441 - DataManager.initialize - Info - Finished DataManager initialization
11/03/19 - 15:30:44.442 - Context.restart - Info - Loading Device Pool
11/03/19 - 15:30:44.442 - DevicePool.initialize - Info - Initializing DevicePool
11/03/19 - 15:30:44.449 - DevicePool.initializeDevices - Info - Initializing: IZero_Profile
11/03/19 - 15:30:44.484 - DevicePool.initializeDevices - Info - Initializing: U17_Gap_RBV
11/03/19 - 15:30:44.502 - DevicePool.initializeDevices - Info - Initializing: U17_Gap_Set
11/03/19 - 15:30:44.514 - DevicePool.initializeDevices - Info - Initializing: U17_Gap_Status
11/03/19 - 15:30:44.528 - DevicePool.initializeDevices - Info - Initializing: IZero
11/03/19 - 15:30:44.539 - DevicePool.initializeDevices - Info - Initializing: TFY_Profile
11/03/19 - 15:30:44.578 - DevicePool.initializeDevices - Info - Initializing: TFY
11/03/19 - 15:30:44.590 - DevicePool.initializeDevices - Info - Initializing: GE_AreaDet
11/03/19 - 15:30:44.741 - DevicePool.initializeDevices - Info - Initializing: GE_FrameID
11/03/19 - 15:30:44.742 - DevicePool.initializeDevices - Info - Initializing: GE_Raw_Imaging
11/03/19 - 15:30:44.743 - DevicePool.initializeDevices - Info - Initializing: GE_Raw_Array
11/03/19 - 15:30:44.746 - DevicePool.initializeDevices - Info - Initializing: GE_BG_Array
11/03/19 - 15:30:44.779 - DevicePool.initializeDevices - Info - Initializing: GE_BG_SizeY
11/03/19 - 15:30:44.779 - DevicePool.initializeDevices - Info - Initializing: GE_BG_SizeX
11/03/19 - 15:30:44.780 - DevicePool.initializeDevices - Info - Initializing: GE_ROI_Array
11/03/19 - 15:30:44.814 - DevicePool.initializeDevices - Info - Initializing: GE_ROI_SizeY
11/03/19 - 15:30:44.825 - DevicePool.initializeDevices - Info - Initializing: GE_ROI_SizeX
11/03/19 - 15:30:44.837 - DevicePool.initializeDevices - Info - Initializing: GE_ROI_Line
11/03/19 - 15:30:44.848 - DevicePool.initializeDevices - Info - Initializing: GE_Spectrum
11/03/19 - 15:30:44.882 - DevicePool.initializeDevices - Info - Initializing: GE_Spectrum_Sum
11/03/19 - 15:30:44.917 - DevicePool.initializeDevices - Info - Initializing: GE_Spectrum_Conv
11/03/19 - 15:30:44.928 - DevicePool.initializeDevices - Info - Initializing: GE_Sensor_Temp
11/03/19 - 15:30:44.940 - DevicePool.initializeDevices - Info - Initializing: Scan_Progress
11/03/19 - 15:30:44.952 - DevicePool.initializeDevices - Info - Initializing: Press_Diag_PV
11/03/19 - 15:30:44.965 - DevicePool.initializeDevices - Info - Initializing: Press_Diag_HV
11/03/19 - 15:30:44.977 - DevicePool.initializeDevices - Info - Initializing: Press_Spec_PV
11/03/19 - 15:30:44.989 - DevicePool.initializeDevices - Info - Initializing: Press_Spec_HV
11/03/19 - 15:30:45.001 - DevicePool.initializeDevices - Info - Initializing: Press_Sample_Ch
11/03/19 - 15:30:45.013 - DevicePool.initializeDevices - Info - Initializing: Diodes_Sum_Intensity
11/03/19 - 15:30:45.014 - DevicePool.initializeDevices - Info - Initializing: VH_Diode
11/03/19 - 15:30:45.014 - DevicePool.initializeDevices - Info - Initializing: SEC_el_x
11/03/19 - 15:30:45.106 - DevicePool.initializeDevices - Info - Initializing: SEC_el_y
11/03/19 - 15:30:45.198 - DevicePool.initializeDevices - Info - Initializing: SEC_el_y_Enc
11/03/19 - 15:30:45.198 - DevicePool.initializeDevices - Info - Initializing: SEC_el_x_Enc
11/03/19 - 15:30:45.199 - DevicePool.initializeDevices - Info - Initializing: Diode_1
11/03/19 - 15:30:45.210 - DevicePool.initializeDevices - Info - Initializing: Diode_2
11/03/19 - 15:30:45.221 - DevicePool.initializeDevices - Info - Initializing: Diode_3
11/03/19 - 15:30:45.233 - DevicePool.initializeDevices - Info - Initializing: Diode_4
11/03/19 - 15:30:45.245 - DevicePool.initializeDevices - Info - Initializing: Filter1
11/03/19 - 15:30:45.337 - DevicePool.initializeDevices - Info - Initializing: Filter2
11/03/19 - 15:30:45.428 - DevicePool.initializeDevices - Info - Initializing: BPM2_Vert_Profile
11/03/19 - 15:30:45.441 - DevicePool.initializeDevices - Info - Initializing: BPM2_Profile_Size
11/03/19 - 15:30:45.452 - DevicePool.initializeDevices - Info - Initializing: ring_current
11/03/19 - 15:30:45.710 - DevicePool.initialize - Info - Finished DevicePool initialization
11/03/19 - 15:30:45.713 - ScriptManager.<init> - Info - Initializing ScriptManager
11/03/19 - 15:30:45.718 - ScriptManager.<init> - Info - Finished ScriptManager initialization
11/03/19 - 15:30:46.066 - Context.lambda$restart$1 - Info - Executed startup script
11/03/19 - 15:30:46.212 - DevicePool.addDevice - Info - Adding device: GE_BG_Image
11/03/19 - 15:30:46.213 - DevicePool.addDevice - Info - Adding device: GE_ROI_Image
11/03/19 - 15:30:46.213 - DevicePool.addDevice - Info - Adding device: GE_Raw_Image
11/03/19 - 15:30:47.260 - Context.lambda$restart$1 - Info - Executed local startup script
11/03/19 - 15:31:01.335 - Context.onCommand - Info - Eval: pink.ge_SEC_EL_zigzag_scan(2, 1000, 100, 4, 3000, 100, 5) (ui)
11/03/19 - 15:31:59.339 - Context.onCommand - Info - Set Preference: STATUS, Scan complete (ui)
11/03/19 - 15:32:40.697 - Context.onCommand - Info - Restart (ui)
