27/02/19 - 15:56:05.145 - Context.restart - Info - Initializing context
27/02/19 - 15:56:05.146 - DataManager.initialize - Info - Initializing DataManager
27/02/19 - 15:56:05.147 - DataManager.initialize - Info - Finished DataManager initialization
27/02/19 - 15:56:05.148 - Context.restart - Info - Loading Device Pool
27/02/19 - 15:56:05.148 - DevicePool.initialize - Info - Initializing DevicePool
27/02/19 - 15:56:05.151 - DevicePool.initializeDevices - Info - Initializing: U17_Gap_RBV
27/02/19 - 15:56:05.170 - DevicePool.initializeDevices - Info - Initializing: U17_Gap_Set
27/02/19 - 15:56:05.182 - DevicePool.initializeDevices - Info - Initializing: U17_Gap_Exec
27/02/19 - 15:56:05.194 - DevicePool.initializeDevices - Info - Initializing: Diodes_Sum_Intensity
27/02/19 - 15:56:05.205 - DevicePool.initializeDevices - Info - Initializing: Diode_1
27/02/19 - 15:56:05.215 - DevicePool.initializeDevices - Info - Initializing: Diode_2
27/02/19 - 15:56:05.226 - DevicePool.initializeDevices - Info - Initializing: Diode_3
27/02/19 - 15:56:05.237 - DevicePool.initializeDevices - Info - Initializing: Diode_4
27/02/19 - 15:56:05.249 - DevicePool.initializeDevices - Info - Initializing: Filter1
27/02/19 - 15:56:05.340 - DevicePool.initializeDevices - Info - Initializing: Filter2
27/02/19 - 15:56:05.430 - DevicePool.initializeDevices - Info - Initializing: BPM2_Vert_Profile
27/02/19 - 15:56:05.443 - DevicePool.initializeDevices - Info - Initializing: BPM2_Profile_Size
27/02/19 - 15:56:05.454 - DevicePool.initializeDevices - Info - Initializing: Filter2_SIG
27/02/19 - 15:56:05.516 - DevicePool.initialize - Info - Finished DevicePool initialization
27/02/19 - 15:56:05.518 - ScriptManager.<init> - Info - Initializing ScriptManager
27/02/19 - 15:56:05.521 - ScriptManager.<init> - Info - Finished ScriptManager initialization
27/02/19 - 15:56:05.766 - Context.lambda$restart$1 - Info - Executed startup script
27/02/19 - 15:56:05.860 - Context.lambda$restart$1 - Info - Executed local startup script
27/02/19 - 15:57:08.844 - Context.onCommand - Info - Run: /home/epics/Pinkdata/Control/PShell/shared/blade_class.py (ui)
27/02/19 - 15:57:12.416 - Context.onCommand - Info - Restart (ui)
