06/03/19 - 17:45:27.148 - Context.restart - Info - Initializing context
06/03/19 - 17:45:27.151 - DataManager.initialize - Info - Initializing DataManager
06/03/19 - 17:45:27.153 - DataManager.initialize - Info - Finished DataManager initialization
06/03/19 - 17:45:27.153 - Context.restart - Info - Loading Device Pool
06/03/19 - 17:45:27.153 - DevicePool.initialize - Info - Initializing DevicePool
06/03/19 - 17:45:27.157 - DevicePool.initializeDevices - Info - Initializing: IZero_Profile
06/03/19 - 17:45:27.210 - DevicePool.initializeDevices - Info - Initializing: U17_Gap_RBV
06/03/19 - 17:45:27.225 - DevicePool.initializeDevices - Info - Initializing: U17_Gap_Set
06/03/19 - 17:45:27.238 - DevicePool.initializeDevices - Info - Initializing: U17_Gap_Status
06/03/19 - 17:45:27.260 - DevicePool.initializeDevices - Info - Initializing: IZero
06/03/19 - 17:45:27.271 - DevicePool.initializeDevices - Info - Initializing: TFY_Profile
06/03/19 - 17:45:27.320 - DevicePool.initializeDevices - Info - Initializing: TFY
06/03/19 - 17:45:27.340 - DevicePool.initializeDevices - Info - Initializing: GE_AreaDet
06/03/19 - 17:45:27.509 - DevicePool.initializeDevices - Info - Initializing: GE_FrameID
06/03/19 - 17:45:27.510 - DevicePool.initializeDevices - Info - Initializing: GE_Raw_Imaging
06/03/19 - 17:45:27.510 - DevicePool.initializeDevices - Info - Initializing: GE_Raw_Array
06/03/19 - 17:45:27.511 - DevicePool.initializeDevices - Info - Initializing: GE_BG_Array
06/03/19 - 17:45:27.545 - DevicePool.initializeDevices - Info - Initializing: GE_BG_SizeY
06/03/19 - 17:45:27.546 - DevicePool.initializeDevices - Info - Initializing: GE_BG_SizeX
06/03/19 - 17:45:27.546 - DevicePool.initializeDevices - Info - Initializing: GE_ROI_Array
06/03/19 - 17:45:27.580 - DevicePool.initializeDevices - Info - Initializing: GE_ROI_SizeY
06/03/19 - 17:45:27.591 - DevicePool.initializeDevices - Info - Initializing: GE_ROI_SizeX
06/03/19 - 17:45:27.602 - DevicePool.initializeDevices - Info - Initializing: GE_ROI_Line
06/03/19 - 17:45:27.614 - DevicePool.initializeDevices - Info - Initializing: GE_Spectrum
06/03/19 - 17:45:27.648 - DevicePool.initializeDevices - Info - Initializing: GE_Spectrum_Sum
06/03/19 - 17:45:27.682 - DevicePool.initializeDevices - Info - Initializing: GE_Spectrum_Conv
06/03/19 - 17:45:27.693 - DevicePool.initializeDevices - Info - Initializing: GE_Sensor_Temp
06/03/19 - 17:45:27.705 - DevicePool.initializeDevices - Info - Initializing: Scan_Progress
06/03/19 - 17:45:27.716 - DevicePool.initializeDevices - Info - Initializing: Press_Diag_PV
06/03/19 - 17:45:27.729 - DevicePool.initializeDevices - Info - Initializing: Press_Diag_HV
06/03/19 - 17:45:27.741 - DevicePool.initializeDevices - Info - Initializing: Press_Spec_PV
06/03/19 - 17:45:27.752 - DevicePool.initializeDevices - Info - Initializing: Press_Spec_HV
06/03/19 - 17:45:27.763 - DevicePool.initializeDevices - Info - Initializing: Press_Sample_Ch
06/03/19 - 17:45:27.775 - DevicePool.initializeDevices - Info - Initializing: Diodes_Sum_Intensity
06/03/19 - 17:45:27.775 - DevicePool.initializeDevices - Info - Initializing: VH_Diode
06/03/19 - 17:45:27.776 - DevicePool.initializeDevices - Info - Initializing: SEC_el_x
06/03/19 - 17:45:27.864 - DevicePool.initializeDevices - Info - Initializing: SEC_el_y
06/03/19 - 17:45:27.951 - DevicePool.initializeDevices - Info - Initializing: SEC_el_y_Enc
06/03/19 - 17:45:27.951 - DevicePool.initializeDevices - Info - Initializing: SEC_el_x_Enc
06/03/19 - 17:45:27.952 - DevicePool.initializeDevices - Info - Initializing: Diode_1
06/03/19 - 17:45:27.963 - DevicePool.initializeDevices - Info - Initializing: Diode_2
06/03/19 - 17:45:27.974 - DevicePool.initializeDevices - Info - Initializing: Diode_3
06/03/19 - 17:45:27.993 - DevicePool.initializeDevices - Info - Initializing: Diode_4
06/03/19 - 17:45:28.013 - DevicePool.initializeDevices - Info - Initializing: Filter1
06/03/19 - 17:45:28.101 - DevicePool.initializeDevices - Info - Initializing: Filter2
06/03/19 - 17:45:28.192 - DevicePool.initializeDevices - Info - Initializing: BPM2_Vert_Profile
06/03/19 - 17:45:28.204 - DevicePool.initializeDevices - Info - Initializing: BPM2_Profile_Size
06/03/19 - 17:45:28.215 - DevicePool.initializeDevices - Info - Initializing: ring_current
06/03/19 - 17:45:28.499 - DevicePool.initialize - Info - Finished DevicePool initialization
06/03/19 - 17:45:28.501 - ScriptManager.<init> - Info - Initializing ScriptManager
06/03/19 - 17:45:28.502 - ScriptManager.<init> - Info - Finished ScriptManager initialization
06/03/19 - 17:45:28.741 - Context.lambda$restart$1 - Info - Executed startup script
06/03/19 - 17:45:28.845 - DevicePool.addDevice - Info - Adding device: GE_BG_Image
06/03/19 - 17:45:28.845 - DevicePool.addDevice - Info - Adding device: GE_ROI_Image
06/03/19 - 17:45:28.846 - DevicePool.addDevice - Info - Adding device: GE_Raw_Image
06/03/19 - 17:45:29.894 - Context.lambda$restart$1 - Info - Executed local startup script
06/03/19 - 17:45:39.557 - Context.onCommand - Info - Eval: pink.ge_spot(exposure=1, images=10) (ui)
06/03/19 - 17:46:05.294 - Context.onCommand - Info - Eval:  (ui)
06/03/19 - 17:46:05.422 - Context.onCommand - Info - Eval:  (ui)
06/03/19 - 17:46:12.742 - Context.onCommand - Info - Eval: pink.ge_spot(exposure=60, images=5) (ui)
06/03/19 - 17:54:56.954 - Context.onCommand - Info - Eval:  (ui)
06/03/19 - 17:54:58.147 - Context.onCommand - Info - Eval:  (ui)
06/03/19 - 17:54:58.297 - Context.onCommand - Info - Eval:  (ui)
06/03/19 - 18:00:43.026 - Context.onCommand - Info - Eval: pink.ge_spot(exposure=60, images=5) (ui)
06/03/19 - 18:11:18.481 - Context.onCommand - Info - Eval: blade.Diagnostic_Chamber_Blade_Scan(start=1000, end=5000, steps=200.0, interval=1) (ui)
06/03/19 - 18:13:22.724 - Context.onCommand - Info - Eval: blade.Diagnostic_Chamber_Blade_Scan(start=3500, end=4500, steps=5.0, interval=0.5) (ui)
06/03/19 - 18:13:56.080 - Context.onCommand - Info - Eval: :abort (ui)
06/03/19 - 18:13:56.080 - Context.onCommand - Info - Abort (ui)
06/03/19 - 18:13:56.081 - ScanBase.abort - Info - Aborting: LineScan blade_diag-1
06/03/19 - 18:13:56.082 - ScriptManager.abort - Info - Aborting
06/03/19 - 18:13:59.853 - Context.onCommand - Info - Eval: blade.Diagnostic_Chamber_Blade_Scan(start=3500, end=4500, steps=5.0, interval=0.5) (ui)
06/03/19 - 18:19:29.364 - Context.onCommand - Info - Restart (ui)
