15/02/19 - 12:48:11.616 - Context.restart - Info - Initializing context
15/02/19 - 12:48:11.617 - DataManager.initialize - Info - Initializing DataManager
15/02/19 - 12:48:11.623 - DataManager.initialize - Info - Finished DataManager initialization
15/02/19 - 12:48:11.623 - Context.restart - Info - Loading Device Pool
15/02/19 - 12:48:11.624 - DevicePool.initialize - Info - Initializing DevicePool
15/02/19 - 12:48:11.625 - DevicePool.initializeDevices - Info - Initializing: U17_Gap_RBV
15/02/19 - 12:48:11.641 - DevicePool.initializeDevices - Info - Initializing: U17_Gap_Set
15/02/19 - 12:48:11.652 - DevicePool.initializeDevices - Info - Initializing: U17_Gap_Exec
15/02/19 - 12:48:11.663 - DevicePool.initializeDevices - Info - Initializing: Diodes_Sum_Intensity
15/02/19 - 12:48:11.674 - DevicePool.initializeDevices - Info - Initializing: Filter1
15/02/19 - 12:48:11.685 - DevicePool.initializeDevices - Info - Initializing: Filter1_RBV
15/02/19 - 12:48:11.696 - DevicePool.initializeDevices - Info - Initializing: Filter2
15/02/19 - 12:48:11.707 - DevicePool.initializeDevices - Info - Initializing: Filter2_RBV
15/02/19 - 12:48:11.718 - DevicePool.initializeDevices - Info - Initializing: BPM2_Vert_Profile
15/02/19 - 12:48:11.730 - DevicePool.initializeDevices - Info - Initializing: BPM2_Profile_Size
15/02/19 - 12:48:11.779 - DevicePool.initialize - Info - Finished DevicePool initialization
15/02/19 - 12:48:11.782 - ScriptManager.<init> - Info - Initializing ScriptManager
15/02/19 - 12:48:11.789 - ScriptManager.<init> - Info - Finished ScriptManager initialization
15/02/19 - 12:48:12.049 - Context.lambda$restart$1 - Info - Executed startup script
15/02/19 - 12:48:12.131 - Context.lambda$restart$1 - Info - Executed local startup script
15/02/19 - 12:48:20.412 - Context.onCommand - Info - Eval: bpm.BPM2_Vertical_Profile() (ui)
15/02/19 - 12:53:36.315 - Context.onCommand - Info - Restart (ui)
