11/01/19 - 10:53:00.915 - Context.<init> - Info - Process: 26175@pink-vm10
11/01/19 - 10:53:00.916 - Context.<init> - Info - Context: unknown
11/01/19 - 10:53:00.917 - Context.<init> - Info - Pars: /home/nilson/PShell/pshell-1.10.0-fat.jar -home=/home/nilson/PShell/home -dlaf
11/01/19 - 10:53:00.917 - Context.<init> - Info - User: nilson
11/01/19 - 10:53:00.917 - Context.<init> - Info - Host: pink-vm10
11/01/19 - 10:53:00.929 - PluginManager.loadExtensionsFolder - Info - Loading extensions folder
11/01/19 - 10:53:00.930 - DataManager.initialize - Info - Initializing DataManager
11/01/19 - 10:53:00.939 - DataManager.setProvider - Info - Setting data provider: ch.psi.pshell.data.ProviderHDF5
11/01/19 - 10:53:00.941 - DataManager.setLayout - Info - Setting data layout: ch.psi.pshell.data.LayoutDefault
11/01/19 - 10:53:00.943 - DataManager.initialize - Info - Finished DataManager initialization
11/01/19 - 10:53:00.943 - App.startup - Info - Version: 1.10-SNAPSHOT (build 1812200927-py)
11/01/19 - 10:53:00.945 - App.startup - Info - Create workbench
11/01/19 - 10:53:02.133 - PluginManager.loadPluginFolder - Info - Loading plugins folder
11/01/19 - 10:53:02.138 - PluginManager.loadPlugin - Info - Load plugin: /home/nilson/PShell/home/plugins/pp1.java
11/01/19 - 10:53:02.159 - PluginManager.startPlugins - Info - Start plugins
11/01/19 - 10:53:02.169 - PluginManager.startPlugin - Info - Started plugin: pp1.java
11/01/19 - 10:53:02.170 - Context.onCommand - Info - Restart (ui)
11/01/19 - 10:53:02.184 - Context.restart - Info - Initializing context
11/01/19 - 10:53:02.186 - Context.onUserChange - Info - User: Default [administrator] *
11/01/19 - 10:53:02.189 - Context.restart - Info - Loading Device Pool
11/01/19 - 10:53:02.189 - DevicePool.initialize - Info - Initializing DevicePool
11/01/19 - 10:53:02.236 - ScriptManager.<init> - Info - Initializing ScriptManager
11/01/19 - 10:53:02.661 - ScriptManager.<init> - Info - Finished ScriptManager initialization
11/01/19 - 10:53:04.559 - Context.lambda$restart$1 - Info - Executed startup script
11/01/19 - 10:53:04.562 - Context.lambda$restart$1 - Info - Executed local startup script
11/01/19 - 13:01:30.063 - PluginManager.reloadPlugin - Info - Reload plugin file: /home/nilson/PShell/home/plugins/pp1.java
11/01/19 - 13:01:30.065 - PluginManager.stopPlugin - Info - Stopped plugin: pp1.java
11/01/19 - 13:01:30.065 - PluginManager.loadPlugin - Info - Load plugin: /home/nilson/PShell/home/plugins/pp1.java
11/01/19 - 13:01:30.065 - PluginManager.loadJavaFile - Info - Compiling class file: /home/nilson/PShell/home/plugins/pp1.java
11/01/19 - 13:01:30.572 - PluginManager.startPlugin - Info - Started plugin: pp1.java
11/01/19 - 13:04:53.775 - PluginManager.reloadPlugin - Info - Reload plugin file: /home/nilson/PShell/home/plugins/pp1.java
11/01/19 - 13:04:53.777 - PluginManager.stopPlugin - Info - Stopped plugin: pp1.java
11/01/19 - 13:04:53.777 - PluginManager.loadPlugin - Info - Load plugin: /home/nilson/PShell/home/plugins/pp1.java
11/01/19 - 13:04:53.778 - PluginManager.loadJavaFile - Info - Compiling class file: /home/nilson/PShell/home/plugins/pp1.java
11/01/19 - 13:04:53.907 - PluginManager.startPlugin - Info - Started plugin: pp1.java
11/01/19 - 13:20:03.310 - PluginManager.reloadPlugin - Info - Reload plugin file: /home/nilson/PShell/home/plugins/pp1.java
11/01/19 - 13:20:03.312 - PluginManager.stopPlugin - Info - Stopped plugin: pp1.java
11/01/19 - 13:20:03.312 - PluginManager.loadPlugin - Info - Load plugin: /home/nilson/PShell/home/plugins/pp1.java
11/01/19 - 13:20:03.313 - PluginManager.loadJavaFile - Info - Compiling class file: /home/nilson/PShell/home/plugins/pp1.java
11/01/19 - 13:20:03.375 - PluginManager.startPlugin - Info - Started plugin: pp1.java
11/01/19 - 13:24:42.637 - Context.onCommand - Info - Run: pp1.py (ui)
11/01/19 - 13:26:37.086 - PluginManager.reloadPlugin - Info - Reload plugin file: /home/nilson/PShell/home/plugins/pp1.java
11/01/19 - 13:26:37.087 - PluginManager.stopPlugin - Info - Stopped plugin: pp1.java
11/01/19 - 13:26:37.088 - PluginManager.loadPlugin - Info - Load plugin: /home/nilson/PShell/home/plugins/pp1.java
11/01/19 - 13:26:37.088 - PluginManager.loadJavaFile - Info - Compiling class file: /home/nilson/PShell/home/plugins/pp1.java
11/01/19 - 13:26:37.139 - PluginManager.startPlugin - Info - Started plugin: pp1.java
11/01/19 - 13:35:16.654 - PluginManager.reloadPlugin - Info - Reload plugin file: /home/nilson/PShell/home/plugins/pp1.java
11/01/19 - 13:35:16.656 - PluginManager.stopPlugin - Info - Stopped plugin: pp1.java
11/01/19 - 13:35:16.656 - PluginManager.loadPlugin - Info - Load plugin: /home/nilson/PShell/home/plugins/pp1.java
11/01/19 - 13:35:16.656 - PluginManager.loadJavaFile - Info - Compiling class file: /home/nilson/PShell/home/plugins/pp1.java
11/01/19 - 13:35:16.762 - PluginManager.startPlugin - Info - Started plugin: pp1.java
11/01/19 - 13:35:27.058 - Context.onCommand - Info - Run: pp1, myx=23 (plugin)
11/01/19 - 13:45:02.694 - PluginManager.reloadPlugin - Info - Reload plugin file: /home/nilson/PShell/home/plugins/pp1.java
11/01/19 - 13:45:02.695 - PluginManager.stopPlugin - Info - Stopped plugin: pp1.java
11/01/19 - 13:45:02.695 - PluginManager.loadPlugin - Info - Load plugin: /home/nilson/PShell/home/plugins/pp1.java
11/01/19 - 13:45:02.695 - PluginManager.loadJavaFile - Info - Compiling class file: /home/nilson/PShell/home/plugins/pp1.java
11/01/19 - 13:45:02.806 - PluginManager.startPlugin - Info - Started plugin: pp1.java
11/01/19 - 13:45:06.246 - Context.onCommand - Info - Run: pp1, myx=0.0 (plugin)
11/01/19 - 13:45:21.662 - Context.onCommand - Info - Run: pp1, myx=48.25 (plugin)
11/01/19 - 13:46:14.718 - Context.onCommand - Info - Run: pp1, myx=48.25 (plugin)
11/01/19 - 13:46:47.366 - Context.onCommand - Info - Run: pp1, myx=12.0 (plugin)
11/01/19 - 13:51:11.214 - PluginManager.reloadPlugin - Info - Reload plugin file: /home/nilson/PShell/home/plugins/pp1.java
11/01/19 - 13:51:11.215 - PluginManager.stopPlugin - Info - Stopped plugin: pp1.java
11/01/19 - 13:51:11.215 - PluginManager.loadPlugin - Info - Load plugin: /home/nilson/PShell/home/plugins/pp1.java
11/01/19 - 13:51:11.215 - PluginManager.loadJavaFile - Info - Compiling class file: /home/nilson/PShell/home/plugins/pp1.java
11/01/19 - 13:51:11.303 - PluginManager.startPlugin - Info - Started plugin: pp1.java
11/01/19 - 13:51:19.414 - Context.onCommand - Info - Run: pp1, myx=48.23 (plugin)
11/01/19 - 14:45:51.837 - Context.onCommand - Info - Run: pp1, myx=48.23 (plugin)
11/01/19 - 14:45:53.252 - Context.onCommand - Info - Run: pp1, myx=48.23 (plugin)
11/01/19 - 15:14:29.891 - PluginManager.loadPlugin - Info - Load plugin: /home/nilson/PShell/home/plugins/pp2.java
11/01/19 - 15:14:29.892 - PluginManager.loadJavaFile - Info - Compiling class file: /home/nilson/PShell/home/plugins/pp2.java
11/01/19 - 15:14:29.941 - PluginManager.startPlugin - Info - Started plugin: pp2.java
11/01/19 - 15:21:55.013 - Context.onCommand - Info - Eval: myx (ui)
11/01/19 - 15:22:01.963 - Context.onCommand - Info - Eval: args (ui)
11/01/19 - 15:22:24.908 - Context.onCommand - Info - Eval: if 'myx' in locals(): (ui)
11/01/19 - 15:22:28.547 - Context.onCommand - Info - Eval:  (ui)
11/01/19 - 15:22:38.091 - Context.onCommand - Info - Eval: print("ok") (ui)
11/01/19 - 15:22:41.739 - Context.onCommand - Info - Eval: if 'myx' in locals(): (ui)
11/01/19 - 15:22:42.996 - Context.onCommand - Info - Eval: print("ok") (ui)
11/01/19 - 15:22:43.899 - Context.onCommand - Info - Eval:  (ui)
11/01/19 - 15:22:48.819 - Context.onCommand - Info - Eval: if 'myx' in locals(): (ui)
11/01/19 - 15:22:52.595 - Context.onCommand - Info - Eval:     print("ok") (ui)
11/01/19 - 15:22:53.307 - Context.onCommand - Info - Eval:  (ui)
11/01/19 - 15:23:25.508 - Context.onCommand - Info - Eval: a = ["sadsad", 48.45] (ui)
11/01/19 - 15:23:27.211 - Context.onCommand - Info - Eval: a (ui)
11/01/19 - 15:23:33.532 - Context.onCommand - Info - Eval: a.count(value) (ui)
11/01/19 - 15:24:17.947 - Context.onCommand - Info - Eval:  (ui)
11/01/19 - 15:24:18.099 - Context.onCommand - Info - Eval:  (ui)
11/01/19 - 15:38:22.900 - Context.onCommand - Info - Run: pp2.py (ui)
11/01/19 - 15:38:38.891 - Context.onCommand - Info - Eval: str (ui)
11/01/19 - 15:38:45.451 - Context.onCommand - Info - Eval: str(34) (ui)
11/01/19 - 15:39:02.660 - Context.onCommand - Info - Run: pp2.py (ui)
11/01/19 - 15:39:29.163 - PluginManager.reloadPlugin - Info - Reload plugin file: /home/nilson/PShell/home/plugins/pp2.java
11/01/19 - 15:39:29.164 - PluginManager.stopPlugin - Info - Stopped plugin: pp2.java
11/01/19 - 15:39:29.172 - PluginManager.loadPlugin - Info - Load plugin: /home/nilson/PShell/home/plugins/pp2.java
11/01/19 - 15:39:29.173 - PluginManager.loadJavaFile - Info - Compiling class file: /home/nilson/PShell/home/plugins/pp2.java
11/01/19 - 15:39:29.252 - PluginManager.startPlugin - Info - Started plugin: pp2.java
11/01/19 - 15:39:37.499 - Context.onCommand - Info - Run: pp2, args=[11, text, 0] (plugin)
11/01/19 - 15:39:54.363 - Context.onCommand - Info - Run: pp2, args=[11, DRE, 78] (plugin)
11/01/19 - 16:09:49.319 - App.exit - Info - Aplication exit command by: MainFrame
11/01/19 - 16:09:49.323 - Context.close - Info - Close
11/01/19 - 16:09:49.324 - PluginManager.stopPlugins - Info - Stop plugins
11/01/19 - 16:09:49.324 - PluginManager.stopPlugin - Info - Stopped plugin: pp1.java
11/01/19 - 16:09:49.325 - PluginManager.stopPlugin - Info - Stopped plugin: pp2.java
11/01/19 - 16:09:49.367 - App.end - Info - Finished
