15/02/19 - 11:29:53.008 - Context.restart - Info - Initializing context
15/02/19 - 11:29:53.010 - DataManager.initialize - Info - Initializing DataManager
15/02/19 - 11:29:53.011 - DataManager.initialize - Info - Finished DataManager initialization
15/02/19 - 11:29:53.012 - Context.restart - Info - Loading Device Pool
15/02/19 - 11:29:53.012 - DevicePool.initialize - Info - Initializing DevicePool
15/02/19 - 11:29:53.013 - DevicePool.initializeDevices - Info - Initializing: U17_Gap_RBV
15/02/19 - 11:29:53.030 - DevicePool.initializeDevices - Info - Initializing: U17_Gap_Set
15/02/19 - 11:29:53.042 - DevicePool.initializeDevices - Info - Initializing: U17_Gap_Exec
15/02/19 - 11:29:53.053 - DevicePool.initializeDevices - Info - Initializing: Diodes_Sum_Intensity
15/02/19 - 11:29:53.065 - DevicePool.initializeDevices - Info - Initializing: Filter1
15/02/19 - 11:29:53.077 - DevicePool.initializeDevices - Info - Initializing: Filter1_RBV
15/02/19 - 11:29:53.088 - DevicePool.initializeDevices - Info - Initializing: Filter2
15/02/19 - 11:29:53.100 - DevicePool.initializeDevices - Info - Initializing: Filter2_RBV
15/02/19 - 11:29:53.112 - DevicePool.initializeDevices - Info - Initializing: BPM2_Vert_Profile
15/02/19 - 11:29:53.125 - DevicePool.initializeDevices - Info - Initializing: BPM2_Profile_Size
15/02/19 - 11:29:53.180 - DevicePool.initialize - Info - Finished DevicePool initialization
15/02/19 - 11:29:53.182 - ScriptManager.<init> - Info - Initializing ScriptManager
15/02/19 - 11:29:53.190 - ScriptManager.<init> - Info - Finished ScriptManager initialization
15/02/19 - 11:29:53.516 - Context.lambda$restart$1 - Info - Executed startup script
15/02/19 - 11:29:53.590 - Context.lambda$restart$1 - Info - Executed local startup script
15/02/19 - 11:30:10.935 - Context.onCommand - Info - Eval: bpm.BPM1_Vertical_Profile() (ui)
15/02/19 - 11:31:49.489 - Context.onCommand - Info - Restart (ui)
