14/02/19 - 16:36:55.630 - Context.restart - Info - Initializing context
14/02/19 - 16:36:55.632 - DataManager.initialize - Info - Initializing DataManager
14/02/19 - 16:36:55.633 - DataManager.initialize - Info - Finished DataManager initialization
14/02/19 - 16:36:55.634 - Context.restart - Info - Loading Device Pool
14/02/19 - 16:36:55.634 - DevicePool.initialize - Info - Initializing DevicePool
14/02/19 - 16:36:55.637 - DevicePool.initializeDevices - Info - Initializing: U17_Gap_RBV
14/02/19 - 16:36:55.661 - DevicePool.initializeDevices - Info - Initializing: U17_Gap_Set
14/02/19 - 16:36:55.672 - DevicePool.initializeDevices - Info - Initializing: U17_Gap_Exec
14/02/19 - 16:36:55.684 - DevicePool.initializeDevices - Info - Initializing: Diodes_Sum_Intensity
14/02/19 - 16:36:55.695 - DevicePool.initializeDevices - Info - Initializing: Filter1
14/02/19 - 16:36:55.707 - DevicePool.initializeDevices - Info - Initializing: Filter1_RBV
14/02/19 - 16:36:55.718 - DevicePool.initializeDevices - Info - Initializing: Filter2
14/02/19 - 16:36:55.729 - DevicePool.initializeDevices - Info - Initializing: Filter2_RBV
14/02/19 - 16:36:55.740 - DevicePool.initializeDevices - Info - Initializing: BPM2_Vert_Profile
14/02/19 - 16:36:55.751 - DevicePool.initializeDevices - Info - Initializing: BPM2_Profile_Size
14/02/19 - 16:36:55.797 - DevicePool.initialize - Info - Finished DevicePool initialization
14/02/19 - 16:36:55.802 - ScriptManager.<init> - Info - Initializing ScriptManager
14/02/19 - 16:36:55.809 - ScriptManager.<init> - Info - Finished ScriptManager initialization
14/02/19 - 16:36:56.264 - Context.lambda$restart$1 - Info - Executed startup script
14/02/19 - 16:36:56.374 - Context.lambda$restart$1 - Info - Executed local startup script
14/02/19 - 16:37:05.111 - Context.onCommand - Info - Eval: bpm.BPM3_Vertical_Profile() (ui)
14/02/19 - 16:38:17.281 - Context.onCommand - Info - Restart (ui)
