14/02/19 - 18:19:00.449 - Context.restart - Info - Initializing context
14/02/19 - 18:19:00.451 - DataManager.initialize - Info - Initializing DataManager
14/02/19 - 18:19:00.453 - DataManager.initialize - Info - Finished DataManager initialization
14/02/19 - 18:19:00.454 - Context.restart - Info - Loading Device Pool
14/02/19 - 18:19:00.454 - DevicePool.initialize - Info - Initializing DevicePool
14/02/19 - 18:19:00.458 - DevicePool.initializeDevices - Info - Initializing: U17_Gap_RBV
14/02/19 - 18:19:00.473 - DevicePool.initializeDevices - Info - Initializing: U17_Gap_Set
14/02/19 - 18:19:00.486 - DevicePool.initializeDevices - Info - Initializing: U17_Gap_Exec
14/02/19 - 18:19:00.498 - DevicePool.initializeDevices - Info - Initializing: Diodes_Sum_Intensity
14/02/19 - 18:19:00.509 - DevicePool.initializeDevices - Info - Initializing: Filter1
14/02/19 - 18:19:00.521 - DevicePool.initializeDevices - Info - Initializing: Filter1_RBV
14/02/19 - 18:19:00.532 - DevicePool.initializeDevices - Info - Initializing: Filter2
14/02/19 - 18:19:00.547 - DevicePool.initializeDevices - Info - Initializing: Filter2_RBV
14/02/19 - 18:19:00.563 - DevicePool.initializeDevices - Info - Initializing: BPM2_Vert_Profile
14/02/19 - 18:19:00.575 - DevicePool.initializeDevices - Info - Initializing: BPM2_Profile_Size
14/02/19 - 18:19:00.624 - DevicePool.initialize - Info - Finished DevicePool initialization
14/02/19 - 18:19:00.627 - ScriptManager.<init> - Info - Initializing ScriptManager
14/02/19 - 18:19:00.629 - ScriptManager.<init> - Info - Finished ScriptManager initialization
14/02/19 - 18:19:00.944 - Context.lambda$restart$1 - Info - Executed startup script
14/02/19 - 18:19:01.039 - Context.lambda$restart$1 - Info - Executed local startup script
14/02/19 - 18:19:03.332 - Context.onCommand - Info - Eval: bpm.BPM3_Vertical_Profile() (ui)
14/02/19 - 18:19:46.437 - Context.onCommand - Info - Restart (ui)
