15/02/19 - 12:44:02.098 - Context.restart - Info - Initializing context
15/02/19 - 12:44:02.101 - DataManager.initialize - Info - Initializing DataManager
15/02/19 - 12:44:02.102 - DataManager.initialize - Info - Finished DataManager initialization
15/02/19 - 12:44:02.104 - Context.restart - Info - Loading Device Pool
15/02/19 - 12:44:02.104 - DevicePool.initialize - Info - Initializing DevicePool
15/02/19 - 12:44:02.111 - DevicePool.initializeDevices - Info - Initializing: U17_Gap_RBV
15/02/19 - 12:44:02.127 - DevicePool.initializeDevices - Info - Initializing: U17_Gap_Set
15/02/19 - 12:44:02.138 - DevicePool.initializeDevices - Info - Initializing: U17_Gap_Exec
15/02/19 - 12:44:02.150 - DevicePool.initializeDevices - Info - Initializing: Diodes_Sum_Intensity
15/02/19 - 12:44:02.161 - DevicePool.initializeDevices - Info - Initializing: Filter1
15/02/19 - 12:44:02.172 - DevicePool.initializeDevices - Info - Initializing: Filter1_RBV
15/02/19 - 12:44:02.184 - DevicePool.initializeDevices - Info - Initializing: Filter2
15/02/19 - 12:44:02.195 - DevicePool.initializeDevices - Info - Initializing: Filter2_RBV
15/02/19 - 12:44:02.205 - DevicePool.initializeDevices - Info - Initializing: BPM2_Vert_Profile
15/02/19 - 12:44:02.218 - DevicePool.initializeDevices - Info - Initializing: BPM2_Profile_Size
15/02/19 - 12:44:02.272 - DevicePool.initialize - Info - Finished DevicePool initialization
15/02/19 - 12:44:02.275 - ScriptManager.<init> - Info - Initializing ScriptManager
15/02/19 - 12:44:02.294 - ScriptManager.<init> - Info - Finished ScriptManager initialization
15/02/19 - 12:44:02.633 - Context.lambda$restart$1 - Info - Executed startup script
15/02/19 - 12:44:02.727 - Context.lambda$restart$1 - Info - Executed local startup script
15/02/19 - 12:44:19.430 - Context.onCommand - Info - Eval: bpm.BPM1_Vertical_Profile() (ui)
15/02/19 - 12:44:28.342 - Context.onCommand - Info - Eval: bpm.BPM1_Horizontal_Profile() (ui)
15/02/19 - 12:48:10.395 - Context.onCommand - Info - Restart (ui)
