01/03/19 - 16:35:18.410 - Context.restart - Info - Initializing context
01/03/19 - 16:35:18.413 - DataManager.initialize - Info - Initializing DataManager
01/03/19 - 16:35:18.414 - DataManager.initialize - Info - Finished DataManager initialization
01/03/19 - 16:35:18.414 - Context.restart - Info - Loading Device Pool
01/03/19 - 16:35:18.414 - DevicePool.initialize - Info - Initializing DevicePool
01/03/19 - 16:35:18.417 - DevicePool.initializeDevices - Info - Initializing: U17_Gap_RBV
01/03/19 - 16:35:18.436 - DevicePool.initializeDevices - Info - Initializing: U17_Gap_Set
01/03/19 - 16:35:18.448 - DevicePool.initializeDevices - Info - Initializing: U17_Gap_Status
01/03/19 - 16:35:18.469 - DevicePool.initializeDevices - Info - Initializing: TFY
01/03/19 - 16:35:18.480 - DevicePool.initializeDevices - Info - Initializing: Diodes_Sum_Intensity
01/03/19 - 16:35:18.492 - DevicePool.initializeDevices - Info - Initializing: Sample_Vert
01/03/19 - 16:35:18.585 - DevicePool.initializeDevices - Info - Initializing: Diode_1
01/03/19 - 16:35:18.597 - DevicePool.initializeDevices - Info - Initializing: Diode_2
01/03/19 - 16:35:18.608 - DevicePool.initializeDevices - Info - Initializing: Diode_3
01/03/19 - 16:35:18.621 - DevicePool.initializeDevices - Info - Initializing: Diode_4
01/03/19 - 16:35:18.633 - DevicePool.initializeDevices - Info - Initializing: Filter1
01/03/19 - 16:35:18.727 - DevicePool.initializeDevices - Info - Initializing: Filter2
01/03/19 - 16:35:18.812 - DevicePool.initializeDevices - Info - Initializing: BPM2_Vert_Profile
01/03/19 - 16:35:18.824 - DevicePool.initializeDevices - Info - Initializing: BPM2_Profile_Size
01/03/19 - 16:35:18.835 - DevicePool.initializeDevices - Info - Initializing: Filter2_SIG
01/03/19 - 16:35:18.898 - DevicePool.initialize - Info - Finished DevicePool initialization
01/03/19 - 16:35:18.900 - ScriptManager.<init> - Info - Initializing ScriptManager
01/03/19 - 16:35:18.907 - ScriptManager.<init> - Info - Finished ScriptManager initialization
01/03/19 - 16:35:19.202 - Context.lambda$restart$1 - Info - Executed startup script
01/03/19 - 16:35:19.315 - Context.lambda$restart$1 - Info - Executed local startup script
01/03/19 - 16:35:29.366 - Context.onCommand - Info - Eval: gap.Scan_with_Exponential_Background(11, 12.5, 0.05, wait=1) (ui)
01/03/19 - 16:49:11.472 - Context.onCommand - Info - Eval: gap.Scan_with_Exponential_Background(11, 12.5, 0.05, wait=1) (ui)
01/03/19 - 16:49:32.307 - Context.onCommand - Info - Eval: :abort (ui)
01/03/19 - 16:49:32.308 - Context.onCommand - Info - Abort (ui)
01/03/19 - 16:49:32.308 - ScanBase.abort - Info - Aborting: LineScan gap_exp-1
01/03/19 - 16:49:32.309 - ScriptManager.abort - Info - Aborting
01/03/19 - 16:49:35.408 - Context.onCommand - Info - Restart (ui)
