11/03/19 - 15:14:55.033 - Context.restart - Info - Initializing context
11/03/19 - 15:14:55.042 - DataManager.initialize - Info - Initializing DataManager
11/03/19 - 15:14:55.043 - DataManager.initialize - Info - Finished DataManager initialization
11/03/19 - 15:14:55.045 - Context.restart - Info - Loading Device Pool
11/03/19 - 15:14:55.045 - DevicePool.initialize - Info - Initializing DevicePool
11/03/19 - 15:14:55.053 - DevicePool.initializeDevices - Info - Initializing: IZero_Profile
11/03/19 - 15:14:55.096 - DevicePool.initializeDevices - Info - Initializing: U17_Gap_RBV
11/03/19 - 15:14:55.108 - DevicePool.initializeDevices - Info - Initializing: U17_Gap_Set
11/03/19 - 15:14:55.119 - DevicePool.initializeDevices - Info - Initializing: U17_Gap_Status
11/03/19 - 15:14:55.141 - DevicePool.initializeDevices - Info - Initializing: IZero
11/03/19 - 15:14:55.153 - DevicePool.initializeDevices - Info - Initializing: TFY_Profile
11/03/19 - 15:14:55.193 - DevicePool.initializeDevices - Info - Initializing: TFY
11/03/19 - 15:14:55.206 - DevicePool.initializeDevices - Info - Initializing: GE_AreaDet
11/03/19 - 15:14:55.361 - DevicePool.initializeDevices - Info - Initializing: GE_FrameID
11/03/19 - 15:14:55.362 - DevicePool.initializeDevices - Info - Initializing: GE_Raw_Imaging
11/03/19 - 15:14:55.363 - DevicePool.initializeDevices - Info - Initializing: GE_Raw_Array
11/03/19 - 15:14:55.366 - DevicePool.initializeDevices - Info - Initializing: GE_BG_Array
11/03/19 - 15:14:55.403 - DevicePool.initializeDevices - Info - Initializing: GE_BG_SizeY
11/03/19 - 15:14:55.404 - DevicePool.initializeDevices - Info - Initializing: GE_BG_SizeX
11/03/19 - 15:14:55.405 - DevicePool.initializeDevices - Info - Initializing: GE_ROI_Array
11/03/19 - 15:14:55.440 - DevicePool.initializeDevices - Info - Initializing: GE_ROI_SizeY
11/03/19 - 15:14:55.452 - DevicePool.initializeDevices - Info - Initializing: GE_ROI_SizeX
11/03/19 - 15:14:55.464 - DevicePool.initializeDevices - Info - Initializing: GE_ROI_Line
11/03/19 - 15:14:55.476 - DevicePool.initializeDevices - Info - Initializing: GE_Spectrum
11/03/19 - 15:14:55.511 - DevicePool.initializeDevices - Info - Initializing: GE_Spectrum_Sum
11/03/19 - 15:14:55.548 - DevicePool.initializeDevices - Info - Initializing: GE_Spectrum_Conv
11/03/19 - 15:14:55.560 - DevicePool.initializeDevices - Info - Initializing: GE_Sensor_Temp
11/03/19 - 15:14:55.571 - DevicePool.initializeDevices - Info - Initializing: Scan_Progress
11/03/19 - 15:14:55.581 - DevicePool.initializeDevices - Info - Initializing: Press_Diag_PV
11/03/19 - 15:14:55.593 - DevicePool.initializeDevices - Info - Initializing: Press_Diag_HV
11/03/19 - 15:14:55.605 - DevicePool.initializeDevices - Info - Initializing: Press_Spec_PV
11/03/19 - 15:14:55.616 - DevicePool.initializeDevices - Info - Initializing: Press_Spec_HV
11/03/19 - 15:14:55.627 - DevicePool.initializeDevices - Info - Initializing: Press_Sample_Ch
11/03/19 - 15:14:55.639 - DevicePool.initializeDevices - Info - Initializing: Diodes_Sum_Intensity
11/03/19 - 15:14:55.639 - DevicePool.initializeDevices - Info - Initializing: VH_Diode
11/03/19 - 15:14:55.640 - DevicePool.initializeDevices - Info - Initializing: SEC_el_x
11/03/19 - 15:14:55.728 - DevicePool.initializeDevices - Info - Initializing: SEC_el_y
11/03/19 - 15:14:55.818 - DevicePool.initializeDevices - Info - Initializing: SEC_el_y_Enc
11/03/19 - 15:14:55.819 - DevicePool.initializeDevices - Info - Initializing: SEC_el_x_Enc
11/03/19 - 15:14:55.820 - DevicePool.initializeDevices - Info - Initializing: Diode_1
11/03/19 - 15:14:55.831 - DevicePool.initializeDevices - Info - Initializing: Diode_2
11/03/19 - 15:14:55.843 - DevicePool.initializeDevices - Info - Initializing: Diode_3
11/03/19 - 15:14:55.856 - DevicePool.initializeDevices - Info - Initializing: Diode_4
11/03/19 - 15:14:55.868 - DevicePool.initializeDevices - Info - Initializing: Filter1
11/03/19 - 15:14:55.958 - DevicePool.initializeDevices - Info - Initializing: Filter2
11/03/19 - 15:14:56.049 - DevicePool.initializeDevices - Info - Initializing: BPM2_Vert_Profile
11/03/19 - 15:14:56.062 - DevicePool.initializeDevices - Info - Initializing: BPM2_Profile_Size
11/03/19 - 15:14:56.074 - DevicePool.initializeDevices - Info - Initializing: ring_current
11/03/19 - 15:14:56.364 - DevicePool.initialize - Info - Finished DevicePool initialization
11/03/19 - 15:14:56.366 - ScriptManager.<init> - Info - Initializing ScriptManager
11/03/19 - 15:14:56.369 - ScriptManager.<init> - Info - Finished ScriptManager initialization
11/03/19 - 15:14:56.924 - Context.lambda$restart$1 - Info - Executed startup script
11/03/19 - 15:14:57.139 - DevicePool.addDevice - Info - Adding device: GE_BG_Image
11/03/19 - 15:14:57.141 - DevicePool.addDevice - Info - Adding device: GE_ROI_Image
11/03/19 - 15:14:57.142 - DevicePool.addDevice - Info - Adding device: GE_Raw_Image
11/03/19 - 15:14:58.194 - Context.lambda$restart$1 - Info - Executed local startup script
11/03/19 - 15:16:21.875 - Context.onCommand - Info - Eval: pink.ge_SEC_EL_zigzag_scan(2, 1000, 100, 4, 3000, 100, 5) (ui)
11/03/19 - 15:16:34.817 - Context.onCommand - Info - Set Preference: STATUS, Scan complete (ui)
11/03/19 - 15:17:41.685 - Context.onCommand - Info - Restart (ui)
