15/02/19 - 10:31:35.993 - Context.restart - Info - Initializing context
15/02/19 - 10:31:35.996 - DataManager.initialize - Info - Initializing DataManager
15/02/19 - 10:31:35.997 - DataManager.initialize - Info - Finished DataManager initialization
15/02/19 - 10:31:35.998 - Context.restart - Info - Loading Device Pool
15/02/19 - 10:31:35.998 - DevicePool.initialize - Info - Initializing DevicePool
15/02/19 - 10:31:36.001 - DevicePool.initializeDevices - Info - Initializing: U17_Gap_RBV
15/02/19 - 10:31:36.019 - DevicePool.initializeDevices - Info - Initializing: U17_Gap_Set
15/02/19 - 10:31:36.030 - DevicePool.initializeDevices - Info - Initializing: U17_Gap_Exec
15/02/19 - 10:31:36.042 - DevicePool.initializeDevices - Info - Initializing: Diodes_Sum_Intensity
15/02/19 - 10:31:36.054 - DevicePool.initializeDevices - Info - Initializing: Filter1
15/02/19 - 10:31:36.066 - DevicePool.initializeDevices - Info - Initializing: Filter1_RBV
15/02/19 - 10:31:36.076 - DevicePool.initializeDevices - Info - Initializing: Filter2
15/02/19 - 10:31:36.088 - DevicePool.initializeDevices - Info - Initializing: Filter2_RBV
15/02/19 - 10:31:36.100 - DevicePool.initializeDevices - Info - Initializing: BPM2_Vert_Profile
15/02/19 - 10:31:36.113 - DevicePool.initializeDevices - Info - Initializing: BPM2_Profile_Size
15/02/19 - 10:31:36.169 - DevicePool.initialize - Info - Finished DevicePool initialization
15/02/19 - 10:31:36.171 - ScriptManager.<init> - Info - Initializing ScriptManager
15/02/19 - 10:31:36.178 - ScriptManager.<init> - Info - Finished ScriptManager initialization
15/02/19 - 10:31:36.532 - Context.lambda$restart$1 - Info - Executed startup script
15/02/19 - 10:31:36.654 - Context.lambda$restart$1 - Info - Executed local startup script
15/02/19 - 10:31:40.015 - Context.onCommand - Info - Eval: bpm.BPM1_Vertical_Profile() (ui)
15/02/19 - 10:35:01.043 - Context.onCommand - Info - Restart (ui)
