12/03/19 - 16:37:09.926 - Context.restart - Info - Initializing context
12/03/19 - 16:37:09.928 - DataManager.initialize - Info - Initializing DataManager
12/03/19 - 16:37:09.928 - DataManager.initialize - Info - Finished DataManager initialization
12/03/19 - 16:37:09.929 - Context.restart - Info - Loading Device Pool
12/03/19 - 16:37:09.929 - DevicePool.initialize - Info - Initializing DevicePool
12/03/19 - 16:37:09.949 - DevicePool.initializeDevices - Info - Initializing: IZero_Profile
12/03/19 - 16:37:09.989 - DevicePool.initializeDevices - Info - Initializing: U17_Gap_RBV
12/03/19 - 16:37:10.004 - DevicePool.initializeDevices - Info - Initializing: U17_Gap_Set
12/03/19 - 16:37:10.016 - DevicePool.initializeDevices - Info - Initializing: U17_Gap_Status
12/03/19 - 16:37:10.041 - DevicePool.initializeDevices - Info - Initializing: IZero
12/03/19 - 16:37:10.053 - DevicePool.initializeDevices - Info - Initializing: TFY_Profile
12/03/19 - 16:37:10.089 - DevicePool.initializeDevices - Info - Initializing: TFY
12/03/19 - 16:37:10.100 - DevicePool.initializeDevices - Info - Initializing: GE_AreaDet
12/03/19 - 16:37:10.264 - DevicePool.initializeDevices - Info - Initializing: GE_FrameID
12/03/19 - 16:37:10.265 - DevicePool.initializeDevices - Info - Initializing: GE_Raw_Imaging
12/03/19 - 16:37:10.265 - DevicePool.initializeDevices - Info - Initializing: GE_Raw_Array
12/03/19 - 16:37:10.267 - DevicePool.initializeDevices - Info - Initializing: GE_BG_Array
12/03/19 - 16:37:10.321 - DevicePool.initializeDevices - Info - Initializing: GE_BG_SizeY
12/03/19 - 16:37:10.322 - DevicePool.initializeDevices - Info - Initializing: GE_BG_SizeX
12/03/19 - 16:37:10.323 - DevicePool.initializeDevices - Info - Initializing: GE_ROI_Array
12/03/19 - 16:37:10.382 - DevicePool.initializeDevices - Info - Initializing: GE_ROI_SizeY
12/03/19 - 16:37:10.393 - DevicePool.initializeDevices - Info - Initializing: GE_ROI_SizeX
12/03/19 - 16:37:10.405 - DevicePool.initializeDevices - Info - Initializing: GE_ROI_Line
12/03/19 - 16:37:10.416 - DevicePool.initializeDevices - Info - Initializing: GE_Spectrum
12/03/19 - 16:37:10.449 - DevicePool.initializeDevices - Info - Initializing: GE_Spectrum_Sum
12/03/19 - 16:37:10.483 - DevicePool.initializeDevices - Info - Initializing: GE_Spectrum_Conv
12/03/19 - 16:37:10.494 - DevicePool.initializeDevices - Info - Initializing: GE_Sensor_Temp
12/03/19 - 16:37:10.506 - DevicePool.initializeDevices - Info - Initializing: Scan_Progress
12/03/19 - 16:37:10.517 - DevicePool.initializeDevices - Info - Initializing: Press_Diag_PV
12/03/19 - 16:37:10.530 - DevicePool.initializeDevices - Info - Initializing: Press_Diag_HV
12/03/19 - 16:37:10.542 - DevicePool.initializeDevices - Info - Initializing: Press_Spec_PV
12/03/19 - 16:37:10.554 - DevicePool.initializeDevices - Info - Initializing: Press_Spec_HV
12/03/19 - 16:37:10.566 - DevicePool.initializeDevices - Info - Initializing: Press_Sample_Ch
12/03/19 - 16:37:10.577 - DevicePool.initializeDevices - Info - Initializing: Diodes_Sum_Intensity
12/03/19 - 16:37:10.578 - DevicePool.initializeDevices - Info - Initializing: VH_Diode
12/03/19 - 16:37:10.578 - DevicePool.initializeDevices - Info - Initializing: SEC_el_x
12/03/19 - 16:37:10.667 - DevicePool.initializeDevices - Info - Initializing: SEC_el_y
12/03/19 - 16:37:10.761 - DevicePool.initializeDevices - Info - Initializing: SEC_el_y_Enc
12/03/19 - 16:37:10.762 - DevicePool.initializeDevices - Info - Initializing: SEC_el_x_Enc
12/03/19 - 16:37:10.762 - DevicePool.initializeDevices - Info - Initializing: Diode_1
12/03/19 - 16:37:10.774 - DevicePool.initializeDevices - Info - Initializing: Diode_2
12/03/19 - 16:37:10.786 - DevicePool.initializeDevices - Info - Initializing: Diode_3
12/03/19 - 16:37:10.798 - DevicePool.initializeDevices - Info - Initializing: Diode_4
12/03/19 - 16:37:10.809 - DevicePool.initializeDevices - Info - Initializing: Filter1
12/03/19 - 16:37:10.898 - DevicePool.initializeDevices - Info - Initializing: Filter2
12/03/19 - 16:37:10.988 - DevicePool.initializeDevices - Info - Initializing: BPM2_Vert_Profile
12/03/19 - 16:37:10.999 - DevicePool.initializeDevices - Info - Initializing: BPM2_Profile_Size
12/03/19 - 16:37:11.011 - DevicePool.initializeDevices - Info - Initializing: ring_current
12/03/19 - 16:37:11.025 - DevicePool.initializeDevices - Info - Initializing: AUX_countdown
12/03/19 - 16:37:11.036 - DevicePool.initializeDevices - Info - Initializing: AUX_status
12/03/19 - 16:37:11.489 - DevicePool.initialize - Info - Finished DevicePool initialization
12/03/19 - 16:37:11.492 - ScriptManager.<init> - Info - Initializing ScriptManager
12/03/19 - 16:37:11.497 - ScriptManager.<init> - Info - Finished ScriptManager initialization
12/03/19 - 16:37:11.796 - Context.lambda$restart$1 - Info - Executed startup script
12/03/19 - 16:37:11.938 - DevicePool.addDevice - Info - Adding device: GE_BG_Image
12/03/19 - 16:37:11.938 - DevicePool.addDevice - Info - Adding device: GE_ROI_Image
12/03/19 - 16:37:11.939 - DevicePool.addDevice - Info - Adding device: GE_Raw_Image
12/03/19 - 16:37:12.970 - Context.lambda$restart$1 - Info - Executed local startup script
12/03/19 - 16:37:34.977 - Context.onCommand - Info - Eval: pink.ge_SEC_EL_zigzag_scan(2, 2400, 800, 4, 7000, -70, 10) (ui)
12/03/19 - 16:37:35.978 - Context.onCommand - Info - Set Preference: STATUS, Background saving... (ui)
12/03/19 - 16:37:40.398 - Context.onCommand - Info - Set Preference: STATUS, Background saved (ui)
12/03/19 - 16:37:41.276 - Context.onCommand - Info - Set Preference: STATUS, Running scan... (ui)
12/03/19 - 16:37:41.336 - Context.onCommand - Info - Set Preference: STATUS, Running zigzag scan... (ui)
12/03/19 - 16:38:12.562 - Context.onCommand - Info - Eval: :abort (ui)
12/03/19 - 16:38:12.562 - Context.onCommand - Info - Abort (ui)
12/03/19 - 16:38:12.562 - ScriptManager.abort - Info - Aborting
12/03/19 - 16:38:28.400 - Context.onCommand - Info - Eval:  (ui)
12/03/19 - 16:38:28.544 - Context.onCommand - Info - Eval:  (ui)
12/03/19 - 16:40:09.618 - Context.onCommand - Info - Restart (ui)
