30/01/19 - 15:12:22.078 - Context.restart - Info - Initializing context
30/01/19 - 15:12:22.080 - DataManager.initialize - Info - Initializing DataManager
30/01/19 - 15:12:22.083 - DataManager.initialize - Info - Finished DataManager initialization
30/01/19 - 15:12:22.084 - Context.restart - Info - Loading Device Pool
30/01/19 - 15:12:22.084 - DevicePool.initialize - Info - Initializing DevicePool
30/01/19 - 15:12:22.086 - DevicePool.initializeDevices - Info - Initializing: IZero_Profile
30/01/19 - 15:12:22.135 - DevicePool.initializeDevices - Info - Initializing: IZero
30/01/19 - 15:12:22.148 - DevicePool.initializeDevices - Info - Initializing: TFY_Profile
30/01/19 - 15:12:22.152 - DevicePool.initializeDevices - Info - Initializing: TFY
30/01/19 - 15:12:22.166 - DevicePool.initializeDevices - Info - Initializing: GE_AreaDet
30/01/19 - 15:12:22.346 - DevicePool.initializeDevices - Info - Initializing: GE_FrameID
30/01/19 - 15:12:22.347 - DevicePool.initializeDevices - Info - Initializing: GE_Raw_Array
30/01/19 - 15:12:22.374 - GE_Raw_Array channel.doSetMonitored - Severe - java.lang.IllegalArgumentException: Size of the monitor exceeds maxArrayBytes (270000 * 8 > 16384)
Stack trace:
java.lang.IllegalArgumentException: Size of the monitor exceeds maxArrayBytes (270000 * 8 > 16384)
	at gov.aps.jca.Channel.checkMonitorSize(Channel.java:681)
	at com.cosylab.epics.caj.CAJChannel.addMonitor(CAJChannel.java:1042)
	at ch.psi.jcae.impl.DefaultChannel.attachMonitor(DefaultChannel.java:499)
	at ch.psi.jcae.impl.DefaultChannel.setMonitored(DefaultChannel.java:454)
	at ch.psi.pshell.epics.EpicsRegister.doSetMonitored(EpicsRegister.java:134)
	at ch.psi.pshell.device.GenericDeviceBase.setMonitored(GenericDeviceBase.java:248)
	at ch.psi.pshell.device.DeviceBase.doSetMonitored(DeviceBase.java:659)
	at ch.psi.pshell.device.GenericDeviceBase.setMonitored(GenericDeviceBase.java:248)
	at ch.psi.pshell.core.DevicePool.applyDeviceAttributes(DevicePool.java:529)
	at ch.psi.pshell.core.DevicePool.applyDeviceAttributes(DevicePool.java:520)
	at ch.psi.pshell.core.DevicePool.initialize(DevicePool.java:44)
	at ch.psi.pshell.core.Context.restart(Context.java:985)
	at ch.psi.pshell.core.Context.restart(Context.java:2952)
	at ch.psi.pshell.ui.Task$Restart.doInBackground(Task.java:368)
	at ch.psi.pshell.ui.Task$Restart.doInBackground(Task.java:358)
	at javax.swing.SwingWorker$1.call(SwingWorker.java:295)
	at java.util.concurrent.FutureTask.run(FutureTask.java:266)
	at javax.swing.SwingWorker.run(SwingWorker.java:334)
	at java.util.concurrent.ThreadPoolExecutor.runWorker(ThreadPoolExecutor.java:1149)
	at java.util.concurrent.ThreadPoolExecutor$Worker.run(ThreadPoolExecutor.java:624)
	at java.lang.Thread.run(Thread.java:748)

30/01/19 - 15:12:22.376 - DevicePool.initialize - Info - Finished DevicePool initialization
30/01/19 - 15:12:22.385 - ScriptManager.<init> - Info - Initializing ScriptManager
30/01/19 - 15:12:22.395 - ScriptManager.<init> - Info - Finished ScriptManager initialization
30/01/19 - 15:12:22.745 - Context.lambda$restart$1 - Info - Executed startup script
30/01/19 - 15:12:22.767 - Context.lambda$restart$1 - Info - Executed local startup script
30/01/19 - 15:12:40.797 - Context.onCommand - Info - Restart (ui)
