14/01/19 - 10:31:30.736 - Context.<init> - Info - Process: 6486@pink-vm10
14/01/19 - 10:31:30.738 - Context.<init> - Info - Context: unknown
14/01/19 - 10:31:30.738 - Context.<init> - Info - Pars: /home/nilson/PShell/pshell-1.10.0-fat.jar -home=/home/nilson/PShell/home -dlaf
14/01/19 - 10:31:30.738 - Context.<init> - Info - User: nilson
14/01/19 - 10:31:30.739 - Context.<init> - Info - Host: pink-vm10
14/01/19 - 10:31:30.759 - PluginManager.loadExtensionsFolder - Info - Loading extensions folder
14/01/19 - 10:31:30.760 - DataManager.initialize - Info - Initializing DataManager
14/01/19 - 10:31:30.769 - DataManager.setProvider - Info - Setting data provider: ch.psi.pshell.data.ProviderHDF5
14/01/19 - 10:31:30.771 - DataManager.setLayout - Info - Setting data layout: ch.psi.pshell.data.LayoutDefault
14/01/19 - 10:31:30.773 - DataManager.initialize - Info - Finished DataManager initialization
14/01/19 - 10:31:30.773 - App.startup - Info - Version: 1.10-SNAPSHOT (build 1812200927-py)
14/01/19 - 10:31:30.775 - App.startup - Info - Create workbench
14/01/19 - 10:31:32.136 - PluginManager.loadPluginFolder - Info - Loading plugins folder
14/01/19 - 10:31:32.142 - PluginManager.loadPlugin - Info - Load plugin: /home/nilson/PShell/home/plugins/pp2.java
14/01/19 - 10:31:32.153 - PluginManager.loadPlugin - Info - Load plugin: /home/nilson/PShell/home/plugins/pp1.java
14/01/19 - 10:31:32.175 - PluginManager.startPlugins - Info - Start plugins
14/01/19 - 10:31:32.179 - PluginManager.startPlugin - Info - Started plugin: pp2.java
14/01/19 - 10:31:32.180 - PluginManager.startPlugin - Info - Started plugin: pp1.java
14/01/19 - 10:31:32.182 - Context.onCommand - Info - Restart (ui)
14/01/19 - 10:31:32.196 - Context.restart - Info - Initializing context
14/01/19 - 10:31:32.198 - Context.onUserChange - Info - User: Default [administrator] *
14/01/19 - 10:31:32.200 - Context.restart - Info - Loading Device Pool
14/01/19 - 10:31:32.200 - DevicePool.initialize - Info - Initializing DevicePool
14/01/19 - 10:31:32.256 - ScriptManager.<init> - Info - Initializing ScriptManager
14/01/19 - 10:31:32.699 - ScriptManager.<init> - Info - Finished ScriptManager initialization
14/01/19 - 10:31:34.671 - Context.lambda$restart$1 - Info - Executed startup script
14/01/19 - 10:31:34.675 - Context.lambda$restart$1 - Info - Executed local startup script
14/01/19 - 10:35:23.885 - Context.onCommand - Info - Eval: run("wrapper") (ui)
14/01/19 - 10:39:15.130 - App.exit - Info - Aplication exit command by: MainFrame
14/01/19 - 10:39:15.138 - Context.close - Info - Close
14/01/19 - 10:39:15.139 - PluginManager.stopPlugins - Info - Stop plugins
14/01/19 - 10:39:15.140 - PluginManager.stopPlugin - Info - Stopped plugin: pp2.java
14/01/19 - 10:39:15.141 - PluginManager.stopPlugin - Info - Stopped plugin: pp1.java
14/01/19 - 10:39:15.218 - App.end - Info - Finished
