05/03/19 - 14:32:20.473 - Context.restart - Info - Initializing context
05/03/19 - 14:32:20.475 - DataManager.initialize - Info - Initializing DataManager
05/03/19 - 14:32:20.477 - DataManager.initialize - Info - Finished DataManager initialization
05/03/19 - 14:32:20.478 - Context.restart - Info - Loading Device Pool
05/03/19 - 14:32:20.478 - DevicePool.initialize - Info - Initializing DevicePool
05/03/19 - 14:32:20.481 - DevicePool.initializeDevices - Info - Initializing: U17_Gap_Set
05/03/19 - 14:32:20.498 - DevicePool.initializeDevices - Info - Initializing: U17_Gap_Status
05/03/19 - 14:32:20.519 - DevicePool.initializeDevices - Info - Initializing: TFY
05/03/19 - 14:32:20.531 - DevicePool.initializeDevices - Info - Initializing: Diodes_Sum_Intensity
05/03/19 - 14:32:20.542 - DevicePool.initializeDevices - Info - Initializing: Sample_Vert
05/03/19 - 14:32:20.635 - DevicePool.initializeDevices - Info - Initializing: Diode_1
05/03/19 - 14:32:20.646 - DevicePool.initializeDevices - Info - Initializing: Diode_2
05/03/19 - 14:32:20.658 - DevicePool.initializeDevices - Info - Initializing: Diode_3
05/03/19 - 14:32:20.669 - DevicePool.initializeDevices - Info - Initializing: Diode_4
05/03/19 - 14:32:20.681 - DevicePool.initializeDevices - Info - Initializing: Filter1
05/03/19 - 14:32:20.773 - DevicePool.initializeDevices - Info - Initializing: Filter2
05/03/19 - 14:32:20.868 - DevicePool.initializeDevices - Info - Initializing: BPM2_Vert_Profile
05/03/19 - 14:32:20.882 - DevicePool.initializeDevices - Info - Initializing: BPM2_Profile_Size
05/03/19 - 14:32:20.935 - DevicePool.initialize - Info - Finished DevicePool initialization
05/03/19 - 14:32:20.939 - ScriptManager.<init> - Info - Initializing ScriptManager
05/03/19 - 14:32:20.945 - ScriptManager.<init> - Info - Finished ScriptManager initialization
05/03/19 - 14:32:21.227 - Context.lambda$restart$1 - Info - Executed startup script
05/03/19 - 14:32:21.340 - Context.lambda$restart$1 - Info - Executed local startup script
05/03/19 - 14:32:29.412 - Context.onCommand - Info - Eval: add_device(ch.psi.pshell.epics.ChannelDouble("U17GAP","U17IT6R:BasePmGap.A"), "Read", True) (ui)
05/03/19 - 14:32:45.617 - Context.onCommand - Info - Eval: add_device(ch.psi.pshell.epics.ChannelDouble("U17GAP","U17IT6R:BasePmGap.A"), "Read") (ui)
05/03/19 - 14:32:45.626 - DevicePool.addDevice - Info - Adding device: U17GAP
05/03/19 - 14:33:28.294 - Context.onCommand - Info - Eval: U17GAP.setMonitored(True) (ui)
05/03/19 - 14:33:46.935 - Context.onCommand - Info - Restart (ui)
