14/01/19 - 18:01:19.185 - Context.<init> - Info - Process: 8414@pink-vm10
14/01/19 - 18:01:19.187 - Context.<init> - Info - Context: unknown
14/01/19 - 18:01:19.187 - Context.<init> - Info - Pars: /home/nilson/PShell/pshell-1.10.0-fat.jar -home=/home/nilson/PShell/home -dlaf -l
14/01/19 - 18:01:19.187 - Context.<init> - Info - User: nilson
14/01/19 - 18:01:19.188 - Context.<init> - Info - Host: pink-vm10
14/01/19 - 18:01:19.208 - PluginManager.loadExtensionsFolder - Info - Loading extensions folder
14/01/19 - 18:01:19.209 - DataManager.initialize - Info - Initializing DataManager
14/01/19 - 18:01:19.218 - DataManager.setProvider - Info - Setting data provider: ch.psi.pshell.data.ProviderHDF5
14/01/19 - 18:01:19.221 - DataManager.setLayout - Info - Setting data layout: ch.psi.pshell.data.LayoutDefault
14/01/19 - 18:01:19.222 - DataManager.initialize - Info - Finished DataManager initialization
14/01/19 - 18:01:19.223 - App.startup - Info - Version: 1.10-SNAPSHOT (build 1812200927-py)
14/01/19 - 18:01:19.225 - App.startup - Info - Create workbench
14/01/19 - 18:01:20.081 - Context.onCreation - Warning - Local mode
14/01/19 - 18:01:20.088 - PluginManager.loadPluginFolder - Info - Loading plugins folder
14/01/19 - 18:01:20.091 - PluginManager.loadPlugin - Info - Load plugin: /home/nilson/PShell/home/plugins/pp3.java
14/01/19 - 18:01:20.141 - PluginManager.startPlugins - Info - Start plugins
14/01/19 - 18:01:20.144 - PluginManager.startPlugin - Info - Started plugin: pp3.java
14/01/19 - 18:01:20.146 - Context.onCommand - Info - Restart (ui)
14/01/19 - 18:01:20.168 - Context.restart - Info - Initializing context
14/01/19 - 18:01:20.173 - Context.onUserChange - Info - User: Default [administrator] *
14/01/19 - 18:01:20.176 - Context.restart - Info - Loading Device Pool
14/01/19 - 18:01:20.176 - DevicePool.initialize - Info - Initializing DevicePool
14/01/19 - 18:01:20.233 - ScriptManager.<init> - Info - Initializing ScriptManager
14/01/19 - 18:01:20.649 - ScriptManager.<init> - Info - Finished ScriptManager initialization
14/01/19 - 18:01:22.577 - Context.lambda$restart$1 - Info - Executed startup script
14/01/19 - 18:01:22.581 - Context.lambda$restart$1 - Info - Executed local startup script
14/01/19 - 18:01:27.790 - App.exit - Info - Aplication exit command by: MainFrame
14/01/19 - 18:01:27.791 - Context.close - Info - Close
14/01/19 - 18:01:27.792 - PluginManager.stopPlugins - Info - Stop plugins
14/01/19 - 18:01:27.793 - PluginManager.stopPlugin - Info - Stopped plugin: pp3.java
14/01/19 - 18:01:27.799 - App.end - Info - Finished
