06/03/19 - 10:58:42.873 - Context.restart - Info - Initializing context
06/03/19 - 10:58:42.874 - DataManager.initialize - Info - Initializing DataManager
06/03/19 - 10:58:42.876 - DataManager.initialize - Info - Finished DataManager initialization
06/03/19 - 10:58:42.876 - Context.restart - Info - Loading Device Pool
06/03/19 - 10:58:42.876 - DevicePool.initialize - Info - Initializing DevicePool
06/03/19 - 10:58:42.880 - DevicePool.initializeDevices - Info - Initializing: IZero_Profile
06/03/19 - 10:58:42.918 - DevicePool.initializeDevices - Info - Initializing: U17_Gap_RBV
06/03/19 - 10:58:42.930 - DevicePool.initializeDevices - Info - Initializing: U17_Gap_Set
06/03/19 - 10:58:42.941 - DevicePool.initializeDevices - Info - Initializing: U17_Gap_Status
06/03/19 - 10:58:42.963 - DevicePool.initializeDevices - Info - Initializing: IZero
06/03/19 - 10:58:42.982 - DevicePool.initializeDevices - Info - Initializing: TFY_Profile
06/03/19 - 10:58:43.024 - DevicePool.initializeDevices - Info - Initializing: TFY
06/03/19 - 10:58:43.036 - DevicePool.initializeDevices - Info - Initializing: GE_AreaDet
06/03/19 - 10:58:43.187 - DevicePool.initializeDevices - Info - Initializing: GE_FrameID
06/03/19 - 10:58:43.188 - DevicePool.initializeDevices - Info - Initializing: GE_Raw_Imaging
06/03/19 - 10:58:43.188 - DevicePool.initializeDevices - Info - Initializing: GE_Raw_Array
06/03/19 - 10:58:43.189 - DevicePool.initializeDevices - Info - Initializing: GE_BG_Array
06/03/19 - 10:58:43.240 - DevicePool.initializeDevices - Info - Initializing: GE_BG_SizeY
06/03/19 - 10:58:43.240 - DevicePool.initializeDevices - Info - Initializing: GE_BG_SizeX
06/03/19 - 10:58:43.241 - DevicePool.initializeDevices - Info - Initializing: GE_ROI_Array
06/03/19 - 10:58:43.274 - DevicePool.initializeDevices - Info - Initializing: GE_ROI_SizeY
06/03/19 - 10:58:43.286 - DevicePool.initializeDevices - Info - Initializing: GE_ROI_SizeX
06/03/19 - 10:58:43.297 - DevicePool.initializeDevices - Info - Initializing: GE_ROI_Line
06/03/19 - 10:58:43.308 - DevicePool.initializeDevices - Info - Initializing: GE_Spectrum
06/03/19 - 10:58:43.343 - DevicePool.initializeDevices - Info - Initializing: GE_Spectrum_Sum
06/03/19 - 10:58:43.378 - DevicePool.initializeDevices - Info - Initializing: GE_Spectrum_Conv
06/03/19 - 10:58:43.391 - DevicePool.initializeDevices - Info - Initializing: GE_Sensor_Temp
06/03/19 - 10:58:43.403 - DevicePool.initializeDevices - Info - Initializing: Scan_Progress
06/03/19 - 10:58:43.414 - DevicePool.initializeDevices - Info - Initializing: Press_Diag_PV
06/03/19 - 10:58:43.427 - DevicePool.initializeDevices - Info - Initializing: Press_Diag_HV
06/03/19 - 10:58:43.438 - DevicePool.initializeDevices - Info - Initializing: Press_Spec_PV
06/03/19 - 10:58:43.450 - DevicePool.initializeDevices - Info - Initializing: Press_Spec_HV
06/03/19 - 10:58:43.462 - DevicePool.initializeDevices - Info - Initializing: Press_Sample_Ch
06/03/19 - 10:58:43.474 - DevicePool.initializeDevices - Info - Initializing: Diodes_Sum_Intensity
06/03/19 - 10:58:43.475 - DevicePool.initializeDevices - Info - Initializing: VH_Diode
06/03/19 - 10:58:43.475 - DevicePool.initializeDevices - Info - Initializing: SEC_el_x
06/03/19 - 10:58:43.565 - DevicePool.initializeDevices - Info - Initializing: SEC_el_y
06/03/19 - 10:58:43.656 - DevicePool.initializeDevices - Info - Initializing: SEC_el_y_Enc
06/03/19 - 10:58:43.657 - DevicePool.initializeDevices - Info - Initializing: SEC_el_x_Enc
06/03/19 - 10:58:43.657 - DevicePool.initializeDevices - Info - Initializing: Diode_1
06/03/19 - 10:58:43.669 - DevicePool.initializeDevices - Info - Initializing: Diode_2
06/03/19 - 10:58:43.681 - DevicePool.initializeDevices - Info - Initializing: Diode_3
06/03/19 - 10:58:43.692 - DevicePool.initializeDevices - Info - Initializing: Diode_4
06/03/19 - 10:58:43.704 - DevicePool.initializeDevices - Info - Initializing: Filter1
06/03/19 - 10:58:43.793 - DevicePool.initializeDevices - Info - Initializing: Filter2
06/03/19 - 10:58:43.883 - DevicePool.initializeDevices - Info - Initializing: BPM2_Vert_Profile
06/03/19 - 10:58:43.895 - DevicePool.initializeDevices - Info - Initializing: BPM2_Profile_Size
06/03/19 - 10:58:44.287 - DevicePool.initialize - Info - Finished DevicePool initialization
06/03/19 - 10:58:44.289 - ScriptManager.<init> - Info - Initializing ScriptManager
06/03/19 - 10:58:44.294 - ScriptManager.<init> - Info - Finished ScriptManager initialization
06/03/19 - 10:58:44.552 - Context.lambda$restart$1 - Info - Executed startup script
06/03/19 - 10:58:44.685 - DevicePool.addDevice - Info - Adding device: GE_BG_Image
06/03/19 - 10:58:44.685 - DevicePool.addDevice - Info - Adding device: GE_ROI_Image
06/03/19 - 10:58:44.685 - DevicePool.addDevice - Info - Adding device: GE_Raw_Image
06/03/19 - 10:58:45.690 - Context.lambda$restart$1 - Info - Executed local startup script
06/03/19 - 10:59:13.420 - Context.onCommand - Info - Restart (ui)
