14/02/19 - 16:33:46.996 - Context.restart - Info - Initializing context
14/02/19 - 16:33:46.998 - DataManager.initialize - Info - Initializing DataManager
14/02/19 - 16:33:46.999 - DataManager.initialize - Info - Finished DataManager initialization
14/02/19 - 16:33:46.999 - Context.restart - Info - Loading Device Pool
14/02/19 - 16:33:46.999 - DevicePool.initialize - Info - Initializing DevicePool
14/02/19 - 16:33:47.001 - DevicePool.initializeDevices - Info - Initializing: U17_Gap_RBV
14/02/19 - 16:33:47.022 - DevicePool.initializeDevices - Info - Initializing: U17_Gap_Set
14/02/19 - 16:33:47.034 - DevicePool.initializeDevices - Info - Initializing: U17_Gap_Exec
14/02/19 - 16:33:47.046 - DevicePool.initializeDevices - Info - Initializing: Diodes_Sum_Intensity
14/02/19 - 16:33:47.058 - DevicePool.initializeDevices - Info - Initializing: Filter1
14/02/19 - 16:33:47.069 - DevicePool.initializeDevices - Info - Initializing: Filter1_RBV
14/02/19 - 16:33:47.081 - DevicePool.initializeDevices - Info - Initializing: Filter2
14/02/19 - 16:33:47.094 - DevicePool.initializeDevices - Info - Initializing: Filter2_RBV
14/02/19 - 16:33:47.106 - DevicePool.initializeDevices - Info - Initializing: BPM2_Vert_Profile
14/02/19 - 16:33:47.120 - DevicePool.initializeDevices - Info - Initializing: BPM2_Profile_Size
14/02/19 - 16:33:47.176 - DevicePool.initialize - Info - Finished DevicePool initialization
14/02/19 - 16:33:47.181 - ScriptManager.<init> - Info - Initializing ScriptManager
14/02/19 - 16:33:47.187 - ScriptManager.<init> - Info - Finished ScriptManager initialization
14/02/19 - 16:33:47.603 - Context.lambda$restart$1 - Info - Executed startup script
14/02/19 - 16:33:47.710 - Context.lambda$restart$1 - Info - Executed local startup script
14/02/19 - 16:35:57.176 - Context.onCommand - Info - Restart (ui)
