06/03/19 - 11:12:09.852 - Context.restart - Info - Initializing context
06/03/19 - 11:12:09.853 - DataManager.initialize - Info - Initializing DataManager
06/03/19 - 11:12:09.855 - DataManager.initialize - Info - Finished DataManager initialization
06/03/19 - 11:12:09.855 - Context.restart - Info - Loading Device Pool
06/03/19 - 11:12:09.855 - DevicePool.initialize - Info - Initializing DevicePool
06/03/19 - 11:12:09.858 - DevicePoolPanel.update - Info - java.lang.ArrayIndexOutOfBoundsException: 25 >= 25
Stack trace:
java.lang.ArrayIndexOutOfBoundsException: 25 >= 25
	at java.util.Vector.elementAt(Vector.java:477)
	at javax.swing.table.DefaultTableModel.setValueAt(DefaultTableModel.java:664)
	at ch.psi.pshell.swing.DevicePoolPanel.update(DevicePoolPanel.java:416)
	at ch.psi.pshell.ui.View.updateStatusPanels(View.java:1033)
	at ch.psi.pshell.ui.View.onTimer(View.java:1007)
	at ch.psi.utils.swing.MainFrame.lambda$new$1(MainFrame.java:106)
	at javax.swing.Timer.fireActionPerformed(Timer.java:313)
	at javax.swing.Timer$DoPostEvent.run(Timer.java:245)
	at java.awt.event.InvocationEvent.dispatch(InvocationEvent.java:311)
	at java.awt.EventQueue.dispatchEventImpl(EventQueue.java:758)
	at java.awt.EventQueue.access$500(EventQueue.java:97)
	at java.awt.EventQueue$3.run(EventQueue.java:709)
	at java.awt.EventQueue$3.run(EventQueue.java:703)
	at java.security.AccessController.doPrivileged(Native Method)
	at java.security.ProtectionDomain$JavaSecurityAccessImpl.doIntersectionPrivilege(ProtectionDomain.java:74)
	at java.awt.EventQueue.dispatchEvent(EventQueue.java:728)
	at java.awt.EventDispatchThread.pumpOneEventForFilters(EventDispatchThread.java:205)
	at java.awt.EventDispatchThread.pumpEventsForFilter(EventDispatchThread.java:116)
	at java.awt.EventDispatchThread.pumpEventsForHierarchy(EventDispatchThread.java:105)
	at java.awt.EventDispatchThread.pumpEvents(EventDispatchThread.java:101)
	at java.awt.EventDispatchThread.pumpEvents(EventDispatchThread.java:93)
	at java.awt.EventDispatchThread.run(EventDispatchThread.java:82)

06/03/19 - 11:12:09.860 - DevicePool.initializeDevices - Info - Initializing: IZero_Profile
06/03/19 - 11:12:09.896 - DevicePool.initializeDevices - Info - Initializing: U17_Gap_RBV
06/03/19 - 11:12:09.908 - DevicePool.initializeDevices - Info - Initializing: U17_Gap_Set
06/03/19 - 11:12:09.920 - DevicePool.initializeDevices - Info - Initializing: U17_Gap_Status
06/03/19 - 11:12:09.942 - DevicePool.initializeDevices - Info - Initializing: IZero
06/03/19 - 11:12:09.961 - DevicePool.initializeDevices - Info - Initializing: TFY_Profile
06/03/19 - 11:12:10.015 - DevicePool.initializeDevices - Info - Initializing: TFY
06/03/19 - 11:12:10.027 - DevicePool.initializeDevices - Info - Initializing: GE_AreaDet
06/03/19 - 11:12:10.173 - DevicePool.initializeDevices - Info - Initializing: GE_FrameID
06/03/19 - 11:12:10.174 - DevicePool.initializeDevices - Info - Initializing: GE_Raw_Imaging
06/03/19 - 11:12:10.175 - DevicePool.initializeDevices - Info - Initializing: GE_Raw_Array
06/03/19 - 11:12:10.176 - DevicePool.initializeDevices - Info - Initializing: GE_BG_Array
06/03/19 - 11:12:10.222 - DevicePool.initializeDevices - Info - Initializing: GE_BG_SizeY
06/03/19 - 11:12:10.223 - DevicePool.initializeDevices - Info - Initializing: GE_BG_SizeX
06/03/19 - 11:12:10.223 - DevicePool.initializeDevices - Info - Initializing: GE_ROI_Array
06/03/19 - 11:12:10.261 - DevicePool.initializeDevices - Info - Initializing: GE_ROI_SizeY
06/03/19 - 11:12:10.272 - DevicePool.initializeDevices - Info - Initializing: GE_ROI_SizeX
06/03/19 - 11:12:10.284 - DevicePool.initializeDevices - Info - Initializing: GE_ROI_Line
06/03/19 - 11:12:10.296 - DevicePool.initializeDevices - Info - Initializing: GE_Spectrum
06/03/19 - 11:12:10.331 - DevicePool.initializeDevices - Info - Initializing: GE_Spectrum_Sum
06/03/19 - 11:12:10.366 - DevicePool.initializeDevices - Info - Initializing: GE_Spectrum_Conv
06/03/19 - 11:12:10.377 - DevicePool.initializeDevices - Info - Initializing: GE_Sensor_Temp
06/03/19 - 11:12:10.389 - DevicePool.initializeDevices - Info - Initializing: Scan_Progress
06/03/19 - 11:12:10.400 - DevicePool.initializeDevices - Info - Initializing: Press_Diag_PV
06/03/19 - 11:12:10.413 - DevicePool.initializeDevices - Info - Initializing: Press_Diag_HV
06/03/19 - 11:12:10.424 - DevicePool.initializeDevices - Info - Initializing: Press_Spec_PV
06/03/19 - 11:12:10.436 - DevicePool.initializeDevices - Info - Initializing: Press_Spec_HV
06/03/19 - 11:12:10.448 - DevicePool.initializeDevices - Info - Initializing: Press_Sample_Ch
06/03/19 - 11:12:10.459 - DevicePool.initializeDevices - Info - Initializing: Diodes_Sum_Intensity
06/03/19 - 11:12:10.460 - DevicePool.initializeDevices - Info - Initializing: VH_Diode
06/03/19 - 11:12:10.461 - DevicePool.initializeDevices - Info - Initializing: SEC_el_x
06/03/19 - 11:12:10.551 - DevicePool.initializeDevices - Info - Initializing: SEC_el_y
06/03/19 - 11:12:10.642 - DevicePool.initializeDevices - Info - Initializing: SEC_el_y_Enc
06/03/19 - 11:12:10.643 - DevicePool.initializeDevices - Info - Initializing: SEC_el_x_Enc
06/03/19 - 11:12:10.644 - DevicePool.initializeDevices - Info - Initializing: Diode_1
06/03/19 - 11:12:10.656 - DevicePool.initializeDevices - Info - Initializing: Diode_2
06/03/19 - 11:12:10.667 - DevicePool.initializeDevices - Info - Initializing: Diode_3
06/03/19 - 11:12:10.679 - DevicePool.initializeDevices - Info - Initializing: Diode_4
06/03/19 - 11:12:10.691 - DevicePool.initializeDevices - Info - Initializing: Filter1
06/03/19 - 11:12:10.781 - DevicePool.initializeDevices - Info - Initializing: Filter2
06/03/19 - 11:12:10.869 - DevicePool.initializeDevices - Info - Initializing: BPM2_Vert_Profile
06/03/19 - 11:12:10.882 - DevicePool.initializeDevices - Info - Initializing: BPM2_Profile_Size
06/03/19 - 11:12:10.894 - DevicePool.initializeDevices - Info - Initializing: ring_current
06/03/19 - 11:12:11.228 - DevicePool.initialize - Info - Finished DevicePool initialization
06/03/19 - 11:12:11.229 - ScriptManager.<init> - Info - Initializing ScriptManager
06/03/19 - 11:12:11.232 - ScriptManager.<init> - Info - Finished ScriptManager initialization
06/03/19 - 11:12:11.485 - Context.lambda$restart$1 - Info - Executed startup script
06/03/19 - 11:12:11.620 - DevicePool.addDevice - Info - Adding device: GE_BG_Image
06/03/19 - 11:12:11.620 - DevicePool.addDevice - Info - Adding device: GE_ROI_Image
06/03/19 - 11:12:11.620 - DevicePool.addDevice - Info - Adding device: GE_Raw_Image
06/03/19 - 11:12:12.625 - Context.lambda$restart$1 - Info - Executed local startup script
06/03/19 - 11:12:23.190 - Context.onCommand - Info - Eval: pink.ge_spot(exposure=2, images=5) (ui)
06/03/19 - 11:12:52.406 - Context.onCommand - Info - Eval:  (ui)
06/03/19 - 11:22:30.731 - Context.onCommand - Info - Restart (ui)
