30/01/19 - 10:04:14.194 - Context.<init> - Info - Process: 3505@pink-vm10
30/01/19 - 10:04:14.195 - Context.<init> - Info - Context: unknown
30/01/19 - 10:04:14.196 - Context.<init> - Info - Pars: /home/nilson/PShell/pshell-1.10.0-fat.jar -home=/home/nilson/PShell/pshellcontrol/home -dlaf
30/01/19 - 10:04:14.196 - Context.<init> - Info - User: nilson
30/01/19 - 10:04:14.196 - Context.<init> - Info - Host: pink-vm10
30/01/19 - 10:04:14.216 - PluginManager.loadExtensionsFolder - Info - Loading extensions folder
30/01/19 - 10:04:14.218 - DataManager.initialize - Info - Initializing DataManager
30/01/19 - 10:04:14.226 - DataManager.setProvider - Info - Setting data provider: ch.psi.pshell.data.ProviderHDF5
30/01/19 - 10:04:14.228 - DataManager.setLayout - Info - Setting data layout: ch.psi.pshell.data.LayoutDefault
30/01/19 - 10:04:14.231 - DataManager.initialize - Info - Finished DataManager initialization
30/01/19 - 10:04:14.231 - App.startup - Info - Version: 1.10-SNAPSHOT (build 1812200927-py)
30/01/19 - 10:04:14.233 - App.startup - Info - Create workbench
30/01/19 - 10:04:15.322 - PluginManager.loadPluginFolder - Info - Loading plugins folder
30/01/19 - 10:04:15.327 - PluginManager.startPlugins - Info - Start plugins
30/01/19 - 10:04:15.328 - Context.onCommand - Info - Restart (ui)
30/01/19 - 10:04:15.342 - Context.restart - Info - Initializing context
30/01/19 - 10:04:15.344 - Context.onUserChange - Info - User: Default [administrator] *
30/01/19 - 10:04:15.346 - Context.restart - Info - Loading Device Pool
30/01/19 - 10:04:15.347 - DevicePool.initialize - Info - Initializing DevicePool
30/01/19 - 10:04:15.398 - ScriptManager.<init> - Info - Initializing ScriptManager
30/01/19 - 10:04:15.830 - ScriptManager.<init> - Info - Finished ScriptManager initialization
30/01/19 - 10:04:17.755 - Context.lambda$restart$1 - Info - Executed startup script
30/01/19 - 10:04:17.758 - Context.lambda$restart$1 - Info - Executed local startup script
30/01/19 - 10:07:53.435 - Context.onCommand - Info - Run: /home/nilson/Pinkdata/Control/PShell/shared/petra/GEYES_class.py (ui)
30/01/19 - 10:08:07.582 - Context.onCommand - Info - Eval: p = GEYES() (ui)
30/01/19 - 10:08:32.467 - Context.onCommand - Info - Eval: p.spot_test(1, 3, 2, 2) (ui)
30/01/19 - 10:10:25.142 - Context.onCommand - Info - Run: /home/nilson/Pinkdata/Control/PShell/shared/petra/GEYES_class.py (ui)
30/01/19 - 10:10:31.298 - Context.onCommand - Info - Eval: p = GEYES() (ui)
30/01/19 - 10:13:00.696 - Context.onCommand - Info - Run: /home/nilson/Pinkdata/Control/PShell/shared/petra/GEYES_class.py (ui)
30/01/19 - 10:13:04.211 - Context.onCommand - Info - Eval: p = GEYES() (ui)
30/01/19 - 10:13:58.746 - Context.onCommand - Info - Eval: p.spot_test(3, 6, 1, 20) (ui)
30/01/19 - 10:15:53.842 - Context.onCommand - Info - Eval:  (ui)
30/01/19 - 10:17:44.146 - Context.onCommand - Info - Eval: run("shared/geyes_class.py") (ui)
30/01/19 - 11:13:11.737 - Context.onCommand - Info - Run: local.py (ui)
30/01/19 - 11:13:22.688 - Context.onCommand - Info - Eval: p.ge_spot_test(X0, Y0, exposure, scans) (ui)
30/01/19 - 11:13:36.912 - Context.onCommand - Info - Eval: p.ge_spot_test(5,43, 1.23, 3) (ui)
30/01/19 - 11:15:37.785 - Context.onCommand - Info - Run: local.py (ui)
30/01/19 - 11:20:49.928 - App.exit - Info - Aplication exit command by: MainFrame
30/01/19 - 11:20:49.935 - Context.close - Info - Close
30/01/19 - 11:20:49.936 - PluginManager.stopPlugins - Info - Stop plugins
30/01/19 - 11:20:49.971 - App.end - Info - Finished
