14/02/19 - 18:19:47.613 - Context.restart - Info - Initializing context
14/02/19 - 18:19:47.616 - DataManager.initialize - Info - Initializing DataManager
14/02/19 - 18:19:47.617 - DataManager.initialize - Info - Finished DataManager initialization
14/02/19 - 18:19:47.618 - Context.restart - Info - Loading Device Pool
14/02/19 - 18:19:47.618 - DevicePool.initialize - Info - Initializing DevicePool
14/02/19 - 18:19:47.620 - DevicePool.initializeDevices - Info - Initializing: U17_Gap_RBV
14/02/19 - 18:19:47.637 - DevicePool.initializeDevices - Info - Initializing: U17_Gap_Set
14/02/19 - 18:19:47.649 - DevicePool.initializeDevices - Info - Initializing: U17_Gap_Exec
14/02/19 - 18:19:47.662 - DevicePool.initializeDevices - Info - Initializing: Diodes_Sum_Intensity
14/02/19 - 18:19:47.675 - DevicePool.initializeDevices - Info - Initializing: Filter1
14/02/19 - 18:19:47.687 - DevicePool.initializeDevices - Info - Initializing: Filter1_RBV
14/02/19 - 18:19:47.699 - DevicePool.initializeDevices - Info - Initializing: Filter2
14/02/19 - 18:19:47.711 - DevicePool.initializeDevices - Info - Initializing: Filter2_RBV
14/02/19 - 18:19:47.723 - DevicePool.initializeDevices - Info - Initializing: BPM2_Vert_Profile
14/02/19 - 18:19:47.735 - DevicePool.initializeDevices - Info - Initializing: BPM2_Profile_Size
14/02/19 - 18:19:47.784 - DevicePool.initialize - Info - Finished DevicePool initialization
14/02/19 - 18:19:47.785 - ScriptManager.<init> - Info - Initializing ScriptManager
14/02/19 - 18:19:47.786 - ScriptManager.<init> - Info - Finished ScriptManager initialization
14/02/19 - 18:19:48.101 - Context.lambda$restart$1 - Info - Executed startup script
14/02/19 - 18:19:48.185 - Context.lambda$restart$1 - Info - Executed local startup script
14/02/19 - 18:19:51.165 - Context.onCommand - Info - Eval: bpm.BPM3_Vertical_Profile() (ui)
14/02/19 - 18:20:15.214 - Context.onCommand - Info - Eval: bpm.BPM3_Vertical_Profile() (ui)
14/02/19 - 18:20:18.709 - Context.onCommand - Info - Restart (ui)
