01/03/19 - 09:55:46.001 - Context.restart - Info - Initializing context
01/03/19 - 09:55:46.003 - DataManager.initialize - Info - Initializing DataManager
01/03/19 - 09:55:46.005 - DataManager.initialize - Info - Finished DataManager initialization
01/03/19 - 09:55:46.006 - Context.restart - Info - Loading Device Pool
01/03/19 - 09:55:46.006 - DevicePool.initialize - Info - Initializing DevicePool
01/03/19 - 09:55:46.013 - DevicePool.initializeDevices - Info - Initializing: U17_Gap_RBV
01/03/19 - 09:55:46.034 - DevicePool.initializeDevices - Info - Initializing: U17_Gap_Set
01/03/19 - 09:55:46.045 - DevicePool.initializeDevices - Info - Initializing: U17_Gap_Exec
01/03/19 - 09:55:46.056 - DevicePool.initializeDevices - Info - Initializing: TFY
01/03/19 - 09:55:46.068 - DevicePool.initializeDevices - Info - Initializing: Diodes_Sum_Intensity
01/03/19 - 09:55:46.089 - DevicePool.initializeDevices - Info - Initializing: Sample_Vert
01/03/19 - 09:55:46.175 - DevicePool.initializeDevices - Info - Initializing: Diode_1
01/03/19 - 09:55:46.190 - DevicePool.initializeDevices - Info - Initializing: Diode_2
01/03/19 - 09:55:46.205 - DevicePool.initializeDevices - Info - Initializing: Diode_3
01/03/19 - 09:55:46.219 - DevicePool.initializeDevices - Info - Initializing: Diode_4
01/03/19 - 09:55:46.234 - DevicePool.initializeDevices - Info - Initializing: Filter1
01/03/19 - 09:55:46.322 - DevicePool.initializeDevices - Info - Initializing: Filter2
01/03/19 - 09:55:46.410 - DevicePool.initializeDevices - Info - Initializing: BPM2_Vert_Profile
01/03/19 - 09:55:46.428 - DevicePool.initializeDevices - Info - Initializing: BPM2_Profile_Size
01/03/19 - 09:55:46.444 - DevicePool.initializeDevices - Info - Initializing: Filter2_SIG
01/03/19 - 09:55:46.510 - DevicePool.initialize - Info - Finished DevicePool initialization
01/03/19 - 09:55:46.513 - ScriptManager.<init> - Info - Initializing ScriptManager
01/03/19 - 09:55:46.518 - ScriptManager.<init> - Info - Finished ScriptManager initialization
01/03/19 - 09:55:46.790 - Context.lambda$restart$1 - Info - Executed startup script
01/03/19 - 09:55:46.906 - Context.lambda$restart$1 - Info - Executed local startup script
01/03/19 - 10:35:15.601 - Context.onCommand - Info - Restart (ui)
