14/02/19 - 18:20:19.916 - Context.restart - Info - Initializing context
14/02/19 - 18:20:19.918 - DataManager.initialize - Info - Initializing DataManager
14/02/19 - 18:20:19.920 - DataManager.initialize - Info - Finished DataManager initialization
14/02/19 - 18:20:19.921 - Context.restart - Info - Loading Device Pool
14/02/19 - 18:20:19.921 - DevicePool.initialize - Info - Initializing DevicePool
14/02/19 - 18:20:19.927 - DevicePool.initializeDevices - Info - Initializing: U17_Gap_RBV
14/02/19 - 18:20:19.942 - DevicePool.initializeDevices - Info - Initializing: U17_Gap_Set
14/02/19 - 18:20:19.954 - DevicePool.initializeDevices - Info - Initializing: U17_Gap_Exec
14/02/19 - 18:20:19.966 - DevicePool.initializeDevices - Info - Initializing: Diodes_Sum_Intensity
14/02/19 - 18:20:19.978 - DevicePool.initializeDevices - Info - Initializing: Filter1
14/02/19 - 18:20:19.993 - DevicePool.initializeDevices - Info - Initializing: Filter1_RBV
14/02/19 - 18:20:20.006 - DevicePool.initializeDevices - Info - Initializing: Filter2
14/02/19 - 18:20:20.019 - DevicePool.initializeDevices - Info - Initializing: Filter2_RBV
14/02/19 - 18:20:20.032 - DevicePool.initializeDevices - Info - Initializing: BPM2_Vert_Profile
14/02/19 - 18:20:20.047 - DevicePool.initializeDevices - Info - Initializing: BPM2_Profile_Size
14/02/19 - 18:20:20.115 - DevicePool.initialize - Info - Finished DevicePool initialization
14/02/19 - 18:20:20.122 - ScriptManager.<init> - Info - Initializing ScriptManager
14/02/19 - 18:20:20.135 - ScriptManager.<init> - Info - Finished ScriptManager initialization
14/02/19 - 18:20:20.544 - Context.lambda$restart$1 - Info - Executed startup script
14/02/19 - 18:20:20.685 - Context.lambda$restart$1 - Info - Executed local startup script
14/02/19 - 18:20:21.830 - Context.onCommand - Info - Eval: bpm.BPM3_Vertical_Profile() (ui)
14/02/19 - 18:32:42.607 - Context.onCommand - Info - Restart (ui)
